OLECS VERSION = 14.20-p001 - Feb 11 2002 17:33:37
Messages from EDB ...Null connection to port error in instance page1_i2.
Messages from EDB ...Null connection to port q2 in instance page1_i60.
Messages from EDB ...Null connection to port \q2*  in instance page1_i60.
Messages from EDB ...Null connection to port q3 in instance page1_i60.
Messages from EDB ...Null connection to port \q3*  in instance page1_i60.
Messages from EDB ...Null connection to port q4 in instance page1_i60.
Messages from EDB ...Null connection to port \q4*  in instance page1_i60.
Messages from EDB ...Null connection to port q5 in instance page1_i60.
Messages from EDB ...Null connection to port \q5*  in instance page1_i60.
Messages from EDB ...Null connection to port q6 in instance page1_i60.
Messages from EDB ...Null connection to port \q6*  in instance page1_i60.
Messages from EDB ...Null connection to port q7 in instance page1_i60.
Messages from EDB ...Null connection to port \q7*  in instance page1_i60.
Messages from EDB ...Null connection to port q8 in instance page1_i60.
Messages from EDB ...Null connection to port \q8*  in instance page1_i60.
Messages from EDB ...Null connection to port a2 in instance page2_i2.
Messages from EDB ...Null connection to port a5 in instance page2_i2.
Messages from EDB ...Null connection to port a8 in instance page2_i2.
Messages from EDB ...Null connection to port a10 in instance page2_i2.
Messages from EDB ...Null connection to port a11 in instance page2_i2.
Messages from EDB ...Null connection to port a12 in instance page2_i2.
Messages from EDB ...Null connection to port a13 in instance page2_i2.
Messages from EDB ...Null connection to port a14 in instance page2_i2.
Messages from EDB ...Null connection to port a15 in instance page2_i2.
Messages from EDB ...Null connection to port a16 in instance page2_i2.
Messages from EDB ...Null connection to port a17 in instance page2_i2.
Messages from EDB ...Null connection to port a18 in instance page2_i2.
Messages from EDB ...Null connection to port a19 in instance page2_i2.
Messages from EDB ...Null connection to port a20 in instance page2_i2.
Messages from EDB ...Null connection to port a21 in instance page2_i2.
Messages from EDB ...Null connection to port a22 in instance page2_i2.
Messages from EDB ...Null connection to port a23 in instance page2_i2.
Messages from EDB ...Null connection to port a24 in instance page2_i2.
Messages from EDB ...Null connection to port a25 in instance page2_i2.
Messages from EDB ...Null connection to port a26 in instance page2_i2.
Messages from EDB ...Null connection to port a27 in instance page2_i2.
Messages from EDB ...Null connection to port a28 in instance page2_i2.
Messages from EDB ...Null connection to port a29 in instance page2_i2.
Messages from EDB ...Null connection to port a30 in instance page2_i2.
Messages from EDB ...Null connection to port a31 in instance page2_i2.
Messages from EDB ...Null connection to port a32 in instance page2_i2.
Messages from EDB ...Null connection to port a33 in instance page2_i2.
Messages from EDB ...Null connection to port a34 in instance page2_i2.
Messages from EDB ...Null connection to port a36 in instance page2_i2.
Messages from EDB ...Null connection to port a39 in instance page2_i2.
Messages from EDB ...Null connection to port a42 in instance page2_i2.
Messages from EDB ...Null connection to port a44 in instance page2_i2.
Messages from EDB ...Null connection to port a45 in instance page2_i2.
Messages from EDB ...Null connection to port a46 in instance page2_i2.
Messages from EDB ...Null connection to port a47 in instance page2_i2.
Messages from EDB ...Null connection to port a48 in instance page2_i2.
Messages from EDB ...Null connection to port a49 in instance page2_i2.
Messages from EDB ...Null connection to port a50 in instance page2_i2.
Messages from EDB ...Null connection to port a51 in instance page2_i2.
Messages from EDB ...Null connection to port a52 in instance page2_i2.
Messages from EDB ...Null connection to port a53 in instance page2_i2.
Messages from EDB ...Null connection to port a54 in instance page2_i2.
Messages from EDB ...Null connection to port a55 in instance page2_i2.
Messages from EDB ...Null connection to port a56 in instance page2_i2.
Messages from EDB ...Null connection to port a57 in instance page2_i2.
Messages from EDB ...Null connection to port a58 in instance page2_i2.
Messages from EDB ...Null connection to port a59 in instance page2_i2.
Messages from EDB ...Null connection to port a60 in instance page2_i2.
Messages from EDB ...Null connection to port a61 in instance page2_i2.
Messages from EDB ...Null connection to port a62 in instance page2_i2.
Messages from EDB ...Null connection to port a63 in instance page2_i2.
Messages from EDB ...Null connection to port a64 in instance page2_i2.
Messages from EDB ...Null connection to port a65 in instance page2_i2.
Messages from EDB ...Null connection to port a66 in instance page2_i2.
Messages from EDB ...Null connection to port a67 in instance page2_i2.
Messages from EDB ...Null connection to port a68 in instance page2_i2.
Messages from EDB ...Null connection to port a2 in instance page2_i3.
Messages from EDB ...Null connection to port a5 in instance page2_i3.
Messages from EDB ...Null connection to port a8 in instance page2_i3.
Messages from EDB ...Null connection to port a10 in instance page2_i3.
Messages from EDB ...Null connection to port a11 in instance page2_i3.
Messages from EDB ...Null connection to port a12 in instance page2_i3.
Messages from EDB ...Null connection to port a13 in instance page2_i3.
Messages from EDB ...Null connection to port a14 in instance page2_i3.
Messages from EDB ...Null connection to port a15 in instance page2_i3.
Messages from EDB ...Null connection to port a16 in instance page2_i3.
Messages from EDB ...Null connection to port a17 in instance page2_i3.
Messages from EDB ...Null connection to port a18 in instance page2_i3.
Messages from EDB ...Null connection to port a19 in instance page2_i3.
Messages from EDB ...Null connection to port a20 in instance page2_i3.
Messages from EDB ...Null connection to port a21 in instance page2_i3.
Messages from EDB ...Null connection to port a22 in instance page2_i3.
Messages from EDB ...Null connection to port a23 in instance page2_i3.
Messages from EDB ...Null connection to port a24 in instance page2_i3.
Messages from EDB ...Null connection to port a25 in instance page2_i3.
Messages from EDB ...Null connection to port a26 in instance page2_i3.
Messages from EDB ...Null connection to port a27 in instance page2_i3.
Messages from EDB ...Null connection to port a28 in instance page2_i3.
Messages from EDB ...Null connection to port a29 in instance page2_i3.
Messages from EDB ...Null connection to port a30 in instance page2_i3.
Messages from EDB ...Null connection to port a31 in instance page2_i3.
Messages from EDB ...Null connection to port a32 in instance page2_i3.
Messages from EDB ...Null connection to port a33 in instance page2_i3.
Messages from EDB ...Null connection to port a34 in instance page2_i3.
Messages from EDB ...Null connection to port a36 in instance page2_i3.
Messages from EDB ...Null connection to port a39 in instance page2_i3.
Messages from EDB ...Null connection to port a42 in instance page2_i3.
Messages from EDB ...Null connection to port a44 in instance page2_i3.
Messages from EDB ...Null connection to port a45 in instance page2_i3.
Messages from EDB ...Null connection to port a46 in instance page2_i3.
Messages from EDB ...Null connection to port a47 in instance page2_i3.
Messages from EDB ...Null connection to port a48 in instance page2_i3.
Messages from EDB ...Null connection to port a49 in instance page2_i3.
Messages from EDB ...Null connection to port a50 in instance page2_i3.
Messages from EDB ...Null connection to port a51 in instance page2_i3.
Messages from EDB ...Null connection to port a52 in instance page2_i3.
Messages from EDB ...Null connection to port a53 in instance page2_i3.
Messages from EDB ...Null connection to port a54 in instance page2_i3.
Messages from EDB ...Null connection to port a55 in instance page2_i3.
Messages from EDB ...Null connection to port a56 in instance page2_i3.
Messages from EDB ...Null connection to port a57 in instance page2_i3.
Messages from EDB ...Null connection to port a58 in instance page2_i3.
Messages from EDB ...Null connection to port a59 in instance page2_i3.
Messages from EDB ...Null connection to port a60 in instance page2_i3.
Messages from EDB ...Null connection to port a61 in instance page2_i3.
Messages from EDB ...Null connection to port a62 in instance page2_i3.
Messages from EDB ...Null connection to port a63 in instance page2_i3.
Messages from EDB ...Null connection to port a64 in instance page2_i3.
Messages from EDB ...Null connection to port a65 in instance page2_i3.
Messages from EDB ...Null connection to port a66 in instance page2_i3.
Messages from EDB ...Null connection to port a67 in instance page2_i3.
Messages from EDB ...Null connection to port a68 in instance page2_i3.
Messages from EDB ...Null connection to port a9 in instance page3_i73.
Messages from EDB ...Null connection to port a10 in instance page3_i73.
Messages from EDB ...Null connection to port a11 in instance page3_i73.
Messages from EDB ...Null connection to port a12 in instance page3_i73.
Messages from EDB ...Null connection to port a13 in instance page3_i73.
Messages from EDB ...Null connection to port a14 in instance page3_i73.
Messages from EDB ...Null connection to port a15 in instance page3_i73.
Messages from EDB ...Null connection to port a16 in instance page3_i73.
Messages from EDB ...Null connection to port a17 in instance page3_i73.
Messages from EDB ...Null connection to port a18 in instance page3_i73.
Messages from EDB ...Null connection to port a19 in instance page3_i73.
Messages from EDB ...Null connection to port a20 in instance page3_i73.
Messages from EDB ...Null connection to port a21 in instance page3_i73.
Messages from EDB ...Null connection to port a22 in instance page3_i73.
Messages from EDB ...Null connection to port a23 in instance page3_i73.
Messages from EDB ...Null connection to port a24 in instance page3_i73.
Messages from EDB ...Null connection to port a25 in instance page3_i73.
Messages from EDB ...Null connection to port a26 in instance page3_i73.
Messages from EDB ...Null connection to port a27 in instance page3_i73.
Messages from EDB ...Null connection to port a28 in instance page3_i73.
Messages from EDB ...Null connection to port a29 in instance page3_i73.
Messages from EDB ...Null connection to port a30 in instance page3_i73.
Messages from EDB ...Null connection to port a32 in instance page3_i73.
Messages from EDB ...Null connection to port a34 in instance page3_i73.
Messages from EDB ...Null connection to port a43 in instance page3_i73.
Messages from EDB ...Null connection to port a44 in instance page3_i73.
Messages from EDB ...Null connection to port a45 in instance page3_i73.
Messages from EDB ...Null connection to port a46 in instance page3_i73.
Messages from EDB ...Null connection to port a47 in instance page3_i73.
Messages from EDB ...Null connection to port a48 in instance page3_i73.
Messages from EDB ...Null connection to port a49 in instance page3_i73.
Messages from EDB ...Null connection to port a50 in instance page3_i73.
Messages from EDB ...Null connection to port a51 in instance page3_i73.
Messages from EDB ...Null connection to port a52 in instance page3_i73.
Messages from EDB ...Null connection to port a53 in instance page3_i73.
Messages from EDB ...Null connection to port a54 in instance page3_i73.
Messages from EDB ...Null connection to port a55 in instance page3_i73.
Messages from EDB ...Null connection to port a56 in instance page3_i73.
Messages from EDB ...Null connection to port a57 in instance page3_i73.
Messages from EDB ...Null connection to port a58 in instance page3_i73.
Messages from EDB ...Null connection to port a59 in instance page3_i73.
Messages from EDB ...Null connection to port a60 in instance page3_i73.
Messages from EDB ...Null connection to port a61 in instance page3_i73.
Messages from EDB ...Null connection to port a62 in instance page3_i73.
Messages from EDB ...Null connection to port a63 in instance page3_i73.
Messages from EDB ...Null connection to port a64 in instance page3_i73.
Messages from EDB ...Null connection to port a66 in instance page3_i73.
Messages from EDB ...Null connection to port a68 in instance page3_i73.
Messages from EDB ...Null connection to port a9 in instance page3_i74.
Messages from EDB ...Null connection to port a10 in instance page3_i74.
Messages from EDB ...Null connection to port a11 in instance page3_i74.
Messages from EDB ...Null connection to port a12 in instance page3_i74.
Messages from EDB ...Null connection to port a13 in instance page3_i74.
Messages from EDB ...Null connection to port a14 in instance page3_i74.
Messages from EDB ...Null connection to port a15 in instance page3_i74.
Messages from EDB ...Null connection to port a16 in instance page3_i74.
Messages from EDB ...Null connection to port a17 in instance page3_i74.
Messages from EDB ...Null connection to port a18 in instance page3_i74.
Messages from EDB ...Null connection to port a19 in instance page3_i74.
Messages from EDB ...Null connection to port a20 in instance page3_i74.
Messages from EDB ...Null connection to port a21 in instance page3_i74.
Messages from EDB ...Null connection to port a22 in instance page3_i74.
Messages from EDB ...Null connection to port a23 in instance page3_i74.
Messages from EDB ...Null connection to port a24 in instance page3_i74.
Messages from EDB ...Null connection to port a25 in instance page3_i74.
Messages from EDB ...Null connection to port a26 in instance page3_i74.
Messages from EDB ...Null connection to port a27 in instance page3_i74.
Messages from EDB ...Null connection to port a28 in instance page3_i74.
Messages from EDB ...Null connection to port a29 in instance page3_i74.
Messages from EDB ...Null connection to port a30 in instance page3_i74.
Messages from EDB ...Null connection to port a32 in instance page3_i74.
Messages from EDB ...Null connection to port a34 in instance page3_i74.
Messages from EDB ...Null connection to port a43 in instance page3_i74.
Messages from EDB ...Null connection to port a44 in instance page3_i74.
Messages from EDB ...Null connection to port a45 in instance page3_i74.
Messages from EDB ...Null connection to port a46 in instance page3_i74.
Messages from EDB ...Null connection to port a47 in instance page3_i74.
Messages from EDB ...Null connection to port a48 in instance page3_i74.
Messages from EDB ...Null connection to port a49 in instance page3_i74.
Messages from EDB ...Null connection to port a50 in instance page3_i74.
Messages from EDB ...Null connection to port a51 in instance page3_i74.
Messages from EDB ...Null connection to port a52 in instance page3_i74.
Messages from EDB ...Null connection to port a53 in instance page3_i74.
Messages from EDB ...Null connection to port a54 in instance page3_i74.
Messages from EDB ...Null connection to port a55 in instance page3_i74.
Messages from EDB ...Null connection to port a56 in instance page3_i74.
Messages from EDB ...Null connection to port a57 in instance page3_i74.
Messages from EDB ...Null connection to port a58 in instance page3_i74.
Messages from EDB ...Null connection to port a59 in instance page3_i74.
Messages from EDB ...Null connection to port a60 in instance page3_i74.
Messages from EDB ...Null connection to port a61 in instance page3_i74.
Messages from EDB ...Null connection to port a62 in instance page3_i74.
Messages from EDB ...Null connection to port a63 in instance page3_i74.
Messages from EDB ...Null connection to port a64 in instance page3_i74.
Messages from EDB ...Null connection to port a66 in instance page3_i74.
Messages from EDB ...Null connection to port a68 in instance page3_i74.
Size Prop not found on
Find Done ....
Find Done ....
