TITLE: Bill of Materials
DATE: 07/03/2003
DESIGN: qpll
TEMPLATE: C:\Cadence\PSD_14.2\share\cdssetup\template.bom
CALLOUT: bom.callouts

Part Name,Ref Des,Qty,Unit Price,Cost
100324-DIP_DIP-FAIRCHILD,U9,1,?,?
100E111_PLCC-SYNERGY,U4,1,?,?
100EL16_SOIC-SYNERGY,U1,1,?,?
100ELT23_SOIC-SYNERGY,U6-U8,3,?,?
8WAY-SPST_SMD-HP-DIPTRONICS,SW1,1,?,?
"CAPACITOR_0603-100N,+/-10%,AVX-KYOCERA","C2,C3,C6,C8,C10,C13,C16,C18,C20,C21,C24-C30,C32-C34",20,?,?
"CAPACITOR_0603-10N,+/-10%,AVX-KYOCERA","C4,C14,C15,C17,C19",5,?,?
"CAPACITOR_0603-1U0,+/-10%,MURATA","C5,C9",2,?,?
"CAPACITOR_0603-47N,+/-10%,AVX-KYOCERA","C11,C12",2,?,?
"CAPACITOR_CASE-C-22U,+/-10%,AVX-KYOCERA","C1,C7",2,?,?
"CAPACITOR_CASE-C-47U/10V,+/-10%,AVX-KYO","C22,C23,C31",3,?,?
"CC1F-T1A_SMD-40.08MHZ,MICRO CRYSTAL SWITZERLAND",U3,1,?,?
"DIODE_SMD-SOT-ZHCS750,ZETEX","D1,D2",2,?,?
"FUSE-SMD_SMF-250MA,LITTELFUSE","FS1,FS2",2,?,?
HEADER2X1_STR-HARWIN,PL1,1,?,?
"INDUCTOR_SMD-1.0U,MEGGIT",L2,1,?,?
"INDUCTOR_SMD-4.7U,MEC",L1,1,?,?
"LD1086_DDPAK-D2T25,STM",VR1,1,?,?
"LED-SMD_0805-RED,ROHM",DS1-DS3,3,?,?
PL-AMP-050-68_RT-ANG-AMP,SK7,1,?,?
QPLL28-CERN_LPCC-CERN,U2,1,?,?
"RESISTOR-NET-7C_SIL-1K,2%,BOURNS",RN1,1,?,?
"RESISTOR_0603-100R,1%,ROHM",R13-R16,4,?,?
"RESISTOR_0603-100R,5%,ROHM",R2,1,?,?
"RESISTOR_0603-120R,1%,MULTICOMP",R64-R69,6,?,?
"RESISTOR_0603-1K0,1%,MULTICOMP","R4,R5,R17,R18",4,?,?
"RESISTOR_0603-220R,1%,MULTICOMP","R8,R11",2,?,?
"RESISTOR_0603-270R,1%,MULTICOMP","R6,R7,R19-R22,R36-R63",34,?,?
"RESISTOR_0603-430R,1%,MULTICOMP",R3,1,?,?
"RESISTOR_0603-68R,1%,MULTICOMP","R9,R12",2,?,?
"RESISTOR_0805-10R,1%,MULTICOMP","R1,R30,R31",3,?,?
"RESISTOR_0805-1K0,1%,CAT","R23-R25,R32-R35",7,?,?
"RESISTOR_0805-20R,1%,MULTICOMP",R29,1,?,?
"RESISTOR_0805-2R2,1%,MULTICOMP",R10,1,?,?
"RESISTOR_0805-33R,1%,MULTICOMP",R28,1,?,?
"RESISTOR_0805-56R,1%,MULTICOMP","R26,R27",2,?,?
"SK-AMP-050-68_RT-ANG-787190-7,AMPLIMITE","SK9,SK10,SK21",3,?,?
"SK-LEMO-00_RT-ANG-EPL,LEMO",SK6,1,?,?
SK-LEMO0B-2F-PCB_RT-ANG-LEMO,SK2-SK5,4,?,?
SK-SMA-PCB_STR-RS,SK12-SK20,9,?,?
"TEN-5-DUALOP_DIP-TRACO,48V/+-5V",U5,1,?,?
"TEN-5_DIP-TRACO,48V/5V",U10,1,?,?
TERM-BLK-3_STR-LUMBERG,"SK1,SK8,SK11",3,?,?
TOTAL, ,147, ,0.000
