***********START      18Jun2003.133258.999  1576 BRD2ODB 05.03(00) Windows NT
Translating Job 'E:/UOB-HEP-PC005A/worklib/qpll/physical/pc005-unplaced-g.brd'...
Using Default Thermal Model.
Component Outline = PLACE_BOUND.
Performing PADFLASH substitution.
Outline (-o) for negative plane layers =  100.0000 mils.
Symbol matching tolerance = 0.2000 mils.
Do not suppress (-s) laminate area.
***********INTERNAL   18Jun2003.133258.999  1576 BRD2ODB 05.03(00) Windows NT
(home != 0) at G:/s53/misc/brd2odbstubs.c 1056
***********ERROR      18Jun2003.133259.999  1576 BRD2ODB 05.03(00) Windows NT
REFDES defined as asterisk is illegal
***********ERROR      18Jun2003.133259.999  1576 BRD2ODB 05.03(00) Windows NT
Error in file E:/UOB-HEP-PC005A/worklib/qpll/physical/comps_pc005-unplaced-g.out - line 50
***********ERROR      18Jun2003.133259.999  1576 BRD2ODB 05.03(00) Windows NT
REFDES defined as asterisk is illegal
***********ERROR      18Jun2003.133259.999  1576 BRD2ODB 05.03(00) Windows NT
Error in file E:/UOB-HEP-PC005A/worklib/qpll/physical/comps_pc005-unplaced-g.out - line 51
***********ERROR      18Jun2003.133259.999  1576 BRD2ODB 05.03(00) Windows NT
REFDES defined as asterisk is illegal
***********ERROR      18Jun2003.133259.999  1576 BRD2ODB 05.03(00) Windows NT
Error in file E:/UOB-HEP-PC005A/worklib/qpll/physical/comps_pc005-unplaced-g.out - line 52
***********ERROR      18Jun2003.133259.999  1576 BRD2ODB 05.03(00) Windows NT
REFDES defined as asterisk is illegal
***********ERROR      18Jun2003.133259.999  1576 BRD2ODB 05.03(00) Windows NT
Error in file E:/UOB-HEP-PC005A/worklib/qpll/physical/pins_pc005-unplaced-g.out - line 3
***********ERROR      18Jun2003.133259.999  1576 BRD2ODB 05.03(00) Windows NT
REFDES defined as asterisk is illegal
***********ERROR      18Jun2003.133259.999  1576 BRD2ODB 05.03(00) Windows NT
Error in file E:/UOB-HEP-PC005A/worklib/qpll/physical/pins_pc005-unplaced-g.out - line 4
***********ERROR      18Jun2003.133259.999  1576 BRD2ODB 05.03(00) Windows NT
REFDES defined as asterisk is illegal
***********ERROR      18Jun2003.133259.999  1576 BRD2ODB 05.03(00) Windows NT
Error in file E:/UOB-HEP-PC005A/worklib/qpll/physical/pins_pc005-unplaced-g.out - line 5
***********ERROR      18Jun2003.133300.999  1576 BRD2ODB 05.03(00) Windows NT
REFDES defined as asterisk is illegal
***********ERROR      18Jun2003.133300.999  1576 BRD2ODB 05.03(00) Windows NT
Error in file E:/UOB-HEP-PC005A/worklib/qpll/physical/geoms_pc005-unplaced-g.out - line 9279
***********ERROR      18Jun2003.133300.999  1576 BRD2ODB 05.03(00) Windows NT
REFDES defined as asterisk is illegal
***********ERROR      18Jun2003.133300.999  1576 BRD2ODB 05.03(00) Windows NT
Error in file E:/UOB-HEP-PC005A/worklib/qpll/physical/geoms_pc005-unplaced-g.out - line 9280
***********ERROR      18Jun2003.133300.999  1576 BRD2ODB 05.03(00) Windows NT
REFDES defined as asterisk is illegal
***********ERROR      18Jun2003.133300.999  1576 BRD2ODB 05.03(00) Windows NT
Error in file E:/UOB-HEP-PC005A/worklib/qpll/physical/geoms_pc005-unplaced-g.out - line 9281
***********ERROR      18Jun2003.133300.999  1576 BRD2ODB 05.03(00) Windows NT
REFDES defined as asterisk is illegal
***********ERROR      18Jun2003.133300.999  1576 BRD2ODB 05.03(00) Windows NT
Error in file E:/UOB-HEP-PC005A/worklib/qpll/physical/geoms_pc005-unplaced-g.out - line 9282
***********ERROR      18Jun2003.133300.999  1576 BRD2ODB 05.03(00) Windows NT
REFDES defined as asterisk is illegal
***********ERROR      18Jun2003.133300.999  1576 BRD2ODB 05.03(00) Windows NT
Error in file E:/UOB-HEP-PC005A/worklib/qpll/physical/geoms_pc005-unplaced-g.out - line 9283
***********ERROR      18Jun2003.133300.999  1576 BRD2ODB 05.03(00) Windows NT
REFDES defined as asterisk is illegal
***********ERROR      18Jun2003.133300.999  1576 BRD2ODB 05.03(00) Windows NT
Error in file E:/UOB-HEP-PC005A/worklib/qpll/physical/geoms_pc005-unplaced-g.out - line 9284
***********ERROR      18Jun2003.133301.999  1576 BRD2ODB 05.03(00) Windows NT
The REFDES is illegal - changed to undefined symbol (?]
Status raised : module - G:/s53/eif/eif_cadence.c, line - 1439
Status raised : module - G:/s53/eif/eif_main.c, line - 459
***********INTERNAL   18Jun2003.133301.999  1576 BRD2ODB 05.03(00) Windows NT
(status == E_OK) at G:/s53/misc/brd2odb.c 470
Saving job 'E:\UOB-HEP-PC005A\worklib\qpll\physical/pc005-unplaced-g.odb'...
Output job saved as 'E:/UOB-HEP-PC005A/worklib/qpll/physical/pc005-unplaced-g.odb.tgz'.
***********FINISH     18Jun2003.133308.999  1576 BRD2ODB 05.03(00) Windows NT
Translation completed successfully.
******************************************************
* You can register for a new Windows Only VUV at the *
* Valor Web site (www.valor.com).                    *
******************************************************
