A!FILM_NAME!CLASS!SUBCLASS!ROTATION!OFFSET_X!OFFSET_Y!UNDEFINED_LINE_WIDTH!SHAPE_BOUNDING_BOX!PLOT_MODE!FILM_MIRRORED!FULL_CONTACT_THERMAL_RELIEFS!SUPPRESS_UNCONNECTED_PADS!DRAW_MISSING_PAD_APERTURES!USE_APERTURE_ROTATION!SUPPRESS_SHAPE_FILL!VECTOR_BASED_PAD_BEHAVIOR!
J!E:\UOB-HEP-PC005A\worklib\qpll\physical\pc005-unplaced-g.brd!Jun 18 13:32:56 2003!210.0000!-210.0000!148.5000!-148.5000!4!millimeters!!!6!out of date!
S!TOP!ETCH!TOP!0!0.0000!0.0000!0.0000!2.5400!positive!no!no!no!no!no!no!no!
S!TOP!PIN!TOP!0!0.0000!0.0000!0.0000!2.5400!positive!no!no!no!no!no!no!no!
S!TOP!VIA CLASS!TOP!0!0.0000!0.0000!0.0000!2.5400!positive!no!no!no!no!no!no!no!
S!VCC!ETCH!VCC!0!0.0000!0.0000!0.0000!2.5400!positive!no!no!no!no!no!no!no!
S!VCC!PIN!VCC!0!0.0000!0.0000!0.0000!2.5400!positive!no!no!no!no!no!no!no!
S!VCC!VIA CLASS!VCC!0!0.0000!0.0000!0.0000!2.5400!positive!no!no!no!no!no!no!no!
S!MIDDLE1!ETCH!MIDDLE1!0!0.0000!0.0000!0.0000!2.5400!positive!no!no!no!no!no!no!no!
S!MIDDLE1!PIN!MIDDLE1!0!0.0000!0.0000!0.0000!2.5400!positive!no!no!no!no!no!no!no!
S!MIDDLE1!VIA CLASS!MIDDLE1!0!0.0000!0.0000!0.0000!2.5400!positive!no!no!no!no!no!no!no!
S!MIDDLE2!ETCH!MIDDLE2!0!0.0000!0.0000!0.0000!2.5400!positive!no!no!no!no!no!no!no!
S!MIDDLE2!PIN!MIDDLE2!0!0.0000!0.0000!0.0000!2.5400!positive!no!no!no!no!no!no!no!
S!MIDDLE2!VIA CLASS!MIDDLE2!0!0.0000!0.0000!0.0000!2.5400!positive!no!no!no!no!no!no!no!
S!GND!ETCH!GND!0!0.0000!0.0000!0.0000!2.5400!positive!no!no!no!no!no!no!no!
S!GND!PIN!GND!0!0.0000!0.0000!0.0000!2.5400!positive!no!no!no!no!no!no!no!
S!GND!VIA CLASS!GND!0!0.0000!0.0000!0.0000!2.5400!positive!no!no!no!no!no!no!no!
S!BOTTOM!ETCH!BOTTOM!0!0.0000!0.0000!0.0000!2.5400!positive!no!no!no!no!no!no!no!
S!BOTTOM!PIN!BOTTOM!0!0.0000!0.0000!0.0000!2.5400!positive!no!no!no!no!no!no!no!
S!BOTTOM!VIA CLASS!BOTTOM!0!0.0000!0.0000!0.0000!2.5400!positive!no!no!no!no!no!no!no!
S!topsilk!BOARD GEOMETRY!SILKSCREEN_TOP!0!0.0000!0.0000!0.2000!2.5400!positive!no!no!no!no!no!no!no!
S!topsilk!MANUFACTURING!AUTOSILK_TOP!0!0.0000!0.0000!0.2000!2.5400!positive!no!no!no!no!no!no!no!
S!bottomsilk!BOARD GEOMETRY!SILKSCREEN_BOTTOM!0!0.0000!0.0000!0.2000!2.5400!positive!no!no!no!no!no!no!no!
S!bottomsilk!MANUFACTURING!AUTOSILK_BOTTOM!0!0.0000!0.0000!0.2000!2.5400!positive!no!no!no!no!no!no!no!
S!topsoldermask!VIA CLASS!SOLDERMASK_TOP!0!0.0000!0.0000!0.0000!2.5400!positive!no!no!no!no!no!no!no!
S!topsoldermask!PIN!SOLDERMASK_TOP!0!0.0000!0.0000!0.0000!2.5400!positive!no!no!no!no!no!no!no!
S!topsoldermask!PACKAGE GEOMETRY!SOLDERMASK_TOP!0!0.0000!0.0000!0.0000!2.5400!positive!no!no!no!no!no!no!no!
S!topsoldermask!BOARD GEOMETRY!SOLDERMASK_TOP!0!0.0000!0.0000!0.0000!2.5400!positive!no!no!no!no!no!no!no!
S!bottomsoldermask!VIA CLASS!SOLDERMASK_BOTTOM!0!0.0000!0.0000!0.0000!2.5400!positive!no!no!no!no!no!no!no!
S!bottomsoldermask!PIN!SOLDERMASK_BOTTOM!0!0.0000!0.0000!0.0000!2.5400!positive!no!no!no!no!no!no!no!
S!bottomsoldermask!PACKAGE GEOMETRY!SOLDERMASK_BOTTOM!0!0.0000!0.0000!0.0000!2.5400!positive!no!no!no!no!no!no!no!
S!bottomsoldermask!BOARD GEOMETRY!SOLDERMASK_BOTTOM!0!0.0000!0.0000!0.0000!2.5400!positive!no!no!no!no!no!no!no!
S!drillfigure!MANUFACTURING!NCDRILL_LEGEND!0!0.0000!0.0000!0.2000!2.5400!positive!no!no!no!no!no!no!no!
S!drillfigure!MANUFACTURING!NCDRILL_FIGURE!0!0.0000!0.0000!0.2000!2.5400!positive!no!no!no!no!no!no!no!
S!drillfigure!BOARD GEOMETRY!OUTLINE!0!0.0000!0.0000!0.2000!2.5400!positive!no!no!no!no!no!no!no!
S!drillfigure!BOARD GEOMETRY!DIMENSION!0!0.0000!0.0000!0.2000!2.5400!positive!no!no!no!no!no!no!no!
