Cadence Design Systems, Inc. netrev  Tue Jun 10 22:43:12 2003
(C) Copyright 2002 Cadence Design Systems, Inc.

------ Directives ------

RIPUP_ETCH FALSE;
RIPUP_SYMBOLS IFSAME;
MISSING SYMBOL AS ERROR FALSE;
SCHEMATIC_DIRECTORY 'E:\UOB-HEP-PC005A\worklib\qpll\packaged';
BOARD_DIRECTORY '';
OLD_BOARD_NAME 'E:\UOB-HEP-PC005A\worklib\qpll\physical\pc005-unplaced-d.brd';
NEW_BOARD_NAME 'pc005-unplaced-e.brd';
UPDATE_DEPTABLE FALSE;

CmdLine: netrev -proj E:\UOB-HEP-PC005A\/uob_hep_pc005.cpm -5 -y 2 E:\UOB-HEP-PC005A\worklib\qpll\physical\pc005-unplaced-d.brd E:\UOB-HEP-PC005A\worklib\qpll\physical\pc005-unplaced-e.brd -$

------ Preparing to read pst files ------

Starting to read E:/UOB-HEP-PC005A/worklib/qpll/packaged/pstchip.dat 
   Finished reading E:/UOB-HEP-PC005A/worklib/qpll/packaged/pstchip.dat (00:00:00.15)
Starting to read E:/UOB-HEP-PC005A/worklib/qpll/packaged/pstxprt.dat 
   Finished reading E:/UOB-HEP-PC005A/worklib/qpll/packaged/pstxprt.dat (00:00:00.03)
Starting to read E:/UOB-HEP-PC005A/worklib/qpll/packaged/pstxnet.dat 
   Finished reading E:/UOB-HEP-PC005A/worklib/qpll/packaged/pstxnet.dat (00:00:00.04)

------ Oversights/Warnings/Errors ------


------ Library Paths ------
MODULEPATH =  . 
           C:\Cadence\PSD_14.2\share\local\pcb/modules 

PSMPATH =  . 
           symbols 
           .. 
           ../symbols 
           C:\Cadence\PSD_14.2\share\local\pcb/symbols 
           C:\Cadence\PSD_14.2\share\pcb/pcb_lib/symbols 
           C:\Cadence\PSD_14.2\share\pcb/allegrolib/symbols 
           g:\cad\bris_cdslib\lib_psd14.x/symbols 
           g:\cad\ral_cdslib\lib_psd14.x/symbols 
           g:\cad\ral_cdslib\lib_psd14.x/formats 

PADPATH =  . 
           symbols 
           .. 
           ../symbols 
           C:\Cadence\PSD_14.2\share\local\pcb/symbols 
           C:\Cadence\PSD_14.2\share\pcb/pcb_lib/symbols 
           C:\Cadence\PSD_14.2\share\pcb/allegrolib/symbols 
           g:\cad\bris_cdslib\lib_psd14.x/pads 
           g:\cad\ral_cdslib\lib_psd14.x/pads 
           . 
           symbols 
           .. 
           ../symbols 
           C:\Cadence\PSD_14.2\share\local\pcb/padstacks 
           C:\Cadence\PSD_14.2\share\pcb/pcb_lib/symbols 
           C:\Cadence\PSD_14.2\share\pcb/allegrolib/symbols 


------ Summary Statistics ------


netrev run on Jun 10 22:43:11 2003
   DESIGN NAME : 'QPLL'
   PACKAGING ON 10-Jun-2003 AT 22:43:05

   COMPILE 'logic'
   CHECK_PIN_NAMES OFF
   CROSS_REFERENCE OFF
   DIRECTORIES  <none>
   FEEDBACK OFF
   INCREMENTAL OFF
   INTERFACE_TYPE PHYSICAL
   LIBRARIES  'bris_cds_standard' 'bris_cds_switches' 'cds_analogue'
              'bris_cds_analogue' 'cds_connectors' 'bris_cds_connectors'
              'cds_discrete' 'bris_cds_discrete' 'cds_logic' 'bris_cds_logic'
              'cds_memory' 'bris_cds_memory' 'cds_pld' 'bris_cds_pld'
              'cds_special' 'bris_cds_special' 'cds_standard' 'cds_switches'
              'uob_hep_pc005a_lib'
   MASTER_LIBRARIES  <none>
   MAX_ERRORS 500
   MERGE_MINIMUM 5
   NET_NAME_CHARS '#%&()*+-./:=>?@[]^_`|'
   NET_NAME_LENGTH 24
   OVERSIGHTS ON
   REPLACE_CHECK OFF
   SINGLE_NODE_NETS ON
   SPLIT_MINIMUM 0
   SUPPRESS   20
   WARNINGS ON

 No error detected
 No oversight detected
 No warning detected

cpu time      0:05:51
elapsed time  0:00:03

