A!PAD_NAME!REC_NUMBER!LAYER!FIXFLAG!VIAFLAG!PADSHAPE1!PADWIDTH!PADHGHT!PADXOFF!PADYOFF!PADFLASH!PADSHAPENAME!TRELSHAPE1!TRELWIDTH!TRELHGHT!TRELXOFF!TRELYOFF!TRELFLASH!TRELSHAPENAME!APADSHAPE1!APADWIDTH!APADHGHT!APADXOFF!APADYOFF!APADFLASH!APADSHAPENAME!
J!E:\UOB-HEP-PC005A\worklib\qpll\physical\pc005-unplaced-g.brd!Wed Jun 18 13:32:56 2003!-210.0000!-148.5000!210.0000!148.5000!0.0001!millimeters!QPLL!47.200000 mil!6!UP TO DATE!
S!SMD700UX900U!00001!TOP!o!v!RECTANGLE!0.7000!0.9000!0.0000!0.0000!!!!0.0000!0.0000!0.0000!0.0000!!!!0.0000!0.0000!0.0000!0.0000!!!
S!SMD700UX900U!00002!internal_pad_def!o!v!!0.0000!0.0000!0.0000!0.0000!!!!0.0000!0.0000!0.0000!0.0000!!!!0.0000!0.0000!0.0000!0.0000!!!
S!SMD700UX900U!00003!VCC!o!v!!0.0000!0.0000!0.0000!0.0000!!!!0.0000!0.0000!0.0000!0.0000!!!!0.0000!0.0000!0.0000!0.0000!!!
S!SMD700UX900U!00004!MIDDLE1!o!v!!0.0000!0.0000!0.0000!0.0000!!!!0.0000!0.0000!0.0000!0.0000!!!!0.0000!0.0000!0.0000!0.0000!!!
S!SMD700UX900U!00005!MIDDLE2!o!v!!0.0000!0.0000!0.0000!0.0000!!!!0.0000!0.0000!0.0000!0.0000!!!!0.0000!0.0000!0.0000!0.0000!!!
S!SMD700UX900U!00006!GND!o!v!!0.0000!0.0000!0.0000!0.0000!!!!0.0000!0.0000!0.0000!0.0000!!!!0.0000!0.0000!0.0000!0.0000!!!
S!SMD700UX900U!00007!BOTTOM!o!v!!0.0000!0.0000!0.0000!0.0000!!!!0.0000!0.0000!0.0000!0.0000!!!!0.0000!0.0000!0.0000!0.0000!!!
S!SMD700UX900U!00008!~TSM!o!v!RECTANGLE!0.8500!1.0500!0.0000!0.0000!!!!!!!!!!!!!!!!!
S!SMD700UX900U!00009!~BSM!o!v!!0.0000!0.0000!0.0000!0.0000!!!!!!!!!!!!!!!!!
S!SMD700UX900U!00010!~TPM!o!v!RECTANGLE!0.6300!0.8100!0.0000!0.0000!!!!!!!!!!!!!!!!!
S!SMD700UX900U!00011!~BPM!o!v!!0.0000!0.0000!0.0000!0.0000!!!!!!!!!!!!!!!!!
S!SMD700UX900U!00012!~TFM!o!v!!0.0000!0.0000!0.0000!0.0000!!!!!!!!!!!!!!!!!
S!SMD700UX900U!00013!~BFM!o!v!!0.0000!0.0000!0.0000!0.0000!!!!!!!!!!!!!!!!!
S!SMD700UX900U!00014!~DRILL!o!v!0.0000!0.0000!0.0000!0.0000!0.0000!!P!!n!!!!!!!!!!!!!
S!SMD42X50!00001!TOP!o!v!RECTANGLE!1.0668!1.2700!0.0000!0.0000!!!!0.0000!0.0000!0.0000!0.0000!!!!0.0000!0.0000!0.0000!0.0000!!!
S!SMD42X50!00002!internal_pad_def!o!v!!0.0000!0.0000!0.0000!0.0000!!!!0.0000!0.0000!0.0000!0.0000!!!!0.0000!0.0000!0.0000!0.0000!!!
S!SMD42X50!00003!VCC!o!v!!0.0000!0.0000!0.0000!0.0000!!!!0.0000!0.0000!0.0000!0.0000!!!!0.0000!0.0000!0.0000!0.0000!!!
S!SMD42X50!00004!MIDDLE1!o!v!!0.0000!0.0000!0.0000!0.0000!!!!0.0000!0.0000!0.0000!0.0000!!!!0.0000!0.0000!0.0000!0.0000!!!
S!SMD42X50!00005!MIDDLE2!o!v!!0.0000!0.0000!0.0000!0.0000!!!!0.0000!0.0000!0.0000!0.0000!!!!0.0000!0.0000!0.0000!0.0000!!!
S!SMD42X50!00006!GND!o!v!!0.0000!0.0000!0.0000!0.0000!!!!0.0000!0.0000!0.0000!0.0000!!!!0.0000!0.0000!0.0000!0.0000!!!
S!SMD42X50!00007!BOTTOM!o!v!!0.0000!0.0000!0.0000!0.0000!!!!0.0000!0.0000!0.0000!0.0000!!!!0.0000!0.0000!0.0000!0.0000!!!
S!SMD42X50!00008!~TSM!o!v!RECTANGLE!1.2192!1.4224!0.0000!0.0000!!!!!!!!!!!!!!!!!
S!SMD42X50!00009!~BSM!o!v!!0.0000!0.0000!0.0000!0.0000!!!!!!!!!!!!!!!!!
S!SMD42X50!00010!~TPM!o!v!RECTANGLE!0.9652!1.1430!0.0000!0.0000!!!!!!!!!!!!!!!!!
S!SMD42X50!00011!~BPM!o!v!!0.0000!0.0000!0.0000!0.0000!!!!!!!!!!!!!!!!!
S!SMD42X50!00012!~TFM!o!v!!0.0000!0.0000!0.0000!0.0000!!!!!!!!!!!!!!!!!
S!SMD42X50!00013!~BFM!o!v!!0.0000!0.0000!0.0000!0.0000!!!!!!!!!!!!!!!!!
S!SMD42X50!00014!~DRILL!o!v!0.0000!0.0000!0.0000!0.0000!0.0000!!P!!n!!!!!!!!!!!!!
S!SMD70X100!00001!TOP!o!v!RECTANGLE!1.7780!2.5400!0.0000!0.0000!!!!0.0000!0.0000!0.0000!0.0000!!!!0.0000!0.0000!0.0000!0.0000!!!
S!SMD70X100!00002!internal_pad_def!o!v!!0.0000!0.0000!0.0000!0.0000!!!!0.0000!0.0000!0.0000!0.0000!!!!0.0000!0.0000!0.0000!0.0000!!!
S!SMD70X100!00003!VCC!o!v!!0.0000!0.0000!0.0000!0.0000!!!!0.0000!0.0000!0.0000!0.0000!!!!0.0000!0.0000!0.0000!0.0000!!!
S!SMD70X100!00004!MIDDLE1!o!v!!0.0000!0.0000!0.0000!0.0000!!!!0.0000!0.0000!0.0000!0.0000!!!!0.0000!0.0000!0.0000!0.0000!!!
S!SMD70X100!00005!MIDDLE2!o!v!!0.0000!0.0000!0.0000!0.0000!!!!0.0000!0.0000!0.0000!0.0000!!!!0.0000!0.0000!0.0000!0.0000!!!
S!SMD70X100!00006!GND!o!v!!0.0000!0.0000!0.0000!0.0000!!!!0.0000!0.0000!0.0000!0.0000!!!!0.0000!0.0000!0.0000!0.0000!!!
S!SMD70X100!00007!BOTTOM!o!v!!0.0000!0.0000!0.0000!0.0000!!!!0.0000!0.0000!0.0000!0.0000!!!!0.0000!0.0000!0.0000!0.0000!!!
S!SMD70X100!00008!~TSM!o!v!RECTANGLE!1.9304!2.6924!0.0000!0.0000!!!!!!!!!!!!!!!!!
S!SMD70X100!00009!~BSM!o!v!!0.0000!0.0000!0.0000!0.0000!!!!!!!!!!!!!!!!!
S!SMD70X100!00010!~TPM!o!v!RECTANGLE!1.6002!2.2860!0.0000!0.0000!!!!!!!!!!!!!!!!!
S!SMD70X100!00011!~BPM!o!v!!0.0000!0.0000!0.0000!0.0000!!!!!!!!!!!!!!!!!
S!SMD70X100!00012!~TFM!o!v!!0.0000!0.0000!0.0000!0.0000!!!!!!!!!!!!!!!!!
S!SMD70X100!00013!~BFM!o!v!!0.0000!0.0000!0.0000!0.0000!!!!!!!!!!!!!!!!!
S!SMD70X100!00014!~DRILL!o!v!0.0000!0.0000!0.0000!0.0000!0.0000!!P!!n!!!!!!!!!!!!!
S!SMD14X24!00001!TOP!o!v!RECTANGLE!0.3556!0.6096!0.0000!0.0000!!!!0.0000!0.0000!0.0000!0.0000!!!!0.0000!0.0000!0.0000!0.0000!!!
S!SMD14X24!00002!internal_pad_def!o!v!!0.0000!0.0000!0.0000!0.0000!!!!0.0000!0.0000!0.0000!0.0000!!!!0.0000!0.0000!0.0000!0.0000!!!
S!SMD14X24!00003!VCC!o!v!!0.0000!0.0000!0.0000!0.0000!!!!0.0000!0.0000!0.0000!0.0000!!!!0.0000!0.0000!0.0000!0.0000!!!
S!SMD14X24!00004!MIDDLE1!o!v!!0.0000!0.0000!0.0000!0.0000!!!!0.0000!0.0000!0.0000!0.0000!!!!0.0000!0.0000!0.0000!0.0000!!!
S!SMD14X24!00005!MIDDLE2!o!v!!0.0000!0.0000!0.0000!0.0000!!!!0.0000!0.0000!0.0000!0.0000!!!!0.0000!0.0000!0.0000!0.0000!!!
S!SMD14X24!00006!GND!o!v!!0.0000!0.0000!0.0000!0.0000!!!!0.0000!0.0000!0.0000!0.0000!!!!0.0000!0.0000!0.0000!0.0000!!!
S!SMD14X24!00007!BOTTOM!o!v!!0.0000!0.0000!0.0000!0.0000!!!!0.0000!0.0000!0.0000!0.0000!!!!0.0000!0.0000!0.0000!0.0000!!!
S!SMD14X24!00008!~TSM!o!v!RECTANGLE!0.5080!0.7620!0.0000!0.0000!!!!!!!!!!!!!!!!!
S!SMD14X24!00009!~BSM!o!v!!0.0000!0.0000!0.0000!0.0000!!!!!!!!!!!!!!!!!
S!SMD14X24!00010!~TPM!o!v!RECTANGLE!0.3048!0.5080!0.0000!0.0000!!!!!!!!!!!!!!!!!
S!SMD14X24!00011!~BPM!o!v!!0.0000!0.0000!0.0000!0.0000!!!!!!!!!!!!!!!!!
S!SMD14X24!00012!~TFM!o!v!!0.0000!0.0000!0.0000!0.0000!!!!!!!!!!!!!!!!!
S!SMD14X24!00013!~BFM!o!v!!0.0000!0.0000!0.0000!0.0000!!!!!!!!!!!!!!!!!
S!SMD14X24!00014!~DRILL!o!v!0.0000!0.0000!0.0000!0.0000!0.0000!!P!!n!!!!!!!!!!!!!
S!VIA!00001!TOP!o!!CIRCLE!1.4224!1.4224!0.0000!0.0000!!!CIRCLE!2.0320!2.0320!0.0000!0.0000!!!CIRCLE!1.9304!1.9304!0.0000!0.0000!!!
S!VIA!00002!internal_pad_def!o!!CIRCLE!1.3208!1.3208!0.0000!0.0000!!!CIRCLE!1.9304!1.9304!0.0000!0.0000!!!CIRCLE!1.8288!1.8288!0.0000!0.0000!!!
S!VIA!00003!VCC!o!!CIRCLE!1.3208!1.3208!0.0000!0.0000!!!CIRCLE!1.9304!1.9304!0.0000!0.0000!!!CIRCLE!1.8288!1.8288!0.0000!0.0000!!!
S!VIA!00004!MIDDLE1!o!!CIRCLE!1.3208!1.3208!0.0000!0.0000!!!CIRCLE!1.9304!1.9304!0.0000!0.0000!!!CIRCLE!1.8288!1.8288!0.0000!0.0000!!!
S!VIA!00005!MIDDLE2!o!!CIRCLE!1.3208!1.3208!0.0000!0.0000!!!CIRCLE!1.9304!1.9304!0.0000!0.0000!!!CIRCLE!1.8288!1.8288!0.0000!0.0000!!!
S!VIA!00006!GND!o!!CIRCLE!1.3208!1.3208!0.0000!0.0000!!!CIRCLE!1.9304!1.9304!0.0000!0.0000!!!CIRCLE!1.8288!1.8288!0.0000!0.0000!!!
S!VIA!00007!BOTTOM!o!!CIRCLE!1.4224!1.4224!0.0000!0.0000!!!CIRCLE!2.0320!2.0320!0.0000!0.0000!!!CIRCLE!1.9304!1.9304!0.0000!0.0000!!!
S!VIA!00008!~TSM!o!!CIRCLE!1.5748!1.5748!0.0000!0.0000!!!!!!!!!!!!!!!!!
S!VIA!00009!~BSM!o!!CIRCLE!1.5748!1.5748!0.0000!0.0000!!!!!!!!!!!!!!!!!
S!VIA!00010!~TPM!o!!!0.0000!0.0000!0.0000!0.0000!!!!!!!!!!!!!!!!!
S!VIA!00011!~BPM!o!!!0.0000!0.0000!0.0000!0.0000!!!!!!!!!!!!!!!!!
S!VIA!00012!~TFM!o!!!0.0000!0.0000!0.0000!0.0000!!!!!!!!!!!!!!!!!
S!VIA!00013!~BFM!o!!!0.0000!0.0000!0.0000!0.0000!!!!!!!!!!!!!!!!!
S!VIA!00014!~DRILL!o!!0.7112!1.3970!1.3970!0.0000!0.0000!TRIANGLE_1!P!!n!!!!!!!!!!!!!
S!HOLE2-5N!00001!TOP!o!!CIRCLE!2.4384!2.4384!0.0000!0.0000!!!CIRCLE!4.8260!4.8260!0.0000!0.0000!!!CIRCLE!4.6990!4.6990!0.0000!0.0000!!!
S!HOLE2-5N!00002!internal_pad_def!o!!CIRCLE!2.4384!2.4384!0.0000!0.0000!!!CIRCLE!4.6990!4.6990!0.0000!0.0000!!!CIRCLE!4.5720!4.5720!0.0000!0.0000!!!
S!HOLE2-5N!00003!VCC!o!!CIRCLE!2.4384!2.4384!0.0000!0.0000!!!CIRCLE!4.6990!4.6990!0.0000!0.0000!!!CIRCLE!4.5720!4.5720!0.0000!0.0000!!!
S!HOLE2-5N!00004!MIDDLE1!o!!CIRCLE!2.4384!2.4384!0.0000!0.0000!!!CIRCLE!4.6990!4.6990!0.0000!0.0000!!!CIRCLE!4.5720!4.5720!0.0000!0.0000!!!
S!HOLE2-5N!00005!MIDDLE2!o!!CIRCLE!2.4384!2.4384!0.0000!0.0000!!!CIRCLE!4.6990!4.6990!0.0000!0.0000!!!CIRCLE!4.5720!4.5720!0.0000!0.0000!!!
S!HOLE2-5N!00006!GND!o!!CIRCLE!2.4384!2.4384!0.0000!0.0000!!!CIRCLE!4.6990!4.6990!0.0000!0.0000!!!CIRCLE!4.5720!4.5720!0.0000!0.0000!!!
S!HOLE2-5N!00007!BOTTOM!o!!CIRCLE!2.4384!2.4384!0.0000!0.0000!!!CIRCLE!4.8260!4.8260!0.0000!0.0000!!!CIRCLE!4.6990!4.6990!0.0000!0.0000!!!
S!HOLE2-5N!00008!~TSM!o!!CIRCLE!2.5908!2.5908!0.0000!0.0000!!!!!!!!!!!!!!!!!
S!HOLE2-5N!00009!~BSM!o!!CIRCLE!2.5908!2.5908!0.0000!0.0000!!!!!!!!!!!!!!!!!
S!HOLE2-5N!00010!~TPM!o!!!0.0000!0.0000!0.0000!0.0000!!!!!!!!!!!!!!!!!
S!HOLE2-5N!00011!~BPM!o!!!0.0000!0.0000!0.0000!0.0000!!!!!!!!!!!!!!!!!
S!HOLE2-5N!00012!~TFM!o!!!0.0000!0.0000!0.0000!0.0000!!!!!!!!!!!!!!!!!
S!HOLE2-5N!00013!~BFM!o!!!0.0000!0.0000!0.0000!0.0000!!!!!!!!!!!!!!!!!
S!HOLE2-5N!00014!~DRILL!o!!2.4892!2.2860!2.5400!0.0000!0.0000!DIAMOND!N!Q!n!!!!!!!!!!!!!
S!SMD25X30!00001!TOP!o!v!RECTANGLE!0.6350!0.7620!0.0000!0.0000!!!!0.0000!0.0000!0.0000!0.0000!!!!0.0000!0.0000!0.0000!0.0000!!!
S!SMD25X30!00002!internal_pad_def!o!v!!0.0000!0.0000!0.0000!0.0000!!!!0.0000!0.0000!0.0000!0.0000!!!!0.0000!0.0000!0.0000!0.0000!!!
S!SMD25X30!00003!VCC!o!v!!0.0000!0.0000!0.0000!0.0000!!!!0.0000!0.0000!0.0000!0.0000!!!!0.0000!0.0000!0.0000!0.0000!!!
S!SMD25X30!00004!MIDDLE1!o!v!!0.0000!0.0000!0.0000!0.0000!!!!0.0000!0.0000!0.0000!0.0000!!!!0.0000!0.0000!0.0000!0.0000!!!
S!SMD25X30!00005!MIDDLE2!o!v!!0.0000!0.0000!0.0000!0.0000!!!!0.0000!0.0000!0.0000!0.0000!!!!0.0000!0.0000!0.0000!0.0000!!!
S!SMD25X30!00006!GND!o!v!!0.0000!0.0000!0.0000!0.0000!!!!0.0000!0.0000!0.0000!0.0000!!!!0.0000!0.0000!0.0000!0.0000!!!
S!SMD25X30!00007!BOTTOM!o!v!!0.0000!0.0000!0.0000!0.0000!!!!0.0000!0.0000!0.0000!0.0000!!!!0.0000!0.0000!0.0000!0.0000!!!
S!SMD25X30!00008!~TSM!o!v!RECTANGLE!0.7874!0.9144!0.0000!0.0000!!!!!!!!!!!!!!!!!
S!SMD25X30!00009!~BSM!o!v!!0.0000!0.0000!0.0000!0.0000!!!!!!!!!!!!!!!!!
S!SMD25X30!00010!~TPM!o!v!RECTANGLE!0.5588!0.6858!0.0000!0.0000!!!!!!!!!!!!!!!!!
S!SMD25X30!00011!~BPM!o!v!!0.0000!0.0000!0.0000!0.0000!!!!!!!!!!!!!!!!!
S!SMD25X30!00012!~TFM!o!v!!0.0000!0.0000!0.0000!0.0000!!!!!!!!!!!!!!!!!
S!SMD25X30!00013!~BFM!o!v!!0.0000!0.0000!0.0000!0.0000!!!!!!!!!!!!!!!!!
S!SMD25X30!00014!~DRILL!o!v!0.0000!0.0000!0.0000!0.0000!0.0000!!P!!n!!!!!!!!!!!!!
S!VIA36RD0-4D!00001!TOP!o!!CIRCLE!0.9144!0.9144!0.0000!0.0000!!!CIRCLE!1.3208!1.3208!0.0000!0.0000!!!CIRCLE!1.2192!1.2192!0.0000!0.0000!!!
S!VIA36RD0-4D!00002!internal_pad_def!o!!CIRCLE!0.8128!0.8128!0.0000!0.0000!!!CIRCLE!1.2192!1.2192!0.0000!0.0000!!!CIRCLE!1.1176!1.1176!0.0000!0.0000!!!
S!VIA36RD0-4D!00003!VCC!o!!CIRCLE!0.8128!0.8128!0.0000!0.0000!!!CIRCLE!1.2192!1.2192!0.0000!0.0000!!!CIRCLE!1.1176!1.1176!0.0000!0.0000!!!
S!VIA36RD0-4D!00004!MIDDLE1!o!!CIRCLE!0.8128!0.8128!0.0000!0.0000!!!CIRCLE!1.2192!1.2192!0.0000!0.0000!!!CIRCLE!1.1176!1.1176!0.0000!0.0000!!!
S!VIA36RD0-4D!00005!MIDDLE2!o!!CIRCLE!0.8128!0.8128!0.0000!0.0000!!!CIRCLE!1.2192!1.2192!0.0000!0.0000!!!CIRCLE!1.1176!1.1176!0.0000!0.0000!!!
S!VIA36RD0-4D!00006!GND!o!!CIRCLE!0.8128!0.8128!0.0000!0.0000!!!CIRCLE!1.2192!1.2192!0.0000!0.0000!!!CIRCLE!1.1176!1.1176!0.0000!0.0000!!!
S!VIA36RD0-4D!00007!BOTTOM!o!!CIRCLE!0.9144!0.9144!0.0000!0.0000!!!CIRCLE!1.3208!1.3208!0.0000!0.0000!!!CIRCLE!1.2192!1.2192!0.0000!0.0000!!!
S!VIA36RD0-4D!00008!~TSM!o!!CIRCLE!1.0668!1.0668!0.0000!0.0000!!!!!!!!!!!!!!!!!
S!VIA36RD0-4D!00009!~BSM!o!!CIRCLE!1.0668!1.0668!0.0000!0.0000!!!!!!!!!!!!!!!!!
S!VIA36RD0-4D!00010!~TPM!o!!!0.0000!0.0000!0.0000!0.0000!!!!!!!!!!!!!!!!!
S!VIA36RD0-4D!00011!~BPM!o!!!0.0000!0.0000!0.0000!0.0000!!!!!!!!!!!!!!!!!
S!VIA36RD0-4D!00012!~TFM!o!!!0.0000!0.0000!0.0000!0.0000!!!!!!!!!!!!!!!!!
S!VIA36RD0-4D!00013!~BFM!o!!!0.0000!0.0000!0.0000!0.0000!!!!!!!!!!!!!!!!!
S!VIA36RD0-4D!00014!~DRILL!o!!0.4064!1.0160!1.0160!0.0000!0.0000!SQUARE!P!!n!!!!!!!!!!!!!
S!PAD76SQ1-2D!00001!TOP!o!!SQUARE!1.9304!1.9304!0.0000!0.0000!!!SQUARE!2.5400!2.5400!0.0000!0.0000!!!SQUARE!2.4384!2.4384!0.0000!0.0000!!!
S!PAD76SQ1-2D!00002!internal_pad_def!o!!CIRCLE!1.8288!1.8288!0.0000!0.0000!!!CIRCLE!2.4384!2.4384!0.0000!0.0000!!!CIRCLE!2.3368!2.3368!0.0000!0.0000!!!
S!PAD76SQ1-2D!00003!VCC!o!!CIRCLE!1.8288!1.8288!0.0000!0.0000!!!CIRCLE!2.4384!2.4384!0.0000!0.0000!!!CIRCLE!2.3368!2.3368!0.0000!0.0000!!!
S!PAD76SQ1-2D!00004!MIDDLE1!o!!CIRCLE!1.8288!1.8288!0.0000!0.0000!!!CIRCLE!2.4384!2.4384!0.0000!0.0000!!!CIRCLE!2.3368!2.3368!0.0000!0.0000!!!
S!PAD76SQ1-2D!00005!MIDDLE2!o!!CIRCLE!1.8288!1.8288!0.0000!0.0000!!!CIRCLE!2.4384!2.4384!0.0000!0.0000!!!CIRCLE!2.3368!2.3368!0.0000!0.0000!!!
S!PAD76SQ1-2D!00006!GND!o!!CIRCLE!1.8288!1.8288!0.0000!0.0000!!!CIRCLE!2.4384!2.4384!0.0000!0.0000!!!CIRCLE!2.3368!2.3368!0.0000!0.0000!!!
S!PAD76SQ1-2D!00007!BOTTOM!o!!SQUARE!1.9304!1.9304!0.0000!0.0000!!!SQUARE!2.5400!2.5400!0.0000!0.0000!!!SQUARE!2.4384!2.4384!0.0000!0.0000!!!
S!PAD76SQ1-2D!00008!~TSM!o!!SQUARE!2.0828!2.0828!0.0000!0.0000!!!!!!!!!!!!!!!!!
S!PAD76SQ1-2D!00009!~BSM!o!!SQUARE!2.0828!2.0828!0.0000!0.0000!!!!!!!!!!!!!!!!!
S!PAD76SQ1-2D!00010!~TPM!o!!!0.0000!0.0000!0.0000!0.0000!!!!!!!!!!!!!!!!!
S!PAD76SQ1-2D!00011!~BPM!o!!!0.0000!0.0000!0.0000!0.0000!!!!!!!!!!!!!!!!!
S!PAD76SQ1-2D!00012!~TFM!o!!!0.0000!0.0000!0.0000!0.0000!!!!!!!!!!!!!!!!!
S!PAD76SQ1-2D!00013!~BFM!o!!!0.0000!0.0000!0.0000!0.0000!!!!!!!!!!!!!!!!!
S!PAD76SQ1-2D!00014!~DRILL!o!!1.2192!1.8288!2.0320!0.0000!0.0000!!P!D!n!!!!!!!!!!!!!
S!PAD76RD1-2D!00001!TOP!o!!CIRCLE!1.9304!1.9304!0.0000!0.0000!!!CIRCLE!2.5400!2.5400!0.0000!0.0000!!!CIRCLE!2.4384!2.4384!0.0000!0.0000!!!
S!PAD76RD1-2D!00002!internal_pad_def!o!!CIRCLE!1.8288!1.8288!0.0000!0.0000!!!CIRCLE!2.4384!2.4384!0.0000!0.0000!!!CIRCLE!2.3368!2.3368!0.0000!0.0000!!!
S!PAD76RD1-2D!00003!VCC!o!!CIRCLE!1.8288!1.8288!0.0000!0.0000!!!CIRCLE!2.4384!2.4384!0.0000!0.0000!!!CIRCLE!2.3368!2.3368!0.0000!0.0000!!!
S!PAD76RD1-2D!00004!MIDDLE1!o!!CIRCLE!1.8288!1.8288!0.0000!0.0000!!!CIRCLE!2.4384!2.4384!0.0000!0.0000!!!CIRCLE!2.3368!2.3368!0.0000!0.0000!!!
S!PAD76RD1-2D!00005!MIDDLE2!o!!CIRCLE!1.8288!1.8288!0.0000!0.0000!!!CIRCLE!2.4384!2.4384!0.0000!0.0000!!!CIRCLE!2.3368!2.3368!0.0000!0.0000!!!
S!PAD76RD1-2D!00006!GND!o!!CIRCLE!1.8288!1.8288!0.0000!0.0000!!!CIRCLE!2.4384!2.4384!0.0000!0.0000!!!CIRCLE!2.3368!2.3368!0.0000!0.0000!!!
S!PAD76RD1-2D!00007!BOTTOM!o!!CIRCLE!1.9304!1.9304!0.0000!0.0000!!!CIRCLE!2.5400!2.5400!0.0000!0.0000!!!CIRCLE!2.4384!2.4384!0.0000!0.0000!!!
S!PAD76RD1-2D!00008!~TSM!o!!CIRCLE!2.0828!2.0828!0.0000!0.0000!!!!!!!!!!!!!!!!!
S!PAD76RD1-2D!00009!~BSM!o!!CIRCLE!2.0828!2.0828!0.0000!0.0000!!!!!!!!!!!!!!!!!
S!PAD76RD1-2D!00010!~TPM!o!!!0.0000!0.0000!0.0000!0.0000!!!!!!!!!!!!!!!!!
S!PAD76RD1-2D!00011!~BPM!o!!!0.0000!0.0000!0.0000!0.0000!!!!!!!!!!!!!!!!!
S!PAD76RD1-2D!00012!~TFM!o!!!0.0000!0.0000!0.0000!0.0000!!!!!!!!!!!!!!!!!
S!PAD76RD1-2D!00013!~BFM!o!!!0.0000!0.0000!0.0000!0.0000!!!!!!!!!!!!!!!!!
S!PAD76RD1-2D!00014!~DRILL!o!!1.2192!1.8288!2.0320!0.0000!0.0000!!P!D!n!!!!!!!!!!!!!
S!PAD55CIR25D!00001!TOP!f!!CIRCLE!1.3970!1.3970!0.0000!0.0000!!!CIRCLE!2.1082!2.1082!0.0000!0.0000!!!CIRCLE!2.1082!2.1082!0.0000!0.0000!!!
S!PAD55CIR25D!00002!internal_pad_def!f!!CIRCLE!1.3970!1.3970!0.0000!0.0000!!!CIRCLE!2.0320!2.0320!0.0000!0.0000!!!CIRCLE!2.0320!2.0320!0.0000!0.0000!!!
S!PAD55CIR25D!00003!VCC!f!!CIRCLE!1.3970!1.3970!0.0000!0.0000!!!CIRCLE!2.0320!2.0320!0.0000!0.0000!!!CIRCLE!2.0320!2.0320!0.0000!0.0000!!!
S!PAD55CIR25D!00004!MIDDLE1!f!!CIRCLE!1.3970!1.3970!0.0000!0.0000!!!CIRCLE!2.0320!2.0320!0.0000!0.0000!!!CIRCLE!2.0320!2.0320!0.0000!0.0000!!!
S!PAD55CIR25D!00005!MIDDLE2!f!!CIRCLE!1.3970!1.3970!0.0000!0.0000!!!CIRCLE!2.0320!2.0320!0.0000!0.0000!!!CIRCLE!2.0320!2.0320!0.0000!0.0000!!!
S!PAD55CIR25D!00006!GND!f!!CIRCLE!1.3970!1.3970!0.0000!0.0000!!!CIRCLE!2.0320!2.0320!0.0000!0.0000!!!CIRCLE!2.0320!2.0320!0.0000!0.0000!!!
S!PAD55CIR25D!00007!BOTTOM!f!!CIRCLE!1.3970!1.3970!0.0000!0.0000!!!CIRCLE!2.1082!2.1082!0.0000!0.0000!!!CIRCLE!2.1082!2.1082!0.0000!0.0000!!!
S!PAD55CIR25D!00008!~TSM!f!!CIRCLE!2.0320!2.0320!0.0000!0.0000!!!!!!!!!!!!!!!!!
S!PAD55CIR25D!00009!~BSM!f!!CIRCLE!2.0320!2.0320!0.0000!0.0000!!!!!!!!!!!!!!!!!
S!PAD55CIR25D!00010!~TPM!f!!!0.0000!0.0000!0.0000!0.0000!!!!!!!!!!!!!!!!!
S!PAD55CIR25D!00011!~BPM!f!!!0.0000!0.0000!0.0000!0.0000!!!!!!!!!!!!!!!!!
S!PAD55CIR25D!00012!~TFM!f!!!0.0000!0.0000!0.0000!0.0000!!!!!!!!!!!!!!!!!
S!PAD55CIR25D!00013!~BFM!f!!!0.0000!0.0000!0.0000!0.0000!!!!!!!!!!!!!!!!!
S!PAD55CIR25D!00014!~DRILL!f!!0.6350!0.6350!0.6350!0.0000!0.0000!CROSS!P!!n!!!!!!!!!!!!!
S!PAD55SQ25D!00001!TOP!f!!SQUARE!1.3970!1.3970!0.0000!0.0000!!!SQUARE!2.0320!2.0320!0.0000!0.0000!!!SQUARE!2.0320!2.0320!0.0000!0.0000!!!
S!PAD55SQ25D!00002!internal_pad_def!f!!SQUARE!1.3970!1.3970!0.0000!0.0000!!!SQUARE!2.0320!2.0320!0.0000!0.0000!!!SQUARE!2.0320!2.0320!0.0000!0.0000!!!
S!PAD55SQ25D!00003!VCC!f!!SQUARE!1.3970!1.3970!0.0000!0.0000!!!SQUARE!2.0320!2.0320!0.0000!0.0000!!!SQUARE!2.0320!2.0320!0.0000!0.0000!!!
S!PAD55SQ25D!00004!MIDDLE1!f!!SQUARE!1.3970!1.3970!0.0000!0.0000!!!SQUARE!2.0320!2.0320!0.0000!0.0000!!!SQUARE!2.0320!2.0320!0.0000!0.0000!!!
S!PAD55SQ25D!00005!MIDDLE2!f!!SQUARE!1.3970!1.3970!0.0000!0.0000!!!SQUARE!2.0320!2.0320!0.0000!0.0000!!!SQUARE!2.0320!2.0320!0.0000!0.0000!!!
S!PAD55SQ25D!00006!GND!f!!SQUARE!1.3970!1.3970!0.0000!0.0000!!!SQUARE!2.0320!2.0320!0.0000!0.0000!!!SQUARE!2.0320!2.0320!0.0000!0.0000!!!
S!PAD55SQ25D!00007!BOTTOM!f!!SQUARE!1.3970!1.3970!0.0000!0.0000!!!SQUARE!2.0320!2.0320!0.0000!0.0000!!!SQUARE!2.0320!2.0320!0.0000!0.0000!!!
S!PAD55SQ25D!00008!~TSM!f!!SQUARE!2.0320!2.0320!0.0000!0.0000!!!!!!!!!!!!!!!!!
S!PAD55SQ25D!00009!~BSM!f!!SQUARE!2.0320!2.0320!0.0000!0.0000!!!!!!!!!!!!!!!!!
S!PAD55SQ25D!00010!~TPM!f!!!0.0000!0.0000!0.0000!0.0000!!!!!!!!!!!!!!!!!
S!PAD55SQ25D!00011!~BPM!f!!!0.0000!0.0000!0.0000!0.0000!!!!!!!!!!!!!!!!!
S!PAD55SQ25D!00012!~TFM!f!!!0.0000!0.0000!0.0000!0.0000!!!!!!!!!!!!!!!!!
S!PAD55SQ25D!00013!~BFM!f!!!0.0000!0.0000!0.0000!0.0000!!!!!!!!!!!!!!!!!
S!PAD55SQ25D!00014!~DRILL!f!!0.6350!0.6350!0.6350!0.0000!0.0000!CROSS!P!!n!!!!!!!!!!!!!
S!PAD68RD1-0D!00001!TOP!o!!CIRCLE!1.7272!1.7272!0.0000!0.0000!!!CIRCLE!2.3368!2.3368!0.0000!0.0000!!!CIRCLE!2.2352!2.2352!0.0000!0.0000!!!
S!PAD68RD1-0D!00002!internal_pad_def!o!!CIRCLE!1.6256!1.6256!0.0000!0.0000!!!CIRCLE!2.2352!2.2352!0.0000!0.0000!!!CIRCLE!2.1336!2.1336!0.0000!0.0000!!!
S!PAD68RD1-0D!00003!VCC!o!!CIRCLE!1.6256!1.6256!0.0000!0.0000!!!CIRCLE!2.2352!2.2352!0.0000!0.0000!!!CIRCLE!2.1336!2.1336!0.0000!0.0000!!!
S!PAD68RD1-0D!00004!MIDDLE1!o!!CIRCLE!1.6256!1.6256!0.0000!0.0000!!!CIRCLE!2.2352!2.2352!0.0000!0.0000!!!CIRCLE!2.1336!2.1336!0.0000!0.0000!!!
S!PAD68RD1-0D!00005!MIDDLE2!o!!CIRCLE!1.6256!1.6256!0.0000!0.0000!!!CIRCLE!2.2352!2.2352!0.0000!0.0000!!!CIRCLE!2.1336!2.1336!0.0000!0.0000!!!
S!PAD68RD1-0D!00006!GND!o!!CIRCLE!1.6256!1.6256!0.0000!0.0000!!!CIRCLE!2.2352!2.2352!0.0000!0.0000!!!CIRCLE!2.1336!2.1336!0.0000!0.0000!!!
S!PAD68RD1-0D!00007!BOTTOM!o!!CIRCLE!1.7272!1.7272!0.0000!0.0000!!!CIRCLE!2.3368!2.3368!0.0000!0.0000!!!CIRCLE!2.2352!2.2352!0.0000!0.0000!!!
S!PAD68RD1-0D!00008!~TSM!o!!CIRCLE!1.8796!1.8796!0.0000!0.0000!!!!!!!!!!!!!!!!!
S!PAD68RD1-0D!00009!~BSM!o!!CIRCLE!1.8796!1.8796!0.0000!0.0000!!!!!!!!!!!!!!!!!
S!PAD68RD1-0D!00010!~TPM!o!!!0.0000!0.0000!0.0000!0.0000!!!!!!!!!!!!!!!!!
S!PAD68RD1-0D!00011!~BPM!o!!!0.0000!0.0000!0.0000!0.0000!!!!!!!!!!!!!!!!!
S!PAD68RD1-0D!00012!~TFM!o!!!0.0000!0.0000!0.0000!0.0000!!!!!!!!!!!!!!!!!
S!PAD68RD1-0D!00013!~BFM!o!!!0.0000!0.0000!0.0000!0.0000!!!!!!!!!!!!!!!!!
S!PAD68RD1-0D!00014!~DRILL!o!!1.0160!1.8288!2.0320!0.0000!0.0000!!P!B!n!!!!!!!!!!!!!
S!PAD88RD1-5D!00001!TOP!o!!CIRCLE!2.2352!2.2352!0.0000!0.0000!!!CIRCLE!2.8448!2.8448!0.0000!0.0000!!!CIRCLE!2.7432!2.7432!0.0000!0.0000!!!
S!PAD88RD1-5D!00002!internal_pad_def!o!!CIRCLE!2.1336!2.1336!0.0000!0.0000!!!CIRCLE!2.7432!2.7432!0.0000!0.0000!!!CIRCLE!2.6416!2.6416!0.0000!0.0000!!!
S!PAD88RD1-5D!00003!VCC!o!!CIRCLE!2.1336!2.1336!0.0000!0.0000!!!CIRCLE!2.7432!2.7432!0.0000!0.0000!!!CIRCLE!2.6416!2.6416!0.0000!0.0000!!!
S!PAD88RD1-5D!00004!MIDDLE1!o!!CIRCLE!2.1336!2.1336!0.0000!0.0000!!!CIRCLE!2.7432!2.7432!0.0000!0.0000!!!CIRCLE!2.6416!2.6416!0.0000!0.0000!!!
S!PAD88RD1-5D!00005!MIDDLE2!o!!CIRCLE!2.1336!2.1336!0.0000!0.0000!!!CIRCLE!2.7432!2.7432!0.0000!0.0000!!!CIRCLE!2.6416!2.6416!0.0000!0.0000!!!
S!PAD88RD1-5D!00006!GND!o!!CIRCLE!2.1336!2.1336!0.0000!0.0000!!!CIRCLE!2.7432!2.7432!0.0000!0.0000!!!CIRCLE!2.6416!2.6416!0.0000!0.0000!!!
S!PAD88RD1-5D!00007!BOTTOM!o!!CIRCLE!2.2352!2.2352!0.0000!0.0000!!!CIRCLE!2.8448!2.8448!0.0000!0.0000!!!CIRCLE!2.7432!2.7432!0.0000!0.0000!!!
S!PAD88RD1-5D!00008!~TSM!o!!CIRCLE!2.3876!2.3876!0.0000!0.0000!!!!!!!!!!!!!!!!!
S!PAD88RD1-5D!00009!~BSM!o!!CIRCLE!2.3876!2.3876!0.0000!0.0000!!!!!!!!!!!!!!!!!
S!PAD88RD1-5D!00010!~TPM!o!!!0.0000!0.0000!0.0000!0.0000!!!!!!!!!!!!!!!!!
S!PAD88RD1-5D!00011!~BPM!o!!!0.0000!0.0000!0.0000!0.0000!!!!!!!!!!!!!!!!!
S!PAD88RD1-5D!00012!~TFM!o!!!0.0000!0.0000!0.0000!0.0000!!!!!!!!!!!!!!!!!
S!PAD88RD1-5D!00013!~BFM!o!!!0.0000!0.0000!0.0000!0.0000!!!!!!!!!!!!!!!!!
S!PAD88RD1-5D!00014!~DRILL!o!!1.5240!1.9304!2.1336!0.0000!0.0000!!P!G!n!!!!!!!!!!!!!
S!SMD1010UX1450U!00001!TOP!o!v!RECTANGLE!1.0100!1.4500!0.0000!0.0000!!!!0.0000!0.0000!0.0000!0.0000!!!!0.0000!0.0000!0.0000!0.0000!!!
S!SMD1010UX1450U!00002!internal_pad_def!o!v!!0.0000!0.0000!0.0000!0.0000!!!!0.0000!0.0000!0.0000!0.0000!!!!0.0000!0.0000!0.0000!0.0000!!!
S!SMD1010UX1450U!00003!VCC!o!v!!0.0000!0.0000!0.0000!0.0000!!!!0.0000!0.0000!0.0000!0.0000!!!!0.0000!0.0000!0.0000!0.0000!!!
S!SMD1010UX1450U!00004!MIDDLE1!o!v!!0.0000!0.0000!0.0000!0.0000!!!!0.0000!0.0000!0.0000!0.0000!!!!0.0000!0.0000!0.0000!0.0000!!!
S!SMD1010UX1450U!00005!MIDDLE2!o!v!!0.0000!0.0000!0.0000!0.0000!!!!0.0000!0.0000!0.0000!0.0000!!!!0.0000!0.0000!0.0000!0.0000!!!
S!SMD1010UX1450U!00006!GND!o!v!!0.0000!0.0000!0.0000!0.0000!!!!0.0000!0.0000!0.0000!0.0000!!!!0.0000!0.0000!0.0000!0.0000!!!
S!SMD1010UX1450U!00007!BOTTOM!o!v!!0.0000!0.0000!0.0000!0.0000!!!!0.0000!0.0000!0.0000!0.0000!!!!0.0000!0.0000!0.0000!0.0000!!!
S!SMD1010UX1450U!00008!~TSM!o!v!RECTANGLE!1.1600!1.6000!0.0000!0.0000!!!!!!!!!!!!!!!!!
S!SMD1010UX1450U!00009!~BSM!o!v!!0.0000!0.0000!0.0000!0.0000!!!!!!!!!!!!!!!!!
S!SMD1010UX1450U!00010!~TPM!o!v!RECTANGLE!0.9090!1.3050!0.0000!0.0000!!!!!!!!!!!!!!!!!
S!SMD1010UX1450U!00011!~BPM!o!v!!0.0000!0.0000!0.0000!0.0000!!!!!!!!!!!!!!!!!
S!SMD1010UX1450U!00012!~TFM!o!v!!0.0000!0.0000!0.0000!0.0000!!!!!!!!!!!!!!!!!
S!SMD1010UX1450U!00013!~BFM!o!v!!0.0000!0.0000!0.0000!0.0000!!!!!!!!!!!!!!!!!
S!SMD1010UX1450U!00014!~DRILL!o!v!0.0000!0.0000!0.0000!0.0000!0.0000!!P!!n!!!!!!!!!!!!!
S!SMD35X20!00001!TOP!o!v!RECTANGLE!0.8890!0.5080!0.0000!0.0000!!!!0.0000!0.0000!0.0000!0.0000!!!!0.0000!0.0000!0.0000!0.0000!!!
S!SMD35X20!00002!internal_pad_def!o!v!!0.0000!0.0000!0.0000!0.0000!!!!0.0000!0.0000!0.0000!0.0000!!!!0.0000!0.0000!0.0000!0.0000!!!
S!SMD35X20!00003!VCC!o!v!!0.0000!0.0000!0.0000!0.0000!!!!0.0000!0.0000!0.0000!0.0000!!!!0.0000!0.0000!0.0000!0.0000!!!
S!SMD35X20!00004!MIDDLE1!o!v!!0.0000!0.0000!0.0000!0.0000!!!!0.0000!0.0000!0.0000!0.0000!!!!0.0000!0.0000!0.0000!0.0000!!!
S!SMD35X20!00005!MIDDLE2!o!v!!0.0000!0.0000!0.0000!0.0000!!!!0.0000!0.0000!0.0000!0.0000!!!!0.0000!0.0000!0.0000!0.0000!!!
S!SMD35X20!00006!GND!o!v!!0.0000!0.0000!0.0000!0.0000!!!!0.0000!0.0000!0.0000!0.0000!!!!0.0000!0.0000!0.0000!0.0000!!!
S!SMD35X20!00007!BOTTOM!o!v!!0.0000!0.0000!0.0000!0.0000!!!!0.0000!0.0000!0.0000!0.0000!!!!0.0000!0.0000!0.0000!0.0000!!!
S!SMD35X20!00008!~TSM!o!v!RECTANGLE!1.0414!0.6604!0.0000!0.0000!!!!!!!!!!!!!!!!!
S!SMD35X20!00009!~BSM!o!v!!0.0000!0.0000!0.0000!0.0000!!!!!!!!!!!!!!!!!
S!SMD35X20!00010!~TPM!o!v!RECTANGLE!0.8128!0.4572!0.0000!0.0000!!!!!!!!!!!!!!!!!
S!SMD35X20!00011!~BPM!o!v!!0.0000!0.0000!0.0000!0.0000!!!!!!!!!!!!!!!!!
S!SMD35X20!00012!~TFM!o!v!!0.0000!0.0000!0.0000!0.0000!!!!!!!!!!!!!!!!!
S!SMD35X20!00013!~BFM!o!v!!0.0000!0.0000!0.0000!0.0000!!!!!!!!!!!!!!!!!
S!SMD35X20!00014!~DRILL!o!v!0.0000!0.0000!0.0000!0.0000!0.0000!!P!!n!!!!!!!!!!!!!
S!SMD25X20!00001!TOP!o!v!RECTANGLE!0.6350!0.5080!0.0000!0.0000!!!!0.0000!0.0000!0.0000!0.0000!!!!0.0000!0.0000!0.0000!0.0000!!!
S!SMD25X20!00002!internal_pad_def!o!v!!0.0000!0.0000!0.0000!0.0000!!!!0.0000!0.0000!0.0000!0.0000!!!!0.0000!0.0000!0.0000!0.0000!!!
S!SMD25X20!00003!VCC!o!v!!0.0000!0.0000!0.0000!0.0000!!!!0.0000!0.0000!0.0000!0.0000!!!!0.0000!0.0000!0.0000!0.0000!!!
S!SMD25X20!00004!MIDDLE1!o!v!!0.0000!0.0000!0.0000!0.0000!!!!0.0000!0.0000!0.0000!0.0000!!!!0.0000!0.0000!0.0000!0.0000!!!
S!SMD25X20!00005!MIDDLE2!o!v!!0.0000!0.0000!0.0000!0.0000!!!!0.0000!0.0000!0.0000!0.0000!!!!0.0000!0.0000!0.0000!0.0000!!!
S!SMD25X20!00006!GND!o!v!!0.0000!0.0000!0.0000!0.0000!!!!0.0000!0.0000!0.0000!0.0000!!!!0.0000!0.0000!0.0000!0.0000!!!
S!SMD25X20!00007!BOTTOM!o!v!!0.0000!0.0000!0.0000!0.0000!!!!0.0000!0.0000!0.0000!0.0000!!!!0.0000!0.0000!0.0000!0.0000!!!
S!SMD25X20!00008!~TSM!o!v!RECTANGLE!0.7874!0.6604!0.0000!0.0000!!!!!!!!!!!!!!!!!
S!SMD25X20!00009!~BSM!o!v!!0.0000!0.0000!0.0000!0.0000!!!!!!!!!!!!!!!!!
S!SMD25X20!00010!~TPM!o!v!RECTANGLE!0.5588!0.4572!0.0000!0.0000!!!!!!!!!!!!!!!!!
S!SMD25X20!00011!~BPM!o!v!!0.0000!0.0000!0.0000!0.0000!!!!!!!!!!!!!!!!!
S!SMD25X20!00012!~TFM!o!v!!0.0000!0.0000!0.0000!0.0000!!!!!!!!!!!!!!!!!
S!SMD25X20!00013!~BFM!o!v!!0.0000!0.0000!0.0000!0.0000!!!!!!!!!!!!!!!!!
S!SMD25X20!00014!~DRILL!o!v!0.0000!0.0000!0.0000!0.0000!0.0000!!P!!n!!!!!!!!!!!!!
S!SMD3800UX3800U!00001!TOP!o!v!SQUARE!3.8000!3.8000!0.0000!0.0000!!!!0.0000!0.0000!0.0000!0.0000!!!SQUARE!4.3000!4.3000!0.0000!0.0000!!!
S!SMD3800UX3800U!00002!internal_pad_def!o!v!!0.0000!0.0000!0.0000!0.0000!!!!0.0000!0.0000!0.0000!0.0000!!!!0.0000!0.0000!0.0000!0.0000!!!
S!SMD3800UX3800U!00003!VCC!o!v!!0.0000!0.0000!0.0000!0.0000!!!!0.0000!0.0000!0.0000!0.0000!!!!0.0000!0.0000!0.0000!0.0000!!!
S!SMD3800UX3800U!00004!MIDDLE1!o!v!!0.0000!0.0000!0.0000!0.0000!!!!0.0000!0.0000!0.0000!0.0000!!!!0.0000!0.0000!0.0000!0.0000!!!
S!SMD3800UX3800U!00005!MIDDLE2!o!v!!0.0000!0.0000!0.0000!0.0000!!!!0.0000!0.0000!0.0000!0.0000!!!!0.0000!0.0000!0.0000!0.0000!!!
S!SMD3800UX3800U!00006!GND!o!v!!0.0000!0.0000!0.0000!0.0000!!!!0.0000!0.0000!0.0000!0.0000!!!!0.0000!0.0000!0.0000!0.0000!!!
S!SMD3800UX3800U!00007!BOTTOM!o!v!!0.0000!0.0000!0.0000!0.0000!!!!0.0000!0.0000!0.0000!0.0000!!!!0.0000!0.0000!0.0000!0.0000!!!
S!SMD3800UX3800U!00008!~TSM!o!v!SQUARE!3.9500!3.9500!0.0000!0.0000!!!!!!!!!!!!!!!!!
S!SMD3800UX3800U!00009!~BSM!o!v!!0.0000!0.0000!0.0000!0.0000!!!!!!!!!!!!!!!!!
S!SMD3800UX3800U!00010!~TPM!o!v!SQUARE!3.4200!3.4200!0.0000!0.0000!!!!!!!!!!!!!!!!!
S!SMD3800UX3800U!00011!~BPM!o!v!!0.0000!0.0000!0.0000!0.0000!!!!!!!!!!!!!!!!!
S!SMD3800UX3800U!00012!~TFM!o!v!!0.0000!0.0000!0.0000!0.0000!!!!!!!!!!!!!!!!!
S!SMD3800UX3800U!00013!~BFM!o!v!!0.0000!0.0000!0.0000!0.0000!!!!!!!!!!!!!!!!!
S!SMD3800UX3800U!00014!~DRILL!o!v!0.0000!0.0000!0.0000!0.0000!0.0000!!P!!n!!!!!!!!!!!!!
S!SMD250UX450U!00001!TOP!o!v!RECTANGLE!0.2500!0.4500!0.0000!0.0000!!!!0.0000!0.0000!0.0000!0.0000!!!!0.0000!0.0000!0.0000!0.0000!!!
S!SMD250UX450U!00002!internal_pad_def!o!v!!0.0000!0.0000!0.0000!0.0000!!!!0.0000!0.0000!0.0000!0.0000!!!!0.0000!0.0000!0.0000!0.0000!!!
S!SMD250UX450U!00003!VCC!o!v!!0.0000!0.0000!0.0000!0.0000!!!!0.0000!0.0000!0.0000!0.0000!!!!0.0000!0.0000!0.0000!0.0000!!!
S!SMD250UX450U!00004!MIDDLE1!o!v!!0.0000!0.0000!0.0000!0.0000!!!!0.0000!0.0000!0.0000!0.0000!!!!0.0000!0.0000!0.0000!0.0000!!!
S!SMD250UX450U!00005!MIDDLE2!o!v!!0.0000!0.0000!0.0000!0.0000!!!!0.0000!0.0000!0.0000!0.0000!!!!0.0000!0.0000!0.0000!0.0000!!!
S!SMD250UX450U!00006!GND!o!v!!0.0000!0.0000!0.0000!0.0000!!!!0.0000!0.0000!0.0000!0.0000!!!!0.0000!0.0000!0.0000!0.0000!!!
S!SMD250UX450U!00007!BOTTOM!o!v!!0.0000!0.0000!0.0000!0.0000!!!!0.0000!0.0000!0.0000!0.0000!!!!0.0000!0.0000!0.0000!0.0000!!!
S!SMD250UX450U!00008!~TSM!o!v!RECTANGLE!0.4000!0.6000!0.0000!0.0000!!!!!!!!!!!!!!!!!
S!SMD250UX450U!00009!~BSM!o!v!!0.0000!0.0000!0.0000!0.0000!!!!!!!!!!!!!!!!!
S!SMD250UX450U!00010!~TPM!o!v!RECTANGLE!0.2250!0.4050!0.0000!0.0000!!!!!!!!!!!!!!!!!
S!SMD250UX450U!00011!~BPM!o!v!!0.0000!0.0000!0.0000!0.0000!!!!!!!!!!!!!!!!!
S!SMD250UX450U!00012!~TFM!o!v!!0.0000!0.0000!0.0000!0.0000!!!!!!!!!!!!!!!!!
S!SMD250UX450U!00013!~BFM!o!v!!0.0000!0.0000!0.0000!0.0000!!!!!!!!!!!!!!!!!
S!SMD250UX450U!00014!~DRILL!o!v!0.0000!0.0000!0.0000!0.0000!0.0000!!P!!n!!!!!!!!!!!!!
S!HOLE2-8P!00001!TOP!o!!CIRCLE!4.8260!4.8260!0.0000!0.0000!!!CIRCLE!5.5880!5.5880!0.0000!0.0000!!!CIRCLE!5.4610!5.4610!0.0000!0.0000!!!
S!HOLE2-8P!00002!internal_pad_def!o!!CIRCLE!4.6990!4.6990!0.0000!0.0000!!!CIRCLE!5.4610!5.4610!0.0000!0.0000!!!CIRCLE!5.3340!5.3340!0.0000!0.0000!!!
S!HOLE2-8P!00003!VCC!o!!CIRCLE!4.6990!4.6990!0.0000!0.0000!!!CIRCLE!5.4610!5.4610!0.0000!0.0000!!!CIRCLE!5.3340!5.3340!0.0000!0.0000!!!
S!HOLE2-8P!00004!MIDDLE1!o!!CIRCLE!4.6990!4.6990!0.0000!0.0000!!!CIRCLE!5.4610!5.4610!0.0000!0.0000!!!CIRCLE!5.3340!5.3340!0.0000!0.0000!!!
S!HOLE2-8P!00005!MIDDLE2!o!!CIRCLE!4.6990!4.6990!0.0000!0.0000!!!CIRCLE!5.4610!5.4610!0.0000!0.0000!!!CIRCLE!5.3340!5.3340!0.0000!0.0000!!!
S!HOLE2-8P!00006!GND!o!!CIRCLE!4.6990!4.6990!0.0000!0.0000!!!CIRCLE!5.4610!5.4610!0.0000!0.0000!!!CIRCLE!5.3340!5.3340!0.0000!0.0000!!!
S!HOLE2-8P!00007!BOTTOM!o!!CIRCLE!4.8260!4.8260!0.0000!0.0000!!!CIRCLE!5.5880!5.5880!0.0000!0.0000!!!CIRCLE!5.4610!5.4610!0.0000!0.0000!!!
S!HOLE2-8P!00008!~TSM!o!!CIRCLE!4.9784!4.9784!0.0000!0.0000!!!!!!!!!!!!!!!!!
S!HOLE2-8P!00009!~BSM!o!!CIRCLE!4.9784!4.9784!0.0000!0.0000!!!!!!!!!!!!!!!!!
S!HOLE2-8P!00010!~TPM!o!!!0.0000!0.0000!0.0000!0.0000!!!!!!!!!!!!!!!!!
S!HOLE2-8P!00011!~BPM!o!!!0.0000!0.0000!0.0000!0.0000!!!!!!!!!!!!!!!!!
S!HOLE2-8P!00012!~TFM!o!!!0.0000!0.0000!0.0000!0.0000!!!!!!!!!!!!!!!!!
S!HOLE2-8P!00013!~BFM!o!!!0.0000!0.0000!0.0000!0.0000!!!!!!!!!!!!!!!!!
S!HOLE2-8P!00014!~DRILL!o!!2.7940!2.2860!2.5400!0.0000!0.0000!!P!T!n!!!!!!!!!!!!!
S!PAD60SQ0-8D!00001!TOP!o!!SQUARE!1.5240!1.5240!0.0000!0.0000!!!SQUARE!2.1336!2.1336!0.0000!0.0000!!!SQUARE!2.0320!2.0320!0.0000!0.0000!!!
S!PAD60SQ0-8D!00002!internal_pad_def!o!!CIRCLE!1.4224!1.4224!0.0000!0.0000!!!CIRCLE!2.0320!2.0320!0.0000!0.0000!!!CIRCLE!1.9304!1.9304!0.0000!0.0000!!!
S!PAD60SQ0-8D!00003!VCC!o!!CIRCLE!1.4224!1.4224!0.0000!0.0000!!!CIRCLE!2.0320!2.0320!0.0000!0.0000!!!CIRCLE!1.9304!1.9304!0.0000!0.0000!!!
S!PAD60SQ0-8D!00004!MIDDLE1!o!!CIRCLE!1.4224!1.4224!0.0000!0.0000!!!CIRCLE!2.0320!2.0320!0.0000!0.0000!!!CIRCLE!1.9304!1.9304!0.0000!0.0000!!!
S!PAD60SQ0-8D!00005!MIDDLE2!o!!CIRCLE!1.4224!1.4224!0.0000!0.0000!!!CIRCLE!2.0320!2.0320!0.0000!0.0000!!!CIRCLE!1.9304!1.9304!0.0000!0.0000!!!
S!PAD60SQ0-8D!00006!GND!o!!CIRCLE!1.4224!1.4224!0.0000!0.0000!!!CIRCLE!2.0320!2.0320!0.0000!0.0000!!!CIRCLE!1.9304!1.9304!0.0000!0.0000!!!
S!PAD60SQ0-8D!00007!BOTTOM!o!!SQUARE!1.5240!1.5240!0.0000!0.0000!!!SQUARE!2.1336!2.1336!0.0000!0.0000!!!SQUARE!2.0320!2.0320!0.0000!0.0000!!!
S!PAD60SQ0-8D!00008!~TSM!o!!SQUARE!1.6764!1.6764!0.0000!0.0000!!!!!!!!!!!!!!!!!
S!PAD60SQ0-8D!00009!~BSM!o!!SQUARE!1.6764!1.6764!0.0000!0.0000!!!!!!!!!!!!!!!!!
S!PAD60SQ0-8D!00010!~TPM!o!!!0.0000!0.0000!0.0000!0.0000!!!!!!!!!!!!!!!!!
S!PAD60SQ0-8D!00011!~BPM!o!!!0.0000!0.0000!0.0000!0.0000!!!!!!!!!!!!!!!!!
S!PAD60SQ0-8D!00012!~TFM!o!!!0.0000!0.0000!0.0000!0.0000!!!!!!!!!!!!!!!!!
S!PAD60SQ0-8D!00013!~BFM!o!!!0.0000!0.0000!0.0000!0.0000!!!!!!!!!!!!!!!!!
S!PAD60SQ0-8D!00014!~DRILL!o!!0.8128!1.5240!1.5240!0.0000!0.0000!CIRCLE!P!!n!!!!!!!!!!!!!
S!PAD60RD0-8D!00001!TOP!o!!CIRCLE!1.5240!1.5240!0.0000!0.0000!!!CIRCLE!2.1336!2.1336!0.0000!0.0000!!!CIRCLE!2.0320!2.0320!0.0000!0.0000!!!
S!PAD60RD0-8D!00002!internal_pad_def!o!!CIRCLE!1.4224!1.4224!0.0000!0.0000!!!CIRCLE!2.0320!2.0320!0.0000!0.0000!!!CIRCLE!1.9304!1.9304!0.0000!0.0000!!!
S!PAD60RD0-8D!00003!VCC!o!!CIRCLE!1.4224!1.4224!0.0000!0.0000!!!CIRCLE!2.0320!2.0320!0.0000!0.0000!!!CIRCLE!1.9304!1.9304!0.0000!0.0000!!!
S!PAD60RD0-8D!00004!MIDDLE1!o!!CIRCLE!1.4224!1.4224!0.0000!0.0000!!!CIRCLE!2.0320!2.0320!0.0000!0.0000!!!CIRCLE!1.9304!1.9304!0.0000!0.0000!!!
S!PAD60RD0-8D!00005!MIDDLE2!o!!CIRCLE!1.4224!1.4224!0.0000!0.0000!!!CIRCLE!2.0320!2.0320!0.0000!0.0000!!!CIRCLE!1.9304!1.9304!0.0000!0.0000!!!
S!PAD60RD0-8D!00006!GND!o!!CIRCLE!1.4224!1.4224!0.0000!0.0000!!!CIRCLE!2.0320!2.0320!0.0000!0.0000!!!CIRCLE!1.9304!1.9304!0.0000!0.0000!!!
S!PAD60RD0-8D!00007!BOTTOM!o!!CIRCLE!1.5240!1.5240!0.0000!0.0000!!!CIRCLE!2.1336!2.1336!0.0000!0.0000!!!CIRCLE!2.0320!2.0320!0.0000!0.0000!!!
S!PAD60RD0-8D!00008!~TSM!o!!CIRCLE!1.6764!1.6764!0.0000!0.0000!!!!!!!!!!!!!!!!!
S!PAD60RD0-8D!00009!~BSM!o!!CIRCLE!1.6764!1.6764!0.0000!0.0000!!!!!!!!!!!!!!!!!
S!PAD60RD0-8D!00010!~TPM!o!!!0.0000!0.0000!0.0000!0.0000!!!!!!!!!!!!!!!!!
S!PAD60RD0-8D!00011!~BPM!o!!!0.0000!0.0000!0.0000!0.0000!!!!!!!!!!!!!!!!!
S!PAD60RD0-8D!00012!~TFM!o!!!0.0000!0.0000!0.0000!0.0000!!!!!!!!!!!!!!!!!
S!PAD60RD0-8D!00013!~BFM!o!!!0.0000!0.0000!0.0000!0.0000!!!!!!!!!!!!!!!!!
S!PAD60RD0-8D!00014!~DRILL!o!!0.8128!1.5240!1.5240!0.0000!0.0000!CIRCLE!P!!n!!!!!!!!!!!!!
S!SMD40X68!00001!TOP!o!v!RECTANGLE!1.0160!1.7272!0.0000!0.0000!!!!0.0000!0.0000!0.0000!0.0000!!!!0.0000!0.0000!0.0000!0.0000!!!
S!SMD40X68!00002!internal_pad_def!o!v!!0.0000!0.0000!0.0000!0.0000!!!!0.0000!0.0000!0.0000!0.0000!!!!0.0000!0.0000!0.0000!0.0000!!!
S!SMD40X68!00003!VCC!o!v!!0.0000!0.0000!0.0000!0.0000!!!!0.0000!0.0000!0.0000!0.0000!!!!0.0000!0.0000!0.0000!0.0000!!!
S!SMD40X68!00004!MIDDLE1!o!v!!0.0000!0.0000!0.0000!0.0000!!!!0.0000!0.0000!0.0000!0.0000!!!!0.0000!0.0000!0.0000!0.0000!!!
S!SMD40X68!00005!MIDDLE2!o!v!!0.0000!0.0000!0.0000!0.0000!!!!0.0000!0.0000!0.0000!0.0000!!!!0.0000!0.0000!0.0000!0.0000!!!
S!SMD40X68!00006!GND!o!v!!0.0000!0.0000!0.0000!0.0000!!!!0.0000!0.0000!0.0000!0.0000!!!!0.0000!0.0000!0.0000!0.0000!!!
S!SMD40X68!00007!BOTTOM!o!v!!0.0000!0.0000!0.0000!0.0000!!!!0.0000!0.0000!0.0000!0.0000!!!!0.0000!0.0000!0.0000!0.0000!!!
S!SMD40X68!00008!~TSM!o!v!RECTANGLE!1.1684!1.8796!0.0000!0.0000!!!!!!!!!!!!!!!!!
S!SMD40X68!00009!~BSM!o!v!!0.0000!0.0000!0.0000!0.0000!!!!!!!!!!!!!!!!!
S!SMD40X68!00010!~TPM!o!v!RECTANGLE!0.9144!1.5240!0.0000!0.0000!!!!!!!!!!!!!!!!!
S!SMD40X68!00011!~BPM!o!v!!0.0000!0.0000!0.0000!0.0000!!!!!!!!!!!!!!!!!
S!SMD40X68!00012!~TFM!o!v!!0.0000!0.0000!0.0000!0.0000!!!!!!!!!!!!!!!!!
S!SMD40X68!00013!~BFM!o!v!!0.0000!0.0000!0.0000!0.0000!!!!!!!!!!!!!!!!!
S!SMD40X68!00014!~DRILL!o!v!0.0000!0.0000!0.0000!0.0000!0.0000!!P!!n!!!!!!!!!!!!!
S!SMD70X90!00001!TOP!o!v!RECTANGLE!1.7780!2.2860!0.0000!0.0000!!!!0.0000!0.0000!0.0000!0.0000!!!!0.0000!0.0000!0.0000!0.0000!!!
S!SMD70X90!00002!internal_pad_def!o!v!!0.0000!0.0000!0.0000!0.0000!!!!0.0000!0.0000!0.0000!0.0000!!!!0.0000!0.0000!0.0000!0.0000!!!
S!SMD70X90!00003!VCC!o!v!!0.0000!0.0000!0.0000!0.0000!!!!0.0000!0.0000!0.0000!0.0000!!!!0.0000!0.0000!0.0000!0.0000!!!
S!SMD70X90!00004!MIDDLE1!o!v!!0.0000!0.0000!0.0000!0.0000!!!!0.0000!0.0000!0.0000!0.0000!!!!0.0000!0.0000!0.0000!0.0000!!!
S!SMD70X90!00005!MIDDLE2!o!v!!0.0000!0.0000!0.0000!0.0000!!!!0.0000!0.0000!0.0000!0.0000!!!!0.0000!0.0000!0.0000!0.0000!!!
S!SMD70X90!00006!GND!o!v!!0.0000!0.0000!0.0000!0.0000!!!!0.0000!0.0000!0.0000!0.0000!!!!0.0000!0.0000!0.0000!0.0000!!!
S!SMD70X90!00007!BOTTOM!o!v!!0.0000!0.0000!0.0000!0.0000!!!!0.0000!0.0000!0.0000!0.0000!!!!0.0000!0.0000!0.0000!0.0000!!!
S!SMD70X90!00008!~TSM!o!v!RECTANGLE!1.9304!2.4384!0.0000!0.0000!!!!!!!!!!!!!!!!!
S!SMD70X90!00009!~BSM!o!v!!0.0000!0.0000!0.0000!0.0000!!!!!!!!!!!!!!!!!
S!SMD70X90!00010!~TPM!o!v!RECTANGLE!1.6002!2.0828!0.0000!0.0000!!!!!!!!!!!!!!!!!
S!SMD70X90!00011!~BPM!o!v!!0.0000!0.0000!0.0000!0.0000!!!!!!!!!!!!!!!!!
S!SMD70X90!00012!~TFM!o!v!!0.0000!0.0000!0.0000!0.0000!!!!!!!!!!!!!!!!!
S!SMD70X90!00013!~BFM!o!v!!0.0000!0.0000!0.0000!0.0000!!!!!!!!!!!!!!!!!
S!SMD70X90!00014!~DRILL!o!v!0.0000!0.0000!0.0000!0.0000!0.0000!!P!!n!!!!!!!!!!!!!
S!SMD350X420!00001!TOP!o!v!RECTANGLE!8.8900!10.6680!0.0000!0.0000!!!!0.0000!0.0000!0.0000!0.0000!!!!0.0000!0.0000!0.0000!0.0000!!!
S!SMD350X420!00002!internal_pad_def!o!v!!0.0000!0.0000!0.0000!0.0000!!!!0.0000!0.0000!0.0000!0.0000!!!!0.0000!0.0000!0.0000!0.0000!!!
S!SMD350X420!00003!VCC!o!v!!0.0000!0.0000!0.0000!0.0000!!!!0.0000!0.0000!0.0000!0.0000!!!!0.0000!0.0000!0.0000!0.0000!!!
S!SMD350X420!00004!MIDDLE1!o!v!!0.0000!0.0000!0.0000!0.0000!!!!0.0000!0.0000!0.0000!0.0000!!!!0.0000!0.0000!0.0000!0.0000!!!
S!SMD350X420!00005!MIDDLE2!o!v!!0.0000!0.0000!0.0000!0.0000!!!!0.0000!0.0000!0.0000!0.0000!!!!0.0000!0.0000!0.0000!0.0000!!!
S!SMD350X420!00006!GND!o!v!!0.0000!0.0000!0.0000!0.0000!!!!0.0000!0.0000!0.0000!0.0000!!!!0.0000!0.0000!0.0000!0.0000!!!
S!SMD350X420!00007!BOTTOM!o!v!!0.0000!0.0000!0.0000!0.0000!!!!0.0000!0.0000!0.0000!0.0000!!!!0.0000!0.0000!0.0000!0.0000!!!
S!SMD350X420!00008!~TSM!o!v!RECTANGLE!9.0424!10.8204!0.0000!0.0000!!!!!!!!!!!!!!!!!
S!SMD350X420!00009!~BSM!o!v!!0.0000!0.0000!0.0000!0.0000!!!!!!!!!!!!!!!!!
S!SMD350X420!00010!~TPM!o!v!RECTANGLE!8.0010!9.6520!0.0000!0.0000!!!!!!!!!!!!!!!!!
S!SMD350X420!00011!~BPM!o!v!!0.0000!0.0000!0.0000!0.0000!!!!!!!!!!!!!!!!!
S!SMD350X420!00012!~TFM!o!v!!0.0000!0.0000!0.0000!0.0000!!!!!!!!!!!!!!!!!
S!SMD350X420!00013!~BFM!o!v!!0.0000!0.0000!0.0000!0.0000!!!!!!!!!!!!!!!!!
S!SMD350X420!00014!~DRILL!o!v!0.0000!0.0000!0.0000!0.0000!0.0000!!P!!n!!!!!!!!!!!!!
S!SMD80X145!00001!TOP!o!v!RECTANGLE!2.0320!3.6830!0.0000!0.0000!!!!0.0000!0.0000!0.0000!0.0000!!!!0.0000!0.0000!0.0000!0.0000!!!
S!SMD80X145!00002!internal_pad_def!o!v!!0.0000!0.0000!0.0000!0.0000!!!!0.0000!0.0000!0.0000!0.0000!!!!0.0000!0.0000!0.0000!0.0000!!!
S!SMD80X145!00003!VCC!o!v!!0.0000!0.0000!0.0000!0.0000!!!!0.0000!0.0000!0.0000!0.0000!!!!0.0000!0.0000!0.0000!0.0000!!!
S!SMD80X145!00004!MIDDLE1!o!v!!0.0000!0.0000!0.0000!0.0000!!!!0.0000!0.0000!0.0000!0.0000!!!!0.0000!0.0000!0.0000!0.0000!!!
S!SMD80X145!00005!MIDDLE2!o!v!!0.0000!0.0000!0.0000!0.0000!!!!0.0000!0.0000!0.0000!0.0000!!!!0.0000!0.0000!0.0000!0.0000!!!
S!SMD80X145!00006!GND!o!v!!0.0000!0.0000!0.0000!0.0000!!!!0.0000!0.0000!0.0000!0.0000!!!!0.0000!0.0000!0.0000!0.0000!!!
S!SMD80X145!00007!BOTTOM!o!v!!0.0000!0.0000!0.0000!0.0000!!!!0.0000!0.0000!0.0000!0.0000!!!!0.0000!0.0000!0.0000!0.0000!!!
S!SMD80X145!00008!~TSM!o!v!RECTANGLE!2.1844!3.8354!0.0000!0.0000!!!!!!!!!!!!!!!!!
S!SMD80X145!00009!~BSM!o!v!!0.0000!0.0000!0.0000!0.0000!!!!!!!!!!!!!!!!!
S!SMD80X145!00010!~TPM!o!v!RECTANGLE!1.8288!3.3020!0.0000!0.0000!!!!!!!!!!!!!!!!!
S!SMD80X145!00011!~BPM!o!v!!0.0000!0.0000!0.0000!0.0000!!!!!!!!!!!!!!!!!
S!SMD80X145!00012!~TFM!o!v!!0.0000!0.0000!0.0000!0.0000!!!!!!!!!!!!!!!!!
S!SMD80X145!00013!~BFM!o!v!!0.0000!0.0000!0.0000!0.0000!!!!!!!!!!!!!!!!!
S!SMD80X145!00014!~DRILL!o!v!0.0000!0.0000!0.0000!0.0000!0.0000!!P!!n!!!!!!!!!!!!!
S!PAD64RD0-9D!00001!TOP!o!!CIRCLE!1.6256!1.6256!0.0000!0.0000!!!CIRCLE!2.2352!2.2352!0.0000!0.0000!!!CIRCLE!2.1336!2.1336!0.0000!0.0000!!!
S!PAD64RD0-9D!00002!internal_pad_def!o!!CIRCLE!1.5240!1.5240!0.0000!0.0000!!!CIRCLE!2.1336!2.1336!0.0000!0.0000!!!CIRCLE!2.0320!2.0320!0.0000!0.0000!!!
S!PAD64RD0-9D!00003!VCC!o!!CIRCLE!1.5240!1.5240!0.0000!0.0000!!!CIRCLE!2.1336!2.1336!0.0000!0.0000!!!CIRCLE!2.0320!2.0320!0.0000!0.0000!!!
S!PAD64RD0-9D!00004!MIDDLE1!o!!CIRCLE!1.5240!1.5240!0.0000!0.0000!!!CIRCLE!2.1336!2.1336!0.0000!0.0000!!!CIRCLE!2.0320!2.0320!0.0000!0.0000!!!
S!PAD64RD0-9D!00005!MIDDLE2!o!!CIRCLE!1.5240!1.5240!0.0000!0.0000!!!CIRCLE!2.1336!2.1336!0.0000!0.0000!!!CIRCLE!2.0320!2.0320!0.0000!0.0000!!!
S!PAD64RD0-9D!00006!GND!o!!CIRCLE!1.5240!1.5240!0.0000!0.0000!!!CIRCLE!2.1336!2.1336!0.0000!0.0000!!!CIRCLE!2.0320!2.0320!0.0000!0.0000!!!
S!PAD64RD0-9D!00007!BOTTOM!o!!CIRCLE!1.6256!1.6256!0.0000!0.0000!!!CIRCLE!2.2352!2.2352!0.0000!0.0000!!!CIRCLE!2.1336!2.1336!0.0000!0.0000!!!
S!PAD64RD0-9D!00008!~TSM!o!!CIRCLE!1.7780!1.7780!0.0000!0.0000!!!!!!!!!!!!!!!!!
S!PAD64RD0-9D!00009!~BSM!o!!CIRCLE!1.7780!1.7780!0.0000!0.0000!!!!!!!!!!!!!!!!!
S!PAD64RD0-9D!00010!~TPM!o!!!0.0000!0.0000!0.0000!0.0000!!!!!!!!!!!!!!!!!
S!PAD64RD0-9D!00011!~BPM!o!!!0.0000!0.0000!0.0000!0.0000!!!!!!!!!!!!!!!!!
S!PAD64RD0-9D!00012!~TFM!o!!!0.0000!0.0000!0.0000!0.0000!!!!!!!!!!!!!!!!!
S!PAD64RD0-9D!00013!~BFM!o!!!0.0000!0.0000!0.0000!0.0000!!!!!!!!!!!!!!!!!
S!PAD64RD0-9D!00014!~DRILL!o!!0.9144!1.8288!2.0320!0.0000!0.0000!!P!A!n!!!!!!!!!!!!!
S!PAD64SQ0-9D!00001!TOP!o!!SQUARE!1.6256!1.6256!0.0000!0.0000!!!SQUARE!2.2352!2.2352!0.0000!0.0000!!!SQUARE!2.1336!2.1336!0.0000!0.0000!!!
S!PAD64SQ0-9D!00002!internal_pad_def!o!!CIRCLE!1.6256!1.6256!0.0000!0.0000!!!CIRCLE!2.1336!2.1336!0.0000!0.0000!!!CIRCLE!2.0320!2.0320!0.0000!0.0000!!!
S!PAD64SQ0-9D!00003!VCC!o!!CIRCLE!1.6256!1.6256!0.0000!0.0000!!!CIRCLE!2.1336!2.1336!0.0000!0.0000!!!CIRCLE!2.0320!2.0320!0.0000!0.0000!!!
S!PAD64SQ0-9D!00004!MIDDLE1!o!!CIRCLE!1.6256!1.6256!0.0000!0.0000!!!CIRCLE!2.1336!2.1336!0.0000!0.0000!!!CIRCLE!2.0320!2.0320!0.0000!0.0000!!!
S!PAD64SQ0-9D!00005!MIDDLE2!o!!CIRCLE!1.6256!1.6256!0.0000!0.0000!!!CIRCLE!2.1336!2.1336!0.0000!0.0000!!!CIRCLE!2.0320!2.0320!0.0000!0.0000!!!
S!PAD64SQ0-9D!00006!GND!o!!CIRCLE!1.6256!1.6256!0.0000!0.0000!!!CIRCLE!2.1336!2.1336!0.0000!0.0000!!!CIRCLE!2.0320!2.0320!0.0000!0.0000!!!
S!PAD64SQ0-9D!00007!BOTTOM!o!!SQUARE!1.6256!1.6256!0.0000!0.0000!!!SQUARE!2.2352!2.2352!0.0000!0.0000!!!SQUARE!2.1336!2.1336!0.0000!0.0000!!!
S!PAD64SQ0-9D!00008!~TSM!o!!SQUARE!1.7780!1.7780!0.0000!0.0000!!!!!!!!!!!!!!!!!
S!PAD64SQ0-9D!00009!~BSM!o!!SQUARE!1.7780!1.7780!0.0000!0.0000!!!!!!!!!!!!!!!!!
S!PAD64SQ0-9D!00010!~TPM!o!!!0.0000!0.0000!0.0000!0.0000!!!!!!!!!!!!!!!!!
S!PAD64SQ0-9D!00011!~BPM!o!!!0.0000!0.0000!0.0000!0.0000!!!!!!!!!!!!!!!!!
S!PAD64SQ0-9D!00012!~TFM!o!!!0.0000!0.0000!0.0000!0.0000!!!!!!!!!!!!!!!!!
S!PAD64SQ0-9D!00013!~BFM!o!!!0.0000!0.0000!0.0000!0.0000!!!!!!!!!!!!!!!!!
S!PAD64SQ0-9D!00014!~DRILL!o!!0.9144!1.8288!2.0320!0.0000!0.0000!!P!A!n!!!!!!!!!!!!!
S!SMD150X167!00001!TOP!o!v!RECTANGLE!4.2418!3.8100!0.0000!0.0000!!!!0.0000!0.0000!0.0000!0.0000!!!!0.0000!0.0000!0.0000!0.0000!!!
S!SMD150X167!00002!internal_pad_def!o!v!!0.0000!0.0000!0.0000!0.0000!!!!0.0000!0.0000!0.0000!0.0000!!!!0.0000!0.0000!0.0000!0.0000!!!
S!SMD150X167!00003!VCC!o!v!!0.0000!0.0000!0.0000!0.0000!!!!0.0000!0.0000!0.0000!0.0000!!!!0.0000!0.0000!0.0000!0.0000!!!
S!SMD150X167!00004!MIDDLE1!o!v!!0.0000!0.0000!0.0000!0.0000!!!!0.0000!0.0000!0.0000!0.0000!!!!0.0000!0.0000!0.0000!0.0000!!!
S!SMD150X167!00005!MIDDLE2!o!v!!0.0000!0.0000!0.0000!0.0000!!!!0.0000!0.0000!0.0000!0.0000!!!!0.0000!0.0000!0.0000!0.0000!!!
S!SMD150X167!00006!GND!o!v!!0.0000!0.0000!0.0000!0.0000!!!!0.0000!0.0000!0.0000!0.0000!!!!0.0000!0.0000!0.0000!0.0000!!!
S!SMD150X167!00007!BOTTOM!o!v!!0.0000!0.0000!0.0000!0.0000!!!!0.0000!0.0000!0.0000!0.0000!!!!0.0000!0.0000!0.0000!0.0000!!!
S!SMD150X167!00008!~TSM!o!v!RECTANGLE!4.4958!4.0640!0.0000!0.0000!!!!!!!!!!!!!!!!!
S!SMD150X167!00009!~BSM!o!v!!0.0000!0.0000!0.0000!0.0000!!!!!!!!!!!!!!!!!
S!SMD150X167!00010!~TPM!o!v!!0.0000!0.0000!0.0000!0.0000!!!!!!!!!!!!!!!!!
S!SMD150X167!00011!~BPM!o!v!!0.0000!0.0000!0.0000!0.0000!!!!!!!!!!!!!!!!!
S!SMD150X167!00012!~TFM!o!v!!0.0000!0.0000!0.0000!0.0000!!!!!!!!!!!!!!!!!
S!SMD150X167!00013!~BFM!o!v!!0.0000!0.0000!0.0000!0.0000!!!!!!!!!!!!!!!!!
S!SMD150X167!00014!~DRILL!o!v!0.0000!0.0000!0.0000!0.0000!0.0000!!P!!n!!!!!!!!!!!!!
S!SMD20_17!00001!TOP!o!v!RECTANGLE!0.5080!0.4318!0.0000!0.0000!!!!0.0000!0.0000!0.0000!0.0000!!!!0.0000!0.0000!0.0000!0.0000!!!
S!SMD20_17!00002!internal_pad_def!o!v!!0.0000!0.0000!0.0000!0.0000!!!!0.0000!0.0000!0.0000!0.0000!!!!0.0000!0.0000!0.0000!0.0000!!!
S!SMD20_17!00003!VCC!o!v!!0.0000!0.0000!0.0000!0.0000!!!!0.0000!0.0000!0.0000!0.0000!!!!0.0000!0.0000!0.0000!0.0000!!!
S!SMD20_17!00004!MIDDLE1!o!v!!0.0000!0.0000!0.0000!0.0000!!!!0.0000!0.0000!0.0000!0.0000!!!!0.0000!0.0000!0.0000!0.0000!!!
S!SMD20_17!00005!MIDDLE2!o!v!!0.0000!0.0000!0.0000!0.0000!!!!0.0000!0.0000!0.0000!0.0000!!!!0.0000!0.0000!0.0000!0.0000!!!
S!SMD20_17!00006!GND!o!v!!0.0000!0.0000!0.0000!0.0000!!!!0.0000!0.0000!0.0000!0.0000!!!!0.0000!0.0000!0.0000!0.0000!!!
S!SMD20_17!00007!BOTTOM!o!v!!0.0000!0.0000!0.0000!0.0000!!!!0.0000!0.0000!0.0000!0.0000!!!!0.0000!0.0000!0.0000!0.0000!!!
S!SMD20_17!00008!~TSM!o!v!RECTANGLE!0.6350!0.5588!0.0000!0.0000!!!!!!!!!!!!!!!!!
S!SMD20_17!00009!~BSM!o!v!!0.0000!0.0000!0.0000!0.0000!!!!!!!!!!!!!!!!!
S!SMD20_17!00010!~TPM!o!v!!0.0000!0.0000!0.0000!0.0000!!!!!!!!!!!!!!!!!
S!SMD20_17!00011!~BPM!o!v!!0.0000!0.0000!0.0000!0.0000!!!!!!!!!!!!!!!!!
S!SMD20_17!00012!~TFM!o!v!!0.0000!0.0000!0.0000!0.0000!!!!!!!!!!!!!!!!!
S!SMD20_17!00013!~BFM!o!v!!0.0000!0.0000!0.0000!0.0000!!!!!!!!!!!!!!!!!
S!SMD20_17!00014!~DRILL!o!v!0.0000!0.0000!0.0000!0.0000!0.0000!!P!!n!!!!!!!!!!!!!
S!SMD2300UX4200U!00001!TOP!o!v!RECTANGLE!2.3000!4.2000!0.0000!0.0000!!!!0.0000!0.0000!0.0000!0.0000!!!!0.0000!0.0000!0.0000!0.0000!!!
S!SMD2300UX4200U!00002!internal_pad_def!o!v!!0.0000!0.0000!0.0000!0.0000!!!!0.0000!0.0000!0.0000!0.0000!!!!0.0000!0.0000!0.0000!0.0000!!!
S!SMD2300UX4200U!00003!VCC!o!v!!0.0000!0.0000!0.0000!0.0000!!!!0.0000!0.0000!0.0000!0.0000!!!!0.0000!0.0000!0.0000!0.0000!!!
S!SMD2300UX4200U!00004!MIDDLE1!o!v!!0.0000!0.0000!0.0000!0.0000!!!!0.0000!0.0000!0.0000!0.0000!!!!0.0000!0.0000!0.0000!0.0000!!!
S!SMD2300UX4200U!00005!MIDDLE2!o!v!!0.0000!0.0000!0.0000!0.0000!!!!0.0000!0.0000!0.0000!0.0000!!!!0.0000!0.0000!0.0000!0.0000!!!
S!SMD2300UX4200U!00006!GND!o!v!!0.0000!0.0000!0.0000!0.0000!!!!0.0000!0.0000!0.0000!0.0000!!!!0.0000!0.0000!0.0000!0.0000!!!
S!SMD2300UX4200U!00007!BOTTOM!o!v!!0.0000!0.0000!0.0000!0.0000!!!!0.0000!0.0000!0.0000!0.0000!!!!0.0000!0.0000!0.0000!0.0000!!!
S!SMD2300UX4200U!00008!~TSM!o!v!RECTANGLE!2.4500!4.3500!0.0000!0.0000!!!!!!!!!!!!!!!!!
S!SMD2300UX4200U!00009!~BSM!o!v!!0.0000!0.0000!0.0000!0.0000!!!!!!!!!!!!!!!!!
S!SMD2300UX4200U!00010!~TPM!o!v!RECTANGLE!2.0700!3.7800!0.0000!0.0000!!!!!!!!!!!!!!!!!
S!SMD2300UX4200U!00011!~BPM!o!v!!0.0000!0.0000!0.0000!0.0000!!!!!!!!!!!!!!!!!
S!SMD2300UX4200U!00012!~TFM!o!v!!0.0000!0.0000!0.0000!0.0000!!!!!!!!!!!!!!!!!
S!SMD2300UX4200U!00013!~BFM!o!v!!0.0000!0.0000!0.0000!0.0000!!!!!!!!!!!!!!!!!
S!SMD2300UX4200U!00014!~DRILL!o!v!0.0000!0.0000!0.0000!0.0000!0.0000!!P!!n!!!!!!!!!!!!!
S!SMD100X90!00001!TOP!o!v!RECTANGLE!2.5400!2.2860!0.0000!0.0000!!!!0.0000!0.0000!0.0000!0.0000!!!!0.0000!0.0000!0.0000!0.0000!!!
S!SMD100X90!00002!internal_pad_def!o!v!!0.0000!0.0000!0.0000!0.0000!!!!0.0000!0.0000!0.0000!0.0000!!!!0.0000!0.0000!0.0000!0.0000!!!
S!SMD100X90!00003!VCC!o!v!!0.0000!0.0000!0.0000!0.0000!!!!0.0000!0.0000!0.0000!0.0000!!!!0.0000!0.0000!0.0000!0.0000!!!
S!SMD100X90!00004!MIDDLE1!o!v!!0.0000!0.0000!0.0000!0.0000!!!!0.0000!0.0000!0.0000!0.0000!!!!0.0000!0.0000!0.0000!0.0000!!!
S!SMD100X90!00005!MIDDLE2!o!v!!0.0000!0.0000!0.0000!0.0000!!!!0.0000!0.0000!0.0000!0.0000!!!!0.0000!0.0000!0.0000!0.0000!!!
S!SMD100X90!00006!GND!o!v!!0.0000!0.0000!0.0000!0.0000!!!!0.0000!0.0000!0.0000!0.0000!!!!0.0000!0.0000!0.0000!0.0000!!!
S!SMD100X90!00007!BOTTOM!o!v!!0.0000!0.0000!0.0000!0.0000!!!!0.0000!0.0000!0.0000!0.0000!!!!0.0000!0.0000!0.0000!0.0000!!!
S!SMD100X90!00008!~TSM!o!v!RECTANGLE!2.6924!2.4384!0.0000!0.0000!!!!!!!!!!!!!!!!!
S!SMD100X90!00009!~BSM!o!v!!0.0000!0.0000!0.0000!0.0000!!!!!!!!!!!!!!!!!
S!SMD100X90!00010!~TPM!o!v!RECTANGLE!2.2860!2.0828!0.0000!0.0000!!!!!!!!!!!!!!!!!
S!SMD100X90!00011!~BPM!o!v!!0.0000!0.0000!0.0000!0.0000!!!!!!!!!!!!!!!!!
S!SMD100X90!00012!~TFM!o!v!!0.0000!0.0000!0.0000!0.0000!!!!!!!!!!!!!!!!!
S!SMD100X90!00013!~BFM!o!v!!0.0000!0.0000!0.0000!0.0000!!!!!!!!!!!!!!!!!
S!SMD100X90!00014!~DRILL!o!v!0.0000!0.0000!0.0000!0.0000!0.0000!!P!!n!!!!!!!!!!!!!
S!SMD930UX1000U!00001!TOP!o!v!RECTANGLE!0.9300!1.0000!0.0000!0.0000!!!!0.0000!0.0000!0.0000!0.0000!!!!0.0000!0.0000!0.0000!0.0000!!!
S!SMD930UX1000U!00002!internal_pad_def!o!v!!0.0000!0.0000!0.0000!0.0000!!!!0.0000!0.0000!0.0000!0.0000!!!!0.0000!0.0000!0.0000!0.0000!!!
S!SMD930UX1000U!00003!VCC!o!v!!0.0000!0.0000!0.0000!0.0000!!!!0.0000!0.0000!0.0000!0.0000!!!!0.0000!0.0000!0.0000!0.0000!!!
S!SMD930UX1000U!00004!MIDDLE1!o!v!!0.0000!0.0000!0.0000!0.0000!!!!0.0000!0.0000!0.0000!0.0000!!!!0.0000!0.0000!0.0000!0.0000!!!
S!SMD930UX1000U!00005!MIDDLE2!o!v!!0.0000!0.0000!0.0000!0.0000!!!!0.0000!0.0000!0.0000!0.0000!!!!0.0000!0.0000!0.0000!0.0000!!!
S!SMD930UX1000U!00006!GND!o!v!!0.0000!0.0000!0.0000!0.0000!!!!0.0000!0.0000!0.0000!0.0000!!!!0.0000!0.0000!0.0000!0.0000!!!
S!SMD930UX1000U!00007!BOTTOM!o!v!!0.0000!0.0000!0.0000!0.0000!!!!0.0000!0.0000!0.0000!0.0000!!!!0.0000!0.0000!0.0000!0.0000!!!
S!SMD930UX1000U!00008!~TSM!o!v!RECTANGLE!1.0800!1.1500!0.0000!0.0000!!!!!!!!!!!!!!!!!
S!SMD930UX1000U!00009!~BSM!o!v!!0.0000!0.0000!0.0000!0.0000!!!!!!!!!!!!!!!!!
S!SMD930UX1000U!00010!~TPM!o!v!RECTANGLE!0.8370!0.9000!0.0000!0.0000!!!!!!!!!!!!!!!!!
S!SMD930UX1000U!00011!~BPM!o!v!!0.0000!0.0000!0.0000!0.0000!!!!!!!!!!!!!!!!!
S!SMD930UX1000U!00012!~TFM!o!v!!0.0000!0.0000!0.0000!0.0000!!!!!!!!!!!!!!!!!
S!SMD930UX1000U!00013!~BFM!o!v!!0.0000!0.0000!0.0000!0.0000!!!!!!!!!!!!!!!!!
S!SMD930UX1000U!00014!~DRILL!o!v!0.0000!0.0000!0.0000!0.0000!0.0000!!P!!n!!!!!!!!!!!!!
S!SMD28X50!00001!TOP!o!v!RECTANGLE!0.7112!1.2700!0.0000!0.0000!!!!0.0000!0.0000!0.0000!0.0000!!!!0.0000!0.0000!0.0000!0.0000!!!
S!SMD28X50!00002!internal_pad_def!o!v!!0.0000!0.0000!0.0000!0.0000!!!!0.0000!0.0000!0.0000!0.0000!!!!0.0000!0.0000!0.0000!0.0000!!!
S!SMD28X50!00003!VCC!o!v!!0.0000!0.0000!0.0000!0.0000!!!!0.0000!0.0000!0.0000!0.0000!!!!0.0000!0.0000!0.0000!0.0000!!!
S!SMD28X50!00004!MIDDLE1!o!v!!0.0000!0.0000!0.0000!0.0000!!!!0.0000!0.0000!0.0000!0.0000!!!!0.0000!0.0000!0.0000!0.0000!!!
S!SMD28X50!00005!MIDDLE2!o!v!!0.0000!0.0000!0.0000!0.0000!!!!0.0000!0.0000!0.0000!0.0000!!!!0.0000!0.0000!0.0000!0.0000!!!
S!SMD28X50!00006!GND!o!v!!0.0000!0.0000!0.0000!0.0000!!!!0.0000!0.0000!0.0000!0.0000!!!!0.0000!0.0000!0.0000!0.0000!!!
S!SMD28X50!00007!BOTTOM!o!v!!0.0000!0.0000!0.0000!0.0000!!!!0.0000!0.0000!0.0000!0.0000!!!!0.0000!0.0000!0.0000!0.0000!!!
S!SMD28X50!00008!~TSM!o!v!RECTANGLE!0.8636!1.4224!0.0000!0.0000!!!!!!!!!!!!!!!!!
S!SMD28X50!00009!~BSM!o!v!!0.0000!0.0000!0.0000!0.0000!!!!!!!!!!!!!!!!!
S!SMD28X50!00010!~TPM!o!v!RECTANGLE!0.6350!1.1430!0.0000!0.0000!!!!!!!!!!!!!!!!!
S!SMD28X50!00011!~BPM!o!v!!0.0000!0.0000!0.0000!0.0000!!!!!!!!!!!!!!!!!
S!SMD28X50!00012!~TFM!o!v!!0.0000!0.0000!0.0000!0.0000!!!!!!!!!!!!!!!!!
S!SMD28X50!00013!~BFM!o!v!!0.0000!0.0000!0.0000!0.0000!!!!!!!!!!!!!!!!!
S!SMD28X50!00014!~DRILL!o!v!0.0000!0.0000!0.0000!0.0000!0.0000!!P!!n!!!!!!!!!!!!!
S!SMD49X30!00001!TOP!o!v!RECTANGLE!1.2446!0.7620!0.0000!0.0000!!!!0.0000!0.0000!0.0000!0.0000!!!!0.0000!0.0000!0.0000!0.0000!!!
S!SMD49X30!00002!internal_pad_def!o!v!!0.0000!0.0000!0.0000!0.0000!!!!0.0000!0.0000!0.0000!0.0000!!!!0.0000!0.0000!0.0000!0.0000!!!
S!SMD49X30!00003!VCC!o!v!!0.0000!0.0000!0.0000!0.0000!!!!0.0000!0.0000!0.0000!0.0000!!!!0.0000!0.0000!0.0000!0.0000!!!
S!SMD49X30!00004!MIDDLE1!o!v!!0.0000!0.0000!0.0000!0.0000!!!!0.0000!0.0000!0.0000!0.0000!!!!0.0000!0.0000!0.0000!0.0000!!!
S!SMD49X30!00005!MIDDLE2!o!v!!0.0000!0.0000!0.0000!0.0000!!!!0.0000!0.0000!0.0000!0.0000!!!!0.0000!0.0000!0.0000!0.0000!!!
S!SMD49X30!00006!GND!o!v!!0.0000!0.0000!0.0000!0.0000!!!!0.0000!0.0000!0.0000!0.0000!!!!0.0000!0.0000!0.0000!0.0000!!!
S!SMD49X30!00007!BOTTOM!o!v!!0.0000!0.0000!0.0000!0.0000!!!!0.0000!0.0000!0.0000!0.0000!!!!0.0000!0.0000!0.0000!0.0000!!!
S!SMD49X30!00008!~TSM!o!v!RECTANGLE!1.3970!0.9144!0.0000!0.0000!!!!!!!!!!!!!!!!!
S!SMD49X30!00009!~BSM!o!v!!0.0000!0.0000!0.0000!0.0000!!!!!!!!!!!!!!!!!
S!SMD49X30!00010!~TPM!o!v!RECTANGLE!1.1176!0.6858!0.0000!0.0000!!!!!!!!!!!!!!!!!
S!SMD49X30!00011!~BPM!o!v!!0.0000!0.0000!0.0000!0.0000!!!!!!!!!!!!!!!!!
S!SMD49X30!00012!~TFM!o!v!!0.0000!0.0000!0.0000!0.0000!!!!!!!!!!!!!!!!!
S!SMD49X30!00013!~BFM!o!v!!0.0000!0.0000!0.0000!0.0000!!!!!!!!!!!!!!!!!
S!SMD49X30!00014!~DRILL!o!v!0.0000!0.0000!0.0000!0.0000!0.0000!!P!!n!!!!!!!!!!!!!
S!SMD25_50!00001!TOP!f!v!RECTANGLE!0.6350!1.2700!0.0000!0.0000!!!!0.0000!0.0000!0.0000!0.0000!!!!0.0000!0.0000!0.0000!0.0000!!!
S!SMD25_50!00002!internal_pad_def!f!v!!0.0000!0.0000!0.0000!0.0000!!!!0.0000!0.0000!0.0000!0.0000!!!!0.0000!0.0000!0.0000!0.0000!!!
S!SMD25_50!00003!VCC!f!v!!0.0000!0.0000!0.0000!0.0000!!!!0.0000!0.0000!0.0000!0.0000!!!!0.0000!0.0000!0.0000!0.0000!!!
S!SMD25_50!00004!MIDDLE1!f!v!!0.0000!0.0000!0.0000!0.0000!!!!0.0000!0.0000!0.0000!0.0000!!!!0.0000!0.0000!0.0000!0.0000!!!
S!SMD25_50!00005!MIDDLE2!f!v!!0.0000!0.0000!0.0000!0.0000!!!!0.0000!0.0000!0.0000!0.0000!!!!0.0000!0.0000!0.0000!0.0000!!!
S!SMD25_50!00006!GND!f!v!!0.0000!0.0000!0.0000!0.0000!!!!0.0000!0.0000!0.0000!0.0000!!!!0.0000!0.0000!0.0000!0.0000!!!
S!SMD25_50!00007!BOTTOM!f!v!!0.0000!0.0000!0.0000!0.0000!!!!0.0000!0.0000!0.0000!0.0000!!!!0.0000!0.0000!0.0000!0.0000!!!
S!SMD25_50!00008!~TSM!f!v!RECTANGLE!0.7620!1.3970!0.0000!0.0000!!!!!!!!!!!!!!!!!
S!SMD25_50!00009!~BSM!f!v!!0.0000!0.0000!0.0000!0.0000!!!!!!!!!!!!!!!!!
S!SMD25_50!00010!~TPM!f!v!!0.0000!0.0000!0.0000!0.0000!!!!!!!!!!!!!!!!!
S!SMD25_50!00011!~BPM!f!v!!0.0000!0.0000!0.0000!0.0000!!!!!!!!!!!!!!!!!
S!SMD25_50!00012!~TFM!f!v!!0.0000!0.0000!0.0000!0.0000!!!!!!!!!!!!!!!!!
S!SMD25_50!00013!~BFM!f!v!!0.0000!0.0000!0.0000!0.0000!!!!!!!!!!!!!!!!!
S!SMD25_50!00014!~DRILL!f!v!0.0000!0.0000!0.0000!0.0000!0.0000!!N!!n!!!!!!!!!!!!!
S!SMD50_25!00001!TOP!f!v!RECTANGLE!1.2700!0.6350!0.0000!0.0000!!!!0.0000!0.0000!0.0000!0.0000!!!!0.0000!0.0000!0.0000!0.0000!!!
S!SMD50_25!00002!internal_pad_def!f!v!!0.0000!0.0000!0.0000!0.0000!!!!0.0000!0.0000!0.0000!0.0000!!!!0.0000!0.0000!0.0000!0.0000!!!
S!SMD50_25!00003!VCC!f!v!!0.0000!0.0000!0.0000!0.0000!!!!0.0000!0.0000!0.0000!0.0000!!!!0.0000!0.0000!0.0000!0.0000!!!
S!SMD50_25!00004!MIDDLE1!f!v!!0.0000!0.0000!0.0000!0.0000!!!!0.0000!0.0000!0.0000!0.0000!!!!0.0000!0.0000!0.0000!0.0000!!!
S!SMD50_25!00005!MIDDLE2!f!v!!0.0000!0.0000!0.0000!0.0000!!!!0.0000!0.0000!0.0000!0.0000!!!!0.0000!0.0000!0.0000!0.0000!!!
S!SMD50_25!00006!GND!f!v!!0.0000!0.0000!0.0000!0.0000!!!!0.0000!0.0000!0.0000!0.0000!!!!0.0000!0.0000!0.0000!0.0000!!!
S!SMD50_25!00007!BOTTOM!f!v!!0.0000!0.0000!0.0000!0.0000!!!!0.0000!0.0000!0.0000!0.0000!!!!0.0000!0.0000!0.0000!0.0000!!!
S!SMD50_25!00008!~TSM!f!v!RECTANGLE!1.3970!0.7620!0.0000!0.0000!!!!!!!!!!!!!!!!!
S!SMD50_25!00009!~BSM!f!v!!0.0000!0.0000!0.0000!0.0000!!!!!!!!!!!!!!!!!
S!SMD50_25!00010!~TPM!f!v!!0.0000!0.0000!0.0000!0.0000!!!!!!!!!!!!!!!!!
S!SMD50_25!00011!~BPM!f!v!!0.0000!0.0000!0.0000!0.0000!!!!!!!!!!!!!!!!!
S!SMD50_25!00012!~TFM!f!v!!0.0000!0.0000!0.0000!0.0000!!!!!!!!!!!!!!!!!
S!SMD50_25!00013!~BFM!f!v!!0.0000!0.0000!0.0000!0.0000!!!!!!!!!!!!!!!!!
S!SMD50_25!00014!~DRILL!f!v!0.0000!0.0000!0.0000!0.0000!0.0000!!N!!n!!!!!!!!!!!!!
S!PAD60CIR36D!00001!TOP!f!!CIRCLE!1.5240!1.5240!0.0000!0.0000!!!CIRCLE!2.2352!2.2352!0.0000!0.0000!!!CIRCLE!2.2352!2.2352!0.0000!0.0000!!!
S!PAD60CIR36D!00002!internal_pad_def!f!!CIRCLE!1.3970!1.3970!0.0000!0.0000!!!CIRCLE!1.9050!1.9050!0.0000!0.0000!!!CIRCLE!1.9050!1.9050!0.0000!0.0000!!!
S!PAD60CIR36D!00003!VCC!f!!CIRCLE!1.3970!1.3970!0.0000!0.0000!!!CIRCLE!1.9050!1.9050!0.0000!0.0000!!!CIRCLE!1.9050!1.9050!0.0000!0.0000!!!
S!PAD60CIR36D!00004!MIDDLE1!f!!CIRCLE!1.3970!1.3970!0.0000!0.0000!!!CIRCLE!1.9050!1.9050!0.0000!0.0000!!!CIRCLE!1.9050!1.9050!0.0000!0.0000!!!
S!PAD60CIR36D!00005!MIDDLE2!f!!CIRCLE!1.3970!1.3970!0.0000!0.0000!!!CIRCLE!1.9050!1.9050!0.0000!0.0000!!!CIRCLE!1.9050!1.9050!0.0000!0.0000!!!
S!PAD60CIR36D!00006!GND!f!!CIRCLE!1.3970!1.3970!0.0000!0.0000!!!CIRCLE!1.9050!1.9050!0.0000!0.0000!!!CIRCLE!1.9050!1.9050!0.0000!0.0000!!!
S!PAD60CIR36D!00007!BOTTOM!f!!CIRCLE!1.5240!1.5240!0.0000!0.0000!!!CIRCLE!2.2352!2.2352!0.0000!0.0000!!!CIRCLE!2.2352!2.2352!0.0000!0.0000!!!
S!PAD60CIR36D!00008!~TSM!f!!CIRCLE!1.9050!1.9050!0.0000!0.0000!!!!!!!!!!!!!!!!!
S!PAD60CIR36D!00009!~BSM!f!!CIRCLE!1.9050!1.9050!0.0000!0.0000!!!!!!!!!!!!!!!!!
S!PAD60CIR36D!00010!~TPM!f!!!0.0000!0.0000!0.0000!0.0000!!!!!!!!!!!!!!!!!
S!PAD60CIR36D!00011!~BPM!f!!!0.0000!0.0000!0.0000!0.0000!!!!!!!!!!!!!!!!!
S!PAD60CIR36D!00012!~TFM!f!!!0.0000!0.0000!0.0000!0.0000!!!!!!!!!!!!!!!!!
S!PAD60CIR36D!00013!~BFM!f!!!0.0000!0.0000!0.0000!0.0000!!!!!!!!!!!!!!!!!
S!PAD60CIR36D!00014!~DRILL!f!!0.9144!1.2700!1.2700!0.0000!0.0000!HEXAGON_X!P!!n!!!!!!!!!!!!!
S!PAD60SQ36D!00001!TOP!f!!SQUARE!1.5240!1.5240!0.0000!0.0000!!!SQUARE!2.2352!2.2352!0.0000!0.0000!!!SQUARE!2.2352!2.2352!0.0000!0.0000!!!
S!PAD60SQ36D!00002!internal_pad_def!f!!CIRCLE!1.3970!1.3970!0.0000!0.0000!!!CIRCLE!1.9050!1.9050!0.0000!0.0000!!!CIRCLE!1.9050!1.9050!0.0000!0.0000!!!
S!PAD60SQ36D!00003!VCC!f!!CIRCLE!1.3970!1.3970!0.0000!0.0000!!!CIRCLE!1.9050!1.9050!0.0000!0.0000!!!CIRCLE!1.9050!1.9050!0.0000!0.0000!!!
S!PAD60SQ36D!00004!MIDDLE1!f!!CIRCLE!1.3970!1.3970!0.0000!0.0000!!!CIRCLE!1.9050!1.9050!0.0000!0.0000!!!CIRCLE!1.9050!1.9050!0.0000!0.0000!!!
S!PAD60SQ36D!00005!MIDDLE2!f!!CIRCLE!1.3970!1.3970!0.0000!0.0000!!!CIRCLE!1.9050!1.9050!0.0000!0.0000!!!CIRCLE!1.9050!1.9050!0.0000!0.0000!!!
S!PAD60SQ36D!00006!GND!f!!CIRCLE!1.3970!1.3970!0.0000!0.0000!!!CIRCLE!1.9050!1.9050!0.0000!0.0000!!!CIRCLE!1.9050!1.9050!0.0000!0.0000!!!
S!PAD60SQ36D!00007!BOTTOM!f!!SQUARE!1.5240!1.5240!0.0000!0.0000!!!SQUARE!2.2352!2.2352!0.0000!0.0000!!!SQUARE!2.2352!2.2352!0.0000!0.0000!!!
S!PAD60SQ36D!00008!~TSM!f!!SQUARE!1.9050!1.9050!0.0000!0.0000!!!!!!!!!!!!!!!!!
S!PAD60SQ36D!00009!~BSM!f!!SQUARE!1.9050!1.9050!0.0000!0.0000!!!!!!!!!!!!!!!!!
S!PAD60SQ36D!00010!~TPM!f!!!0.0000!0.0000!0.0000!0.0000!!!!!!!!!!!!!!!!!
S!PAD60SQ36D!00011!~BPM!f!!!0.0000!0.0000!0.0000!0.0000!!!!!!!!!!!!!!!!!
S!PAD60SQ36D!00012!~TFM!f!!!0.0000!0.0000!0.0000!0.0000!!!!!!!!!!!!!!!!!
S!PAD60SQ36D!00013!~BFM!f!!!0.0000!0.0000!0.0000!0.0000!!!!!!!!!!!!!!!!!
S!PAD60SQ36D!00014!~DRILL!f!!0.9144!1.2700!1.2700!0.0000!0.0000!HEXAGON_X!P! !n!!!!!!!!!!!!!
