A!REFDES!PART_NUMBER!
J!E:\UOB-HEP-PC005A\worklib\qpll\physical\pc005-unplaced-g.brd!Wed Jun 18 13:32:56 2003!-210.0000!-148.5000!210.0000!148.5000!0.0001!millimeters!QPLL!47.200000 mil!6!UP TO DATE!
S!R64!Farnell 911-124!
S!R65!Farnell 911-124!
S!R66!Farnell 911-124!
S!R67!Farnell 911-124!
S!R68!Farnell 911-124!
S!R69!Farnell 911-124!
S!U9!Fairchild 100324!
S!U4!Synergy SY100E111AJC!
S!U1!sy100el16v!
S!U6!Synergy SY100ELT23ZC!
S!U7!Synergy SY100ELT23ZC!
S!U8!Synergy SY100ELT23ZC!
S!SW1!RS 377-8728!
S!C2!AVX-KYOCERA CM105X7R104K16VAT!
S!C3!AVX-KYOCERA CM105X7R104K16VAT!
S!C6!AVX-KYOCERA CM105X7R104K16VAT!
S!C8!AVX-KYOCERA CM105X7R104K16VAT!
S!C10!AVX-KYOCERA CM105X7R104K16VAT!
S!C13!AVX-KYOCERA CM105X7R104K16VAT!
S!C16!AVX-KYOCERA CM105X7R104K16VAT!
S!C18!AVX-KYOCERA CM105X7R104K16VAT!
S!C20!AVX-KYOCERA CM105X7R104K16VAT!
S!C21!AVX-KYOCERA CM105X7R104K16VAT!
S!C24!AVX-KYOCERA CM105X7R104K16VAT!
S!C25!AVX-KYOCERA CM105X7R104K16VAT!
S!C26!AVX-KYOCERA CM105X7R104K16VAT!
S!C27!AVX-KYOCERA CM105X7R104K16VAT!
S!C28!AVX-KYOCERA CM105X7R104K16VAT!
S!C29!AVX-KYOCERA CM105X7R104K16VAT!
S!C30!AVX-KYOCERA CM105X7R104K16VAT!
S!C32!AVX-KYOCERA CM105X7R104K16VAT!
S!C33!AVX-KYOCERA CM105X7R104K16VAT!
S!C34!AVX-KYOCERA CM105X7R104K16VAT!
S!C4!AVX-KYOCERA 06033C103KAT00J!
S!C14!AVX-KYOCERA 06033C103KAT00J!
S!C15!AVX-KYOCERA 06033C103KAT00J!
S!C17!AVX-KYOCERA 06033C103KAT00J!
S!C19!AVX-KYOCERA 06033C103KAT00J!
S!C5!RS367-3522!
S!C9!RS367-3522!
S!C11!Farnell 578-186!
S!C12!Farnell 578-186!
S!C1!AVX-KYOCERA TPSC226K016R0375!
S!C7!AVX-KYOCERA TPSC226K016R0375!
S!C22!AVX TAJC476K010R!
S!C23!AVX TAJC476K010R!
S!C31!AVX TAJC476K010R!
S!U3!MCS CC1F-T1A 40.08MHz!
S!D1!Zetex ZHCS750!
S!D2!Zetex ZHCS750!
S!FS1!Littelfuse 154.250!
S!FS2!Littelfuse 154.250!
S!PL1!Harwin M20-999 02 05!
S!L2!Farnell 106-845!
S!L1!Farnell 106-848!
S!VR1!STM LD1086D2T25!
S!DS1!Rohm SML-210VTT86!
S!DS2!Rohm SML-210VTT86!
S!DS3!Rohm SML-210VTT86!
S!SK7!Amp 174341-5!
S!U2!CERN QPLL28!
S!RN1!Farnell 148-970!
S!R13!Rohm MCR03EZPF101!
S!R14!Rohm MCR03EZPF101!
S!R15!Rohm MCR03EZPF101!
S!R16!Rohm MCR03EZPF101!
S!R2!Rohm MCR03EZHJ101!
S!R4!Farnell 911-239!
S!R5!Farnell 911-239!
S!R17!Farnell 911-239!
S!R18!Farnell 911-239!
S!R8!Farnell 911-150!
S!R11!Farnell 911-150!
S!R36!Farnell 911-161!
S!R37!Farnell 911-161!
S!R38!Farnell 911-161!
S!R39!Farnell 911-161!
S!R40!Farnell 911-161!
S!R41!Farnell 911-161!
S!R42!Farnell 911-161!
S!R43!Farnell 911-161!
S!R44!Farnell 911-161!
S!R45!Farnell 911-161!
S!R46!Farnell 911-161!
S!R47!Farnell 911-161!
S!R48!Farnell 911-161!
S!R49!Farnell 911-161!
S!R50!Farnell 911-161!
S!R51!Farnell 911-161!
S!R52!Farnell 911-161!
S!R53!Farnell 911-161!
S!R54!Farnell 911-161!
S!R55!Farnell 911-161!
S!R56!Farnell 911-161!
S!R57!Farnell 911-161!
S!R58!Farnell 911-161!
S!R59!Farnell 911-161!
S!R60!Farnell 911-161!
S!R61!Farnell 911-161!
S!R62!Farnell 911-161!
S!R63!Farnell 911-161!
S!R6!Farnell 911-161!
S!R7!Farnell 911-161!
S!R19!Farnell 911-161!
S!R20!Farnell 911-161!
S!R21!Farnell 911-161!
S!R22!Farnell 911-161!
S!R3!Farnell 357-1350!
S!R9!Farnell 911-064!
S!R12!Farnell 911-064!
S!R1!Farnell 911-616!
S!R30!Farnell 911-616!
S!R31!Farnell 911-616!
S!R35!Farnell 911-859!
S!R23!Farnell 911-859!
S!R24!Farnell 911-859!
S!R25!Farnell 911-859!
S!R32!Farnell 911-859!
S!R33!Farnell 911-859!
S!R34!Farnell 911-859!
S!R29!Farnell 321-7851!
S!R10!Farnell 321-7784!
S!R28!Farnell 911-677!
S!R26!Farnell 911-707!
S!R27!Farnell 911-707!
S!SK9!Amplimite 787190-7!
S!SK10!Amplimite 787190-7!
S!SK21!Amplimite 787190-7!
S!SK6!Lemo EPL.00.250.DTN!
S!SK2!Lemo EPG.302.HLN!
S!SK3!Lemo EPG.302.HLN!
S!SK4!Lemo EPG.302.HLN!
S!SK5!Lemo EPG.302.HLN!
S!SK12!RS 414-1379!
S!SK13!RS 414-1379!
S!SK14!RS 414-1379!
S!SK15!RS 414-1379!
S!SK16!RS 414-1379!
S!SK17!RS 414-1379!
S!SK18!RS 414-1379!
S!SK19!RS 414-1379!
S!SK20!RS 414-1379!
S!U5!TEN-5-4821!
S!U10!TEN-5-4811!
S!SK1!Farnell 151-786!
S!SK8!Farnell 151-786!
S!SK11!Farnell 151-786!
