
**************************************************************************

Processing net UNNAMED_3_RESISTOR_I99_B in design PC005-UNPLACED-F (drawing pc005-unplaced-f)
Date/Time: Thu Jun 12 14:44:50 2003

**************************************************************************

Processing net UNNAMED_3_RESISTOR_I114_B in design PC005-UNPLACED-F (drawing pc005-unplaced-f)
Date/Time: Thu Jun 12 14:44:50 2003

**************************************************************************

Processing net UNNAMED_3_RESISTOR_I113_B in design PC005-UNPLACED-F (drawing pc005-unplaced-f)
Date/Time: Thu Jun 12 14:44:50 2003

**************************************************************************

Processing net UNNAMED_3_RESISTOR_I112_B in design PC005-UNPLACED-F (drawing pc005-unplaced-f)
Date/Time: Thu Jun 12 14:44:50 2003

**************************************************************************

Processing net UNNAMED_3_RESISTOR_I111_B in design PC005-UNPLACED-F (drawing pc005-unplaced-f)
Date/Time: Thu Jun 12 14:44:50 2003

**************************************************************************

Processing net UNNAMED_3_RESISTOR_I110_B in design PC005-UNPLACED-F (drawing pc005-unplaced-f)
Date/Time: Thu Jun 12 14:44:50 2003

**************************************************************************

Processing net UNNAMED_3_RESISTOR_I109_B in design PC005-UNPLACED-F (drawing pc005-unplaced-f)
Date/Time: Thu Jun 12 14:44:50 2003

**************************************************************************

Processing net UNNAMED_3_RESISTOR_I108_B in design PC005-UNPLACED-F (drawing pc005-unplaced-f)
Date/Time: Thu Jun 12 14:44:50 2003

**************************************************************************

Processing net UNNAMED_3_RESISTOR_I107_B in design PC005-UNPLACED-F (drawing pc005-unplaced-f)
Date/Time: Thu Jun 12 14:44:50 2003

**************************************************************************

Processing net UNNAMED_3_RESISTOR_I106_B in design PC005-UNPLACED-F (drawing pc005-unplaced-f)
Date/Time: Thu Jun 12 14:44:50 2003

**************************************************************************

Processing net UNNAMED_3_RESISTOR_I105_B in design PC005-UNPLACED-F (drawing pc005-unplaced-f)
Date/Time: Thu Jun 12 14:44:50 2003

**************************************************************************

Processing net UNNAMED_3_RESISTOR_I104_B in design PC005-UNPLACED-F (drawing pc005-unplaced-f)
Date/Time: Thu Jun 12 14:44:50 2003

**************************************************************************

Processing net UNNAMED_3_RESISTOR_I103_B in design PC005-UNPLACED-F (drawing pc005-unplaced-f)
Date/Time: Thu Jun 12 14:44:50 2003

**************************************************************************

Processing net UNNAMED_3_RESISTOR_I102_B in design PC005-UNPLACED-F (drawing pc005-unplaced-f)
Date/Time: Thu Jun 12 14:44:50 2003

**************************************************************************

Processing net UNNAMED_3_RESISTOR_I101_B in design PC005-UNPLACED-F (drawing pc005-unplaced-f)
Date/Time: Thu Jun 12 14:44:50 2003

**************************************************************************

Processing net UNNAMED_3_RESISTOR_I100_B in design PC005-UNPLACED-F (drawing pc005-unplaced-f)
Date/Time: Thu Jun 12 14:44:50 2003

**************************************************************************

Processing net UNNAMED_2_100324-DIP_I25_EN in design PC005-UNPLACED-F (drawing pc005-unplaced-f)
Date/Time: Thu Jun 12 14:44:50 2003

**************************************************************************

Processing net UNNAMED_3_RESISTOR_I98_A in design PC005-UNPLACED-F (drawing pc005-unplaced-f)
Date/Time: Thu Jun 12 14:44:50 2003

**************************************************************************

Processing net UNNAMED_3_RESISTOR_I97_A in design PC005-UNPLACED-F (drawing pc005-unplaced-f)
Date/Time: Thu Jun 12 14:44:50 2003

**************************************************************************

Processing net UNNAMED_3_RESISTOR_I96_A in design PC005-UNPLACED-F (drawing pc005-unplaced-f)
Date/Time: Thu Jun 12 14:44:50 2003

**************************************************************************

Processing net UNNAMED_3_RESISTOR_I86_A in design PC005-UNPLACED-F (drawing pc005-unplaced-f)
Date/Time: Thu Jun 12 14:44:50 2003

**************************************************************************

Processing net UNNAMED_3_RESISTOR_I85_B in design PC005-UNPLACED-F (drawing pc005-unplaced-f)
Date/Time: Thu Jun 12 14:44:50 2003

**************************************************************************

Processing net UNNAMED_3_RESISTOR_I84_B in design PC005-UNPLACED-F (drawing pc005-unplaced-f)
Date/Time: Thu Jun 12 14:44:50 2003

**************************************************************************

Processing net UNNAMED_3_RESISTOR_I83_B in design PC005-UNPLACED-F (drawing pc005-unplaced-f)
Date/Time: Thu Jun 12 14:44:50 2003

**************************************************************************

Processing net UNNAMED_3_RESISTOR_I83_A in design PC005-UNPLACED-F (drawing pc005-unplaced-f)
Date/Time: Thu Jun 12 14:44:50 2003

**************************************************************************

Processing net UNNAMED_3_RESISTOR_I82_B in design PC005-UNPLACED-F (drawing pc005-unplaced-f)
Date/Time: Thu Jun 12 14:44:50 2003

**************************************************************************

Processing net UNNAMED_3_RESISTOR_I82_A in design PC005-UNPLACED-F (drawing pc005-unplaced-f)
Date/Time: Thu Jun 12 14:44:50 2003

**************************************************************************

Processing net UNNAMED_3_RESISTOR_I81_B in design PC005-UNPLACED-F (drawing pc005-unplaced-f)
Date/Time: Thu Jun 12 14:44:50 2003

**************************************************************************

Processing net UNNAMED_3_RESISTOR_I81_A in design PC005-UNPLACED-F (drawing pc005-unplaced-f)
Date/Time: Thu Jun 12 14:44:50 2003

**************************************************************************

Processing net UNNAMED_3_RESISTOR_I78_A in design PC005-UNPLACED-F (drawing pc005-unplaced-f)
Date/Time: Thu Jun 12 14:44:50 2003

**************************************************************************

Processing net UNNAMED_3_RESISTOR_I77_A in design PC005-UNPLACED-F (drawing pc005-unplaced-f)
Date/Time: Thu Jun 12 14:44:50 2003

**************************************************************************

Processing net UNNAMED_3_RESISTOR_I76_A in design PC005-UNPLACED-F (drawing pc005-unplaced-f)
Date/Time: Thu Jun 12 14:44:50 2003

**************************************************************************

Processing net UNNAMED_3_FUSE-SMD_I54_A in design PC005-UNPLACED-F (drawing pc005-unplaced-f)
Date/Time: Thu Jun 12 14:44:50 2003

**************************************************************************

Processing net UNNAMED_3_DIODE_I53_K in design PC005-UNPLACED-F (drawing pc005-unplaced-f)
Date/Time: Thu Jun 12 14:44:50 2003

**************************************************************************

Processing net UNNAMED_3_DIODE_I53_A in design PC005-UNPLACED-F (drawing pc005-unplaced-f)
Date/Time: Thu Jun 12 14:44:50 2003

**************************************************************************

Processing net UNNAMED_2_TEN-5-DUALOP_I13_VINP in design PC005-UNPLACED-F (drawing pc005-unplaced-f)
Date/Time: Thu Jun 12 14:44:50 2003

**************************************************************************

Processing net UNNAMED_2_TEN-5-DUALOP_I13_VINN in design PC005-UNPLACED-F (drawing pc005-unplaced-f)
Date/Time: Thu Jun 12 14:44:50 2003

**************************************************************************

Processing net UNNAMED_2_FUSE-SMD_I54_A in design PC005-UNPLACED-F (drawing pc005-unplaced-f)
Date/Time: Thu Jun 12 14:44:50 2003

**************************************************************************

Processing net UNNAMED_2_100ELT23_I12_D1_1 in design PC005-UNPLACED-F (drawing pc005-unplaced-f)
Date/Time: Thu Jun 12 14:44:50 2003

**************************************************************************

Processing net UNNAMED_2_100ELT23_I12_D1 in design PC005-UNPLACED-F (drawing pc005-unplaced-f)
Date/Time: Thu Jun 12 14:44:50 2003

**************************************************************************

Processing net UNNAMED_2_100ELT23_I12_D0_1 in design PC005-UNPLACED-F (drawing pc005-unplaced-f)
Date/Time: Thu Jun 12 14:44:50 2003

**************************************************************************

Processing net UNNAMED_2_100ELT23_I12_D0 in design PC005-UNPLACED-F (drawing pc005-unplaced-f)
Date/Time: Thu Jun 12 14:44:50 2003

**************************************************************************

Processing net UNNAMED_2_100ELT23_I11_D1_1 in design PC005-UNPLACED-F (drawing pc005-unplaced-f)
Date/Time: Thu Jun 12 14:44:50 2003

**************************************************************************

Processing net UNNAMED_2_100ELT23_I11_D1 in design PC005-UNPLACED-F (drawing pc005-unplaced-f)
Date/Time: Thu Jun 12 14:44:50 2003

**************************************************************************

Processing net UNNAMED_2_100ELT23_I11_D0_1 in design PC005-UNPLACED-F (drawing pc005-unplaced-f)
Date/Time: Thu Jun 12 14:44:50 2003

**************************************************************************

Processing net UNNAMED_2_100ELT23_I11_D0 in design PC005-UNPLACED-F (drawing pc005-unplaced-f)
Date/Time: Thu Jun 12 14:44:50 2003

**************************************************************************

Processing net UNNAMED_2_100ELT23_I10_D1_1 in design PC005-UNPLACED-F (drawing pc005-unplaced-f)
Date/Time: Thu Jun 12 14:44:50 2003

**************************************************************************

Processing net UNNAMED_2_100ELT23_I10_D1 in design PC005-UNPLACED-F (drawing pc005-unplaced-f)
Date/Time: Thu Jun 12 14:44:50 2003

**************************************************************************

Processing net UNNAMED_2_100ELT23_I10_D0_1 in design PC005-UNPLACED-F (drawing pc005-unplaced-f)
Date/Time: Thu Jun 12 14:44:50 2003

**************************************************************************

Processing net UNNAMED_2_100ELT23_I10_D0 in design PC005-UNPLACED-F (drawing pc005-unplaced-f)
Date/Time: Thu Jun 12 14:44:50 2003

**************************************************************************

Processing net UNNAMED_2_100324-DIP_I30_OP_1 in design PC005-UNPLACED-F (drawing pc005-unplaced-f)
Date/Time: Thu Jun 12 14:44:50 2003

**************************************************************************

Processing net UNNAMED_2_100324-DIP_I30_OP in design PC005-UNPLACED-F (drawing pc005-unplaced-f)
Date/Time: Thu Jun 12 14:44:50 2003

**************************************************************************

Processing net UNNAMED_2_100324-DIP_I30_D in design PC005-UNPLACED-F (drawing pc005-unplaced-f)
Date/Time: Thu Jun 12 14:44:50 2003

**************************************************************************

Processing net UNNAMED_2_100324-DIP_I29_OP_1 in design PC005-UNPLACED-F (drawing pc005-unplaced-f)
Date/Time: Thu Jun 12 14:44:50 2003

**************************************************************************

Processing net UNNAMED_2_100324-DIP_I29_OP in design PC005-UNPLACED-F (drawing pc005-unplaced-f)
Date/Time: Thu Jun 12 14:44:50 2003

**************************************************************************

Processing net UNNAMED_2_100324-DIP_I29_D in design PC005-UNPLACED-F (drawing pc005-unplaced-f)
Date/Time: Thu Jun 12 14:44:50 2003

**************************************************************************

Processing net UNNAMED_2_100324-DIP_I28_OP_1 in design PC005-UNPLACED-F (drawing pc005-unplaced-f)
Date/Time: Thu Jun 12 14:44:50 2003

**************************************************************************

Processing net UNNAMED_2_100324-DIP_I28_OP in design PC005-UNPLACED-F (drawing pc005-unplaced-f)
Date/Time: Thu Jun 12 14:44:50 2003

**************************************************************************

Processing net UNNAMED_2_100324-DIP_I28_D in design PC005-UNPLACED-F (drawing pc005-unplaced-f)
Date/Time: Thu Jun 12 14:44:50 2003

**************************************************************************

Processing net UNNAMED_2_100324-DIP_I27_OP_1 in design PC005-UNPLACED-F (drawing pc005-unplaced-f)
Date/Time: Thu Jun 12 14:44:50 2003

**************************************************************************

Processing net UNNAMED_2_100324-DIP_I27_OP in design PC005-UNPLACED-F (drawing pc005-unplaced-f)
Date/Time: Thu Jun 12 14:44:50 2003

**************************************************************************

Processing net UNNAMED_2_100324-DIP_I27_D in design PC005-UNPLACED-F (drawing pc005-unplaced-f)
Date/Time: Thu Jun 12 14:44:50 2003

**************************************************************************

Processing net UNNAMED_2_100324-DIP_I26_OP_1 in design PC005-UNPLACED-F (drawing pc005-unplaced-f)
Date/Time: Thu Jun 12 14:44:50 2003

**************************************************************************

Processing net UNNAMED_2_100324-DIP_I26_OP in design PC005-UNPLACED-F (drawing pc005-unplaced-f)
Date/Time: Thu Jun 12 14:44:50 2003

**************************************************************************

Processing net UNNAMED_2_100324-DIP_I26_D in design PC005-UNPLACED-F (drawing pc005-unplaced-f)
Date/Time: Thu Jun 12 14:44:50 2003

**************************************************************************

Processing net UNNAMED_2_100324-DIP_I25_OP_1 in design PC005-UNPLACED-F (drawing pc005-unplaced-f)
Date/Time: Thu Jun 12 14:44:50 2003

**************************************************************************

Processing net UNNAMED_2_100324-DIP_I25_OP in design PC005-UNPLACED-F (drawing pc005-unplaced-f)
Date/Time: Thu Jun 12 14:44:50 2003

**************************************************************************

Processing net UNNAMED_2_100324-DIP_I25_D in design PC005-UNPLACED-F (drawing pc005-unplaced-f)
Date/Time: Thu Jun 12 14:44:50 2003

**************************************************************************

Processing net UNNAMED_1_RESISTOR_I58_B in design PC005-UNPLACED-F (drawing pc005-unplaced-f)
Date/Time: Thu Jun 12 14:44:50 2003

**************************************************************************

Processing net UNNAMED_1_RESISTOR_I57_B in design PC005-UNPLACED-F (drawing pc005-unplaced-f)
Date/Time: Thu Jun 12 14:44:50 2003

**************************************************************************

Processing net UNNAMED_1_QPLL28-CERN_I2_LVDS_2 in design PC005-UNPLACED-F (drawing pc005-unplaced-f)
Date/Time: Thu Jun 12 14:44:50 2003

**************************************************************************

Processing net UNNAMED_1_QPLL28-CERN_I2_LVDS_1 in design PC005-UNPLACED-F (drawing pc005-unplaced-f)
Date/Time: Thu Jun 12 14:44:50 2003

**************************************************************************

Processing net UNNAMED_1_QPLL28-CERN_I2_LVDS80 in design PC005-UNPLACED-F (drawing pc005-unplaced-f)
Date/Time: Thu Jun 12 14:44:50 2003

**************************************************************************

Processing net UNNAMED_1_QPLL28-CERN_I2_LVDS16 in design PC005-UNPLACED-F (drawing pc005-unplaced-f)
Date/Time: Thu Jun 12 14:44:50 2003

**************************************************************************

Processing net UNNAMED_1_QPLL28-CERN_I2_INCMOS in design PC005-UNPLACED-F (drawing pc005-unplaced-f)
Date/Time: Thu Jun 12 14:44:50 2003

**************************************************************************

Processing net UNNAMED_1_LED-SMD_I95_K1 in design PC005-UNPLACED-F (drawing pc005-unplaced-f)
Date/Time: Thu Jun 12 14:44:50 2003

**************************************************************************

Processing net UNNAMED_1_LED-SMD_I94_K1 in design PC005-UNPLACED-F (drawing pc005-unplaced-f)
Date/Time: Thu Jun 12 14:44:50 2003

**************************************************************************

Processing net UNNAMED_1_LED-SMD_I35_K1 in design PC005-UNPLACED-F (drawing pc005-unplaced-f)
Date/Time: Thu Jun 12 14:44:50 2003

**************************************************************************

Processing net UNNAMED_1_LED-SMD_I35_A1 in design PC005-UNPLACED-F (drawing pc005-unplaced-f)
Date/Time: Thu Jun 12 14:44:50 2003

**************************************************************************

Processing net UNNAMED_1_HEADER2X1_I79_B in design PC005-UNPLACED-F (drawing pc005-unplaced-f)
Date/Time: Thu Jun 12 14:44:50 2003

**************************************************************************

Processing net UNNAMED_1_CC1F-T1A_I5_A2 in design PC005-UNPLACED-F (drawing pc005-unplaced-f)
Date/Time: Thu Jun 12 14:44:50 2003

**************************************************************************

Processing net UNNAMED_1_CC1F-T1A_I5_A1 in design PC005-UNPLACED-F (drawing pc005-unplaced-f)
Date/Time: Thu Jun 12 14:44:50 2003

**************************************************************************

Processing net UNNAMED_1_CAPACITOR_I77_B in design PC005-UNPLACED-F (drawing pc005-unplaced-f)
Date/Time: Thu Jun 12 14:44:50 2003

**************************************************************************

Processing net UNNAMED_1_CAPACITOR_I76_A in design PC005-UNPLACED-F (drawing pc005-unplaced-f)
Date/Time: Thu Jun 12 14:44:50 2003

**************************************************************************

Processing net UNNAMED_1_CAPACITOR_I50_B in design PC005-UNPLACED-F (drawing pc005-unplaced-f)
Date/Time: Thu Jun 12 14:44:50 2003

**************************************************************************

Processing net UNNAMED_1_CAPACITOR_I49_A in design PC005-UNPLACED-F (drawing pc005-unplaced-f)
Date/Time: Thu Jun 12 14:44:50 2003

**************************************************************************

Processing net UNNAMED_1_CAPACITOR_I31_B in design PC005-UNPLACED-F (drawing pc005-unplaced-f)
Date/Time: Thu Jun 12 14:44:50 2003

**************************************************************************

Processing net UNNAMED_1_CAPACITOR_I25_A in design PC005-UNPLACED-F (drawing pc005-unplaced-f)
Date/Time: Thu Jun 12 14:44:50 2003

**************************************************************************

Processing net UNNAMED_1_CAPACITOR_I24_B in design PC005-UNPLACED-F (drawing pc005-unplaced-f)
Date/Time: Thu Jun 12 14:44:50 2003

**************************************************************************

Processing net UNNAMED_1_CAPACITOR_I16_A in design PC005-UNPLACED-F (drawing pc005-unplaced-f)
Date/Time: Thu Jun 12 14:44:50 2003

**************************************************************************

Processing net UNNAMED_1_CAPACITOR_I15_A in design PC005-UNPLACED-F (drawing pc005-unplaced-f)
Date/Time: Thu Jun 12 14:44:50 2003

**************************************************************************

Processing net UNNAMED_1_8WAY-SPST_I4_B_6 in design PC005-UNPLACED-F (drawing pc005-unplaced-f)
Date/Time: Thu Jun 12 14:44:50 2003

**************************************************************************

Processing net UNNAMED_1_8WAY-SPST_I4_B_5 in design PC005-UNPLACED-F (drawing pc005-unplaced-f)
Date/Time: Thu Jun 12 14:44:50 2003

**************************************************************************

Processing net UNNAMED_1_8WAY-SPST_I4_B_4 in design PC005-UNPLACED-F (drawing pc005-unplaced-f)
Date/Time: Thu Jun 12 14:44:50 2003

**************************************************************************

Processing net UNNAMED_1_8WAY-SPST_I4_B_3 in design PC005-UNPLACED-F (drawing pc005-unplaced-f)
Date/Time: Thu Jun 12 14:44:50 2003

**************************************************************************

Processing net UNNAMED_1_8WAY-SPST_I4_B_2 in design PC005-UNPLACED-F (drawing pc005-unplaced-f)
Date/Time: Thu Jun 12 14:44:50 2003

**************************************************************************

Processing net UNNAMED_1_8WAY-SPST_I4_B_1 in design PC005-UNPLACED-F (drawing pc005-unplaced-f)
Date/Time: Thu Jun 12 14:44:50 2003

**************************************************************************

Processing net UNNAMED_1_8WAY-SPST_I4_B in design PC005-UNPLACED-F (drawing pc005-unplaced-f)
Date/Time: Thu Jun 12 14:44:50 2003

**************************************************************************

Processing net UNNAMED_1_100EL16_I3_VBB in design PC005-UNPLACED-F (drawing pc005-unplaced-f)
Date/Time: Thu Jun 12 14:44:50 2003

**************************************************************************

Processing net UNNAMED_1_100EL16_I3_QBAR in design PC005-UNPLACED-F (drawing pc005-unplaced-f)
Date/Time: Thu Jun 12 14:44:50 2003

**************************************************************************

Processing net UNNAMED_1_100EL16_I3_Q in design PC005-UNPLACED-F (drawing pc005-unplaced-f)
Date/Time: Thu Jun 12 14:44:50 2003

**************************************************************************

Processing net UNNAMED_1_100EL16_I3_DBAR in design PC005-UNPLACED-F (drawing pc005-unplaced-f)
Date/Time: Thu Jun 12 14:44:50 2003

**************************************************************************

Processing net UNNAMED_1_100EL16_I3_D in design PC005-UNPLACED-F (drawing pc005-unplaced-f)
Date/Time: Thu Jun 12 14:44:50 2003

**************************************************************************

Processing net UNNAMED_1_100E111_I60_VBB in design PC005-UNPLACED-F (drawing pc005-unplaced-f)
Date/Time: Thu Jun 12 14:44:50 2003

**************************************************************************

Processing net UNNAMED_1_100E111_I60_Q1_1 in design PC005-UNPLACED-F (drawing pc005-unplaced-f)
Date/Time: Thu Jun 12 14:44:50 2003

**************************************************************************

Processing net UNNAMED_1_100E111_I60_Q1 in design PC005-UNPLACED-F (drawing pc005-unplaced-f)
Date/Time: Thu Jun 12 14:44:50 2003

**************************************************************************

Processing net UNNAMED_1_100E111_I60_IN_1 in design PC005-UNPLACED-F (drawing pc005-unplaced-f)
Date/Time: Thu Jun 12 14:44:50 2003

**************************************************************************

Processing net UNNAMED_1_100E111_I60_IN in design PC005-UNPLACED-F (drawing pc005-unplaced-f)
Date/Time: Thu Jun 12 14:44:50 2003

**************************************************************************

Processing net 2V5 in design PC005-UNPLACED-F (drawing pc005-unplaced-f)
Date/Time: Thu Jun 12 14:44:50 2003

**************************************************************************

Processing net VCC in design PC005-UNPLACED-F (drawing pc005-unplaced-f)
Date/Time: Thu Jun 12 14:44:50 2003

**************************************************************************

Processing net VEE in design PC005-UNPLACED-F (drawing pc005-unplaced-f)
Date/Time: Thu Jun 12 14:44:50 2003
net has NO_RAT flag so won't be scheduled

**************************************************************************

Processing net GND in design PC005-UNPLACED-F (drawing pc005-unplaced-f)
Date/Time: Thu Jun 12 14:44:50 2003

**************************************************************************

Processing net UNNAMED_3_RESISTOR_I99_B in design PC005-UNPLACED-F (drawing pc005-unplaced-f)
Date/Time: Thu Jun 12 14:45:07 2003

**************************************************************************

Processing net UNNAMED_3_RESISTOR_I114_B in design PC005-UNPLACED-F (drawing pc005-unplaced-f)
Date/Time: Thu Jun 12 14:45:07 2003

**************************************************************************

Processing net UNNAMED_3_RESISTOR_I113_B in design PC005-UNPLACED-F (drawing pc005-unplaced-f)
Date/Time: Thu Jun 12 14:45:07 2003

**************************************************************************

Processing net UNNAMED_3_RESISTOR_I112_B in design PC005-UNPLACED-F (drawing pc005-unplaced-f)
Date/Time: Thu Jun 12 14:45:07 2003

**************************************************************************

Processing net UNNAMED_3_RESISTOR_I111_B in design PC005-UNPLACED-F (drawing pc005-unplaced-f)
Date/Time: Thu Jun 12 14:45:07 2003

**************************************************************************

Processing net UNNAMED_3_RESISTOR_I110_B in design PC005-UNPLACED-F (drawing pc005-unplaced-f)
Date/Time: Thu Jun 12 14:45:07 2003

**************************************************************************

Processing net UNNAMED_3_RESISTOR_I109_B in design PC005-UNPLACED-F (drawing pc005-unplaced-f)
Date/Time: Thu Jun 12 14:45:07 2003

**************************************************************************

Processing net UNNAMED_3_RESISTOR_I108_B in design PC005-UNPLACED-F (drawing pc005-unplaced-f)
Date/Time: Thu Jun 12 14:45:07 2003

**************************************************************************

Processing net UNNAMED_3_RESISTOR_I107_B in design PC005-UNPLACED-F (drawing pc005-unplaced-f)
Date/Time: Thu Jun 12 14:45:07 2003

**************************************************************************

Processing net UNNAMED_3_RESISTOR_I106_B in design PC005-UNPLACED-F (drawing pc005-unplaced-f)
Date/Time: Thu Jun 12 14:45:07 2003

**************************************************************************

Processing net UNNAMED_3_RESISTOR_I105_B in design PC005-UNPLACED-F (drawing pc005-unplaced-f)
Date/Time: Thu Jun 12 14:45:07 2003

**************************************************************************

Processing net UNNAMED_3_RESISTOR_I104_B in design PC005-UNPLACED-F (drawing pc005-unplaced-f)
Date/Time: Thu Jun 12 14:45:07 2003

**************************************************************************

Processing net UNNAMED_3_RESISTOR_I103_B in design PC005-UNPLACED-F (drawing pc005-unplaced-f)
Date/Time: Thu Jun 12 14:45:07 2003

**************************************************************************

Processing net UNNAMED_3_RESISTOR_I102_B in design PC005-UNPLACED-F (drawing pc005-unplaced-f)
Date/Time: Thu Jun 12 14:45:07 2003

**************************************************************************

Processing net UNNAMED_3_RESISTOR_I101_B in design PC005-UNPLACED-F (drawing pc005-unplaced-f)
Date/Time: Thu Jun 12 14:45:07 2003

**************************************************************************

Processing net UNNAMED_3_RESISTOR_I100_B in design PC005-UNPLACED-F (drawing pc005-unplaced-f)
Date/Time: Thu Jun 12 14:45:07 2003

**************************************************************************

Processing net UNNAMED_2_100324-DIP_I25_EN in design PC005-UNPLACED-F (drawing pc005-unplaced-f)
Date/Time: Thu Jun 12 14:45:07 2003

**************************************************************************

Processing net UNNAMED_3_RESISTOR_I98_A in design PC005-UNPLACED-F (drawing pc005-unplaced-f)
Date/Time: Thu Jun 12 14:45:07 2003

**************************************************************************

Processing net UNNAMED_3_RESISTOR_I97_A in design PC005-UNPLACED-F (drawing pc005-unplaced-f)
Date/Time: Thu Jun 12 14:45:07 2003

**************************************************************************

Processing net UNNAMED_3_RESISTOR_I96_A in design PC005-UNPLACED-F (drawing pc005-unplaced-f)
Date/Time: Thu Jun 12 14:45:07 2003

**************************************************************************

Processing net UNNAMED_3_RESISTOR_I86_A in design PC005-UNPLACED-F (drawing pc005-unplaced-f)
Date/Time: Thu Jun 12 14:45:07 2003

**************************************************************************

Processing net UNNAMED_3_RESISTOR_I85_B in design PC005-UNPLACED-F (drawing pc005-unplaced-f)
Date/Time: Thu Jun 12 14:45:07 2003

**************************************************************************

Processing net UNNAMED_3_RESISTOR_I84_B in design PC005-UNPLACED-F (drawing pc005-unplaced-f)
Date/Time: Thu Jun 12 14:45:07 2003

**************************************************************************

Processing net UNNAMED_3_RESISTOR_I83_B in design PC005-UNPLACED-F (drawing pc005-unplaced-f)
Date/Time: Thu Jun 12 14:45:08 2003

**************************************************************************

Processing net UNNAMED_3_RESISTOR_I83_A in design PC005-UNPLACED-F (drawing pc005-unplaced-f)
Date/Time: Thu Jun 12 14:45:08 2003

**************************************************************************

Processing net UNNAMED_3_RESISTOR_I82_B in design PC005-UNPLACED-F (drawing pc005-unplaced-f)
Date/Time: Thu Jun 12 14:45:08 2003

**************************************************************************

Processing net UNNAMED_3_RESISTOR_I82_A in design PC005-UNPLACED-F (drawing pc005-unplaced-f)
Date/Time: Thu Jun 12 14:45:08 2003

**************************************************************************

Processing net UNNAMED_3_RESISTOR_I81_B in design PC005-UNPLACED-F (drawing pc005-unplaced-f)
Date/Time: Thu Jun 12 14:45:08 2003

**************************************************************************

Processing net UNNAMED_3_RESISTOR_I81_A in design PC005-UNPLACED-F (drawing pc005-unplaced-f)
Date/Time: Thu Jun 12 14:45:08 2003

**************************************************************************

Processing net UNNAMED_3_RESISTOR_I78_A in design PC005-UNPLACED-F (drawing pc005-unplaced-f)
Date/Time: Thu Jun 12 14:45:08 2003

**************************************************************************

Processing net UNNAMED_3_RESISTOR_I77_A in design PC005-UNPLACED-F (drawing pc005-unplaced-f)
Date/Time: Thu Jun 12 14:45:08 2003

**************************************************************************

Processing net UNNAMED_3_RESISTOR_I76_A in design PC005-UNPLACED-F (drawing pc005-unplaced-f)
Date/Time: Thu Jun 12 14:45:08 2003

**************************************************************************

Processing net UNNAMED_3_FUSE-SMD_I54_A in design PC005-UNPLACED-F (drawing pc005-unplaced-f)
Date/Time: Thu Jun 12 14:45:08 2003

**************************************************************************

Processing net UNNAMED_3_DIODE_I53_K in design PC005-UNPLACED-F (drawing pc005-unplaced-f)
Date/Time: Thu Jun 12 14:45:08 2003

**************************************************************************

Processing net UNNAMED_3_DIODE_I53_A in design PC005-UNPLACED-F (drawing pc005-unplaced-f)
Date/Time: Thu Jun 12 14:45:08 2003

**************************************************************************

Processing net UNNAMED_2_TEN-5-DUALOP_I13_VINP in design PC005-UNPLACED-F (drawing pc005-unplaced-f)
Date/Time: Thu Jun 12 14:45:08 2003

**************************************************************************

Processing net UNNAMED_2_TEN-5-DUALOP_I13_VINN in design PC005-UNPLACED-F (drawing pc005-unplaced-f)
Date/Time: Thu Jun 12 14:45:08 2003

**************************************************************************

Processing net UNNAMED_2_FUSE-SMD_I54_A in design PC005-UNPLACED-F (drawing pc005-unplaced-f)
Date/Time: Thu Jun 12 14:45:08 2003

**************************************************************************

Processing net UNNAMED_2_100ELT23_I12_D1_1 in design PC005-UNPLACED-F (drawing pc005-unplaced-f)
Date/Time: Thu Jun 12 14:45:08 2003

**************************************************************************

Processing net UNNAMED_2_100ELT23_I12_D1 in design PC005-UNPLACED-F (drawing pc005-unplaced-f)
Date/Time: Thu Jun 12 14:45:08 2003

**************************************************************************

Processing net UNNAMED_2_100ELT23_I12_D0_1 in design PC005-UNPLACED-F (drawing pc005-unplaced-f)
Date/Time: Thu Jun 12 14:45:08 2003

**************************************************************************

Processing net UNNAMED_2_100ELT23_I12_D0 in design PC005-UNPLACED-F (drawing pc005-unplaced-f)
Date/Time: Thu Jun 12 14:45:08 2003

**************************************************************************

Processing net UNNAMED_2_100ELT23_I11_D1_1 in design PC005-UNPLACED-F (drawing pc005-unplaced-f)
Date/Time: Thu Jun 12 14:45:08 2003

**************************************************************************

Processing net UNNAMED_2_100ELT23_I11_D1 in design PC005-UNPLACED-F (drawing pc005-unplaced-f)
Date/Time: Thu Jun 12 14:45:08 2003

**************************************************************************

Processing net UNNAMED_2_100ELT23_I11_D0_1 in design PC005-UNPLACED-F (drawing pc005-unplaced-f)
Date/Time: Thu Jun 12 14:45:08 2003

**************************************************************************

Processing net UNNAMED_2_100ELT23_I11_D0 in design PC005-UNPLACED-F (drawing pc005-unplaced-f)
Date/Time: Thu Jun 12 14:45:08 2003

**************************************************************************

Processing net UNNAMED_2_100ELT23_I10_D1_1 in design PC005-UNPLACED-F (drawing pc005-unplaced-f)
Date/Time: Thu Jun 12 14:45:08 2003

**************************************************************************

Processing net UNNAMED_2_100ELT23_I10_D1 in design PC005-UNPLACED-F (drawing pc005-unplaced-f)
Date/Time: Thu Jun 12 14:45:08 2003

**************************************************************************

Processing net UNNAMED_2_100ELT23_I10_D0_1 in design PC005-UNPLACED-F (drawing pc005-unplaced-f)
Date/Time: Thu Jun 12 14:45:08 2003

**************************************************************************

Processing net UNNAMED_2_100ELT23_I10_D0 in design PC005-UNPLACED-F (drawing pc005-unplaced-f)
Date/Time: Thu Jun 12 14:45:08 2003

**************************************************************************

Processing net UNNAMED_2_100324-DIP_I30_OP_1 in design PC005-UNPLACED-F (drawing pc005-unplaced-f)
Date/Time: Thu Jun 12 14:45:08 2003

**************************************************************************

Processing net UNNAMED_2_100324-DIP_I30_OP in design PC005-UNPLACED-F (drawing pc005-unplaced-f)
Date/Time: Thu Jun 12 14:45:08 2003

**************************************************************************

Processing net UNNAMED_2_100324-DIP_I30_D in design PC005-UNPLACED-F (drawing pc005-unplaced-f)
Date/Time: Thu Jun 12 14:45:08 2003

**************************************************************************

Processing net UNNAMED_2_100324-DIP_I29_OP_1 in design PC005-UNPLACED-F (drawing pc005-unplaced-f)
Date/Time: Thu Jun 12 14:45:08 2003

**************************************************************************

Processing net UNNAMED_2_100324-DIP_I29_OP in design PC005-UNPLACED-F (drawing pc005-unplaced-f)
Date/Time: Thu Jun 12 14:45:08 2003

**************************************************************************

Processing net UNNAMED_2_100324-DIP_I29_D in design PC005-UNPLACED-F (drawing pc005-unplaced-f)
Date/Time: Thu Jun 12 14:45:08 2003

**************************************************************************

Processing net UNNAMED_2_100324-DIP_I28_OP_1 in design PC005-UNPLACED-F (drawing pc005-unplaced-f)
Date/Time: Thu Jun 12 14:45:08 2003

**************************************************************************

Processing net UNNAMED_2_100324-DIP_I28_OP in design PC005-UNPLACED-F (drawing pc005-unplaced-f)
Date/Time: Thu Jun 12 14:45:08 2003

**************************************************************************

Processing net UNNAMED_2_100324-DIP_I28_D in design PC005-UNPLACED-F (drawing pc005-unplaced-f)
Date/Time: Thu Jun 12 14:45:08 2003

**************************************************************************

Processing net UNNAMED_2_100324-DIP_I27_OP_1 in design PC005-UNPLACED-F (drawing pc005-unplaced-f)
Date/Time: Thu Jun 12 14:45:08 2003

**************************************************************************

Processing net UNNAMED_2_100324-DIP_I27_OP in design PC005-UNPLACED-F (drawing pc005-unplaced-f)
Date/Time: Thu Jun 12 14:45:08 2003

**************************************************************************

Processing net UNNAMED_2_100324-DIP_I27_D in design PC005-UNPLACED-F (drawing pc005-unplaced-f)
Date/Time: Thu Jun 12 14:45:08 2003

**************************************************************************

Processing net UNNAMED_2_100324-DIP_I26_OP_1 in design PC005-UNPLACED-F (drawing pc005-unplaced-f)
Date/Time: Thu Jun 12 14:45:08 2003

**************************************************************************

Processing net UNNAMED_2_100324-DIP_I26_OP in design PC005-UNPLACED-F (drawing pc005-unplaced-f)
Date/Time: Thu Jun 12 14:45:08 2003

**************************************************************************

Processing net UNNAMED_2_100324-DIP_I26_D in design PC005-UNPLACED-F (drawing pc005-unplaced-f)
Date/Time: Thu Jun 12 14:45:08 2003

**************************************************************************

Processing net UNNAMED_2_100324-DIP_I25_OP_1 in design PC005-UNPLACED-F (drawing pc005-unplaced-f)
Date/Time: Thu Jun 12 14:45:08 2003

**************************************************************************

Processing net UNNAMED_2_100324-DIP_I25_OP in design PC005-UNPLACED-F (drawing pc005-unplaced-f)
Date/Time: Thu Jun 12 14:45:08 2003

**************************************************************************

Processing net UNNAMED_2_100324-DIP_I25_D in design PC005-UNPLACED-F (drawing pc005-unplaced-f)
Date/Time: Thu Jun 12 14:45:08 2003

**************************************************************************

Processing net UNNAMED_1_RESISTOR_I58_B in design PC005-UNPLACED-F (drawing pc005-unplaced-f)
Date/Time: Thu Jun 12 14:45:08 2003

**************************************************************************

Processing net UNNAMED_1_RESISTOR_I57_B in design PC005-UNPLACED-F (drawing pc005-unplaced-f)
Date/Time: Thu Jun 12 14:45:08 2003

**************************************************************************

Processing net UNNAMED_1_QPLL28-CERN_I2_LVDS_2 in design PC005-UNPLACED-F (drawing pc005-unplaced-f)
Date/Time: Thu Jun 12 14:45:08 2003

**************************************************************************

Processing net UNNAMED_1_QPLL28-CERN_I2_LVDS_1 in design PC005-UNPLACED-F (drawing pc005-unplaced-f)
Date/Time: Thu Jun 12 14:45:08 2003

**************************************************************************

Processing net UNNAMED_1_QPLL28-CERN_I2_LVDS80 in design PC005-UNPLACED-F (drawing pc005-unplaced-f)
Date/Time: Thu Jun 12 14:45:08 2003

**************************************************************************

Processing net UNNAMED_1_QPLL28-CERN_I2_LVDS16 in design PC005-UNPLACED-F (drawing pc005-unplaced-f)
Date/Time: Thu Jun 12 14:45:08 2003

**************************************************************************

Processing net UNNAMED_1_QPLL28-CERN_I2_INCMOS in design PC005-UNPLACED-F (drawing pc005-unplaced-f)
Date/Time: Thu Jun 12 14:45:08 2003

**************************************************************************

Processing net UNNAMED_1_LED-SMD_I95_K1 in design PC005-UNPLACED-F (drawing pc005-unplaced-f)
Date/Time: Thu Jun 12 14:45:08 2003

**************************************************************************

Processing net UNNAMED_1_LED-SMD_I94_K1 in design PC005-UNPLACED-F (drawing pc005-unplaced-f)
Date/Time: Thu Jun 12 14:45:08 2003

**************************************************************************

Processing net UNNAMED_1_LED-SMD_I35_K1 in design PC005-UNPLACED-F (drawing pc005-unplaced-f)
Date/Time: Thu Jun 12 14:45:08 2003

**************************************************************************

Processing net UNNAMED_1_LED-SMD_I35_A1 in design PC005-UNPLACED-F (drawing pc005-unplaced-f)
Date/Time: Thu Jun 12 14:45:08 2003

**************************************************************************

Processing net UNNAMED_1_HEADER2X1_I79_B in design PC005-UNPLACED-F (drawing pc005-unplaced-f)
Date/Time: Thu Jun 12 14:45:08 2003

**************************************************************************

Processing net UNNAMED_1_CC1F-T1A_I5_A2 in design PC005-UNPLACED-F (drawing pc005-unplaced-f)
Date/Time: Thu Jun 12 14:45:08 2003

**************************************************************************

Processing net UNNAMED_1_CC1F-T1A_I5_A1 in design PC005-UNPLACED-F (drawing pc005-unplaced-f)
Date/Time: Thu Jun 12 14:45:08 2003

**************************************************************************

Processing net UNNAMED_1_CAPACITOR_I77_B in design PC005-UNPLACED-F (drawing pc005-unplaced-f)
Date/Time: Thu Jun 12 14:45:08 2003

**************************************************************************

Processing net UNNAMED_1_CAPACITOR_I76_A in design PC005-UNPLACED-F (drawing pc005-unplaced-f)
Date/Time: Thu Jun 12 14:45:08 2003

**************************************************************************

Processing net UNNAMED_1_CAPACITOR_I50_B in design PC005-UNPLACED-F (drawing pc005-unplaced-f)
Date/Time: Thu Jun 12 14:45:08 2003

**************************************************************************

Processing net UNNAMED_1_CAPACITOR_I49_A in design PC005-UNPLACED-F (drawing pc005-unplaced-f)
Date/Time: Thu Jun 12 14:45:08 2003

**************************************************************************

Processing net UNNAMED_1_CAPACITOR_I31_B in design PC005-UNPLACED-F (drawing pc005-unplaced-f)
Date/Time: Thu Jun 12 14:45:08 2003

**************************************************************************

Processing net UNNAMED_1_CAPACITOR_I25_A in design PC005-UNPLACED-F (drawing pc005-unplaced-f)
Date/Time: Thu Jun 12 14:45:08 2003

**************************************************************************

Processing net UNNAMED_1_CAPACITOR_I24_B in design PC005-UNPLACED-F (drawing pc005-unplaced-f)
Date/Time: Thu Jun 12 14:45:08 2003

**************************************************************************

Processing net UNNAMED_1_CAPACITOR_I16_A in design PC005-UNPLACED-F (drawing pc005-unplaced-f)
Date/Time: Thu Jun 12 14:45:08 2003

**************************************************************************

Processing net UNNAMED_1_CAPACITOR_I15_A in design PC005-UNPLACED-F (drawing pc005-unplaced-f)
Date/Time: Thu Jun 12 14:45:08 2003

**************************************************************************

Processing net UNNAMED_1_8WAY-SPST_I4_B_6 in design PC005-UNPLACED-F (drawing pc005-unplaced-f)
Date/Time: Thu Jun 12 14:45:08 2003

**************************************************************************

Processing net UNNAMED_1_8WAY-SPST_I4_B_5 in design PC005-UNPLACED-F (drawing pc005-unplaced-f)
Date/Time: Thu Jun 12 14:45:08 2003

**************************************************************************

Processing net UNNAMED_1_8WAY-SPST_I4_B_4 in design PC005-UNPLACED-F (drawing pc005-unplaced-f)
Date/Time: Thu Jun 12 14:45:08 2003

**************************************************************************

Processing net UNNAMED_1_8WAY-SPST_I4_B_3 in design PC005-UNPLACED-F (drawing pc005-unplaced-f)
Date/Time: Thu Jun 12 14:45:08 2003

**************************************************************************

Processing net UNNAMED_1_8WAY-SPST_I4_B_2 in design PC005-UNPLACED-F (drawing pc005-unplaced-f)
Date/Time: Thu Jun 12 14:45:08 2003

**************************************************************************

Processing net UNNAMED_1_8WAY-SPST_I4_B_1 in design PC005-UNPLACED-F (drawing pc005-unplaced-f)
Date/Time: Thu Jun 12 14:45:08 2003

**************************************************************************

Processing net UNNAMED_1_8WAY-SPST_I4_B in design PC005-UNPLACED-F (drawing pc005-unplaced-f)
Date/Time: Thu Jun 12 14:45:08 2003

**************************************************************************

Processing net UNNAMED_1_100EL16_I3_VBB in design PC005-UNPLACED-F (drawing pc005-unplaced-f)
Date/Time: Thu Jun 12 14:45:08 2003

**************************************************************************

Processing net UNNAMED_1_100EL16_I3_QBAR in design PC005-UNPLACED-F (drawing pc005-unplaced-f)
Date/Time: Thu Jun 12 14:45:08 2003

**************************************************************************

Processing net UNNAMED_1_100EL16_I3_Q in design PC005-UNPLACED-F (drawing pc005-unplaced-f)
Date/Time: Thu Jun 12 14:45:08 2003

**************************************************************************

Processing net UNNAMED_1_100EL16_I3_DBAR in design PC005-UNPLACED-F (drawing pc005-unplaced-f)
Date/Time: Thu Jun 12 14:45:08 2003

**************************************************************************

Processing net UNNAMED_1_100EL16_I3_D in design PC005-UNPLACED-F (drawing pc005-unplaced-f)
Date/Time: Thu Jun 12 14:45:08 2003

**************************************************************************

Processing net UNNAMED_1_100E111_I60_VBB in design PC005-UNPLACED-F (drawing pc005-unplaced-f)
Date/Time: Thu Jun 12 14:45:08 2003

**************************************************************************

Processing net UNNAMED_1_100E111_I60_Q1_1 in design PC005-UNPLACED-F (drawing pc005-unplaced-f)
Date/Time: Thu Jun 12 14:45:08 2003

**************************************************************************

Processing net UNNAMED_1_100E111_I60_Q1 in design PC005-UNPLACED-F (drawing pc005-unplaced-f)
Date/Time: Thu Jun 12 14:45:08 2003

**************************************************************************

Processing net UNNAMED_1_100E111_I60_IN_1 in design PC005-UNPLACED-F (drawing pc005-unplaced-f)
Date/Time: Thu Jun 12 14:45:08 2003

**************************************************************************

Processing net UNNAMED_1_100E111_I60_IN in design PC005-UNPLACED-F (drawing pc005-unplaced-f)
Date/Time: Thu Jun 12 14:45:08 2003

**************************************************************************

Processing net 2V5 in design PC005-UNPLACED-F (drawing pc005-unplaced-f)
Date/Time: Thu Jun 12 14:45:08 2003

**************************************************************************

Processing net VCC in design PC005-UNPLACED-F (drawing pc005-unplaced-f)
Date/Time: Thu Jun 12 14:45:08 2003

**************************************************************************

Processing net VEE in design PC005-UNPLACED-F (drawing pc005-unplaced-f)
Date/Time: Thu Jun 12 14:45:08 2003
net has NO_RAT flag so won't be scheduled

**************************************************************************

Processing net GND in design PC005-UNPLACED-F (drawing pc005-unplaced-f)
Date/Time: Thu Jun 12 14:45:08 2003

**************************************************************************

Processing net UNNAMED_3_RESISTOR_I99_B in design PC005-UNPLACED-G (drawing pc005-unplaced-g)
Date/Time: Tue Jun 17 17:00:04 2003

**************************************************************************

Processing net UNNAMED_3_RESISTOR_I114_B in design PC005-UNPLACED-G (drawing pc005-unplaced-g)
Date/Time: Tue Jun 17 17:00:04 2003

**************************************************************************

Processing net UNNAMED_3_RESISTOR_I113_B in design PC005-UNPLACED-G (drawing pc005-unplaced-g)
Date/Time: Tue Jun 17 17:00:04 2003

**************************************************************************

Processing net UNNAMED_3_RESISTOR_I112_B in design PC005-UNPLACED-G (drawing pc005-unplaced-g)
Date/Time: Tue Jun 17 17:00:04 2003

**************************************************************************

Processing net UNNAMED_3_RESISTOR_I111_B in design PC005-UNPLACED-G (drawing pc005-unplaced-g)
Date/Time: Tue Jun 17 17:00:04 2003

**************************************************************************

Processing net UNNAMED_3_RESISTOR_I110_B in design PC005-UNPLACED-G (drawing pc005-unplaced-g)
Date/Time: Tue Jun 17 17:00:04 2003

**************************************************************************

Processing net UNNAMED_3_RESISTOR_I109_B in design PC005-UNPLACED-G (drawing pc005-unplaced-g)
Date/Time: Tue Jun 17 17:00:04 2003

**************************************************************************

Processing net UNNAMED_3_RESISTOR_I108_B in design PC005-UNPLACED-G (drawing pc005-unplaced-g)
Date/Time: Tue Jun 17 17:00:04 2003

**************************************************************************

Processing net UNNAMED_3_RESISTOR_I107_B in design PC005-UNPLACED-G (drawing pc005-unplaced-g)
Date/Time: Tue Jun 17 17:00:04 2003

**************************************************************************

Processing net UNNAMED_3_RESISTOR_I106_B in design PC005-UNPLACED-G (drawing pc005-unplaced-g)
Date/Time: Tue Jun 17 17:00:04 2003

**************************************************************************

Processing net UNNAMED_3_RESISTOR_I105_B in design PC005-UNPLACED-G (drawing pc005-unplaced-g)
Date/Time: Tue Jun 17 17:00:04 2003

**************************************************************************

Processing net UNNAMED_3_RESISTOR_I104_B in design PC005-UNPLACED-G (drawing pc005-unplaced-g)
Date/Time: Tue Jun 17 17:00:04 2003

**************************************************************************

Processing net UNNAMED_3_RESISTOR_I103_B in design PC005-UNPLACED-G (drawing pc005-unplaced-g)
Date/Time: Tue Jun 17 17:00:04 2003

**************************************************************************

Processing net UNNAMED_3_RESISTOR_I102_B in design PC005-UNPLACED-G (drawing pc005-unplaced-g)
Date/Time: Tue Jun 17 17:00:04 2003

**************************************************************************

Processing net UNNAMED_3_RESISTOR_I101_B in design PC005-UNPLACED-G (drawing pc005-unplaced-g)
Date/Time: Tue Jun 17 17:00:04 2003

**************************************************************************

Processing net UNNAMED_3_RESISTOR_I100_B in design PC005-UNPLACED-G (drawing pc005-unplaced-g)
Date/Time: Tue Jun 17 17:00:04 2003

**************************************************************************

Processing net UNNAMED_2_100324-DIP_I25_EN in design PC005-UNPLACED-G (drawing pc005-unplaced-g)
Date/Time: Tue Jun 17 17:00:04 2003

**************************************************************************

Processing net UNNAMED_3_RESISTOR_I98_A in design PC005-UNPLACED-G (drawing pc005-unplaced-g)
Date/Time: Tue Jun 17 17:00:04 2003

**************************************************************************

Processing net UNNAMED_3_RESISTOR_I97_A in design PC005-UNPLACED-G (drawing pc005-unplaced-g)
Date/Time: Tue Jun 17 17:00:04 2003

**************************************************************************

Processing net UNNAMED_3_RESISTOR_I96_A in design PC005-UNPLACED-G (drawing pc005-unplaced-g)
Date/Time: Tue Jun 17 17:00:04 2003

**************************************************************************

Processing net UNNAMED_3_RESISTOR_I86_A in design PC005-UNPLACED-G (drawing pc005-unplaced-g)
Date/Time: Tue Jun 17 17:00:04 2003

**************************************************************************

Processing net UNNAMED_3_RESISTOR_I85_B in design PC005-UNPLACED-G (drawing pc005-unplaced-g)
Date/Time: Tue Jun 17 17:00:04 2003

**************************************************************************

Processing net UNNAMED_3_RESISTOR_I84_B in design PC005-UNPLACED-G (drawing pc005-unplaced-g)
Date/Time: Tue Jun 17 17:00:04 2003

**************************************************************************

Processing net UNNAMED_3_RESISTOR_I83_B in design PC005-UNPLACED-G (drawing pc005-unplaced-g)
Date/Time: Tue Jun 17 17:00:04 2003

**************************************************************************

Processing net UNNAMED_3_RESISTOR_I83_A in design PC005-UNPLACED-G (drawing pc005-unplaced-g)
Date/Time: Tue Jun 17 17:00:04 2003

**************************************************************************

Processing net UNNAMED_3_RESISTOR_I82_B in design PC005-UNPLACED-G (drawing pc005-unplaced-g)
Date/Time: Tue Jun 17 17:00:04 2003

**************************************************************************

Processing net UNNAMED_3_RESISTOR_I82_A in design PC005-UNPLACED-G (drawing pc005-unplaced-g)
Date/Time: Tue Jun 17 17:00:04 2003

**************************************************************************

Processing net UNNAMED_3_RESISTOR_I81_B in design PC005-UNPLACED-G (drawing pc005-unplaced-g)
Date/Time: Tue Jun 17 17:00:04 2003

**************************************************************************

Processing net UNNAMED_3_RESISTOR_I81_A in design PC005-UNPLACED-G (drawing pc005-unplaced-g)
Date/Time: Tue Jun 17 17:00:04 2003

**************************************************************************

Processing net UNNAMED_3_RESISTOR_I78_A in design PC005-UNPLACED-G (drawing pc005-unplaced-g)
Date/Time: Tue Jun 17 17:00:04 2003

**************************************************************************

Processing net UNNAMED_3_RESISTOR_I77_A in design PC005-UNPLACED-G (drawing pc005-unplaced-g)
Date/Time: Tue Jun 17 17:00:04 2003

**************************************************************************

Processing net UNNAMED_3_RESISTOR_I76_A in design PC005-UNPLACED-G (drawing pc005-unplaced-g)
Date/Time: Tue Jun 17 17:00:04 2003

**************************************************************************

Processing net UNNAMED_3_FUSE-SMD_I54_A in design PC005-UNPLACED-G (drawing pc005-unplaced-g)
Date/Time: Tue Jun 17 17:00:04 2003

**************************************************************************

Processing net UNNAMED_3_DIODE_I53_K in design PC005-UNPLACED-G (drawing pc005-unplaced-g)
Date/Time: Tue Jun 17 17:00:04 2003

**************************************************************************

Processing net UNNAMED_3_DIODE_I53_A in design PC005-UNPLACED-G (drawing pc005-unplaced-g)
Date/Time: Tue Jun 17 17:00:04 2003

**************************************************************************

Processing net UNNAMED_2_TEN-5-DUALOP_I13_VINP in design PC005-UNPLACED-G (drawing pc005-unplaced-g)
Date/Time: Tue Jun 17 17:00:04 2003

**************************************************************************

Processing net UNNAMED_2_TEN-5-DUALOP_I13_VINN in design PC005-UNPLACED-G (drawing pc005-unplaced-g)
Date/Time: Tue Jun 17 17:00:04 2003

**************************************************************************

Processing net UNNAMED_2_FUSE-SMD_I54_A in design PC005-UNPLACED-G (drawing pc005-unplaced-g)
Date/Time: Tue Jun 17 17:00:04 2003

**************************************************************************

Processing net UNNAMED_2_100ELT23_I12_D1_1 in design PC005-UNPLACED-G (drawing pc005-unplaced-g)
Date/Time: Tue Jun 17 17:00:04 2003

**************************************************************************

Processing net UNNAMED_2_100ELT23_I12_D1 in design PC005-UNPLACED-G (drawing pc005-unplaced-g)
Date/Time: Tue Jun 17 17:00:04 2003

**************************************************************************

Processing net UNNAMED_2_100ELT23_I12_D0_1 in design PC005-UNPLACED-G (drawing pc005-unplaced-g)
Date/Time: Tue Jun 17 17:00:04 2003

**************************************************************************

Processing net UNNAMED_2_100ELT23_I12_D0 in design PC005-UNPLACED-G (drawing pc005-unplaced-g)
Date/Time: Tue Jun 17 17:00:04 2003

**************************************************************************

Processing net UNNAMED_2_100ELT23_I11_D1_1 in design PC005-UNPLACED-G (drawing pc005-unplaced-g)
Date/Time: Tue Jun 17 17:00:04 2003

**************************************************************************

Processing net UNNAMED_2_100ELT23_I11_D1 in design PC005-UNPLACED-G (drawing pc005-unplaced-g)
Date/Time: Tue Jun 17 17:00:04 2003

**************************************************************************

Processing net UNNAMED_2_100ELT23_I11_D0_1 in design PC005-UNPLACED-G (drawing pc005-unplaced-g)
Date/Time: Tue Jun 17 17:00:04 2003

**************************************************************************

Processing net UNNAMED_2_100ELT23_I11_D0 in design PC005-UNPLACED-G (drawing pc005-unplaced-g)
Date/Time: Tue Jun 17 17:00:04 2003

**************************************************************************

Processing net UNNAMED_2_100ELT23_I10_D1_1 in design PC005-UNPLACED-G (drawing pc005-unplaced-g)
Date/Time: Tue Jun 17 17:00:04 2003

**************************************************************************

Processing net UNNAMED_2_100ELT23_I10_D1 in design PC005-UNPLACED-G (drawing pc005-unplaced-g)
Date/Time: Tue Jun 17 17:00:04 2003

**************************************************************************

Processing net UNNAMED_2_100ELT23_I10_D0_1 in design PC005-UNPLACED-G (drawing pc005-unplaced-g)
Date/Time: Tue Jun 17 17:00:04 2003

**************************************************************************

Processing net UNNAMED_2_100ELT23_I10_D0 in design PC005-UNPLACED-G (drawing pc005-unplaced-g)
Date/Time: Tue Jun 17 17:00:04 2003

**************************************************************************

Processing net UNNAMED_2_100324-DIP_I30_OP_1 in design PC005-UNPLACED-G (drawing pc005-unplaced-g)
Date/Time: Tue Jun 17 17:00:04 2003

**************************************************************************

Processing net UNNAMED_2_100324-DIP_I30_OP in design PC005-UNPLACED-G (drawing pc005-unplaced-g)
Date/Time: Tue Jun 17 17:00:04 2003

**************************************************************************

Processing net UNNAMED_2_100324-DIP_I30_D in design PC005-UNPLACED-G (drawing pc005-unplaced-g)
Date/Time: Tue Jun 17 17:00:04 2003

**************************************************************************

Processing net UNNAMED_2_100324-DIP_I29_OP_1 in design PC005-UNPLACED-G (drawing pc005-unplaced-g)
Date/Time: Tue Jun 17 17:00:04 2003

**************************************************************************

Processing net UNNAMED_2_100324-DIP_I29_OP in design PC005-UNPLACED-G (drawing pc005-unplaced-g)
Date/Time: Tue Jun 17 17:00:04 2003

**************************************************************************

Processing net UNNAMED_2_100324-DIP_I29_D in design PC005-UNPLACED-G (drawing pc005-unplaced-g)
Date/Time: Tue Jun 17 17:00:04 2003

**************************************************************************

Processing net UNNAMED_2_100324-DIP_I28_OP_1 in design PC005-UNPLACED-G (drawing pc005-unplaced-g)
Date/Time: Tue Jun 17 17:00:04 2003

**************************************************************************

Processing net UNNAMED_2_100324-DIP_I28_OP in design PC005-UNPLACED-G (drawing pc005-unplaced-g)
Date/Time: Tue Jun 17 17:00:04 2003

**************************************************************************

Processing net UNNAMED_2_100324-DIP_I28_D in design PC005-UNPLACED-G (drawing pc005-unplaced-g)
Date/Time: Tue Jun 17 17:00:04 2003

**************************************************************************

Processing net UNNAMED_2_100324-DIP_I27_OP_1 in design PC005-UNPLACED-G (drawing pc005-unplaced-g)
Date/Time: Tue Jun 17 17:00:04 2003

**************************************************************************

Processing net UNNAMED_2_100324-DIP_I27_OP in design PC005-UNPLACED-G (drawing pc005-unplaced-g)
Date/Time: Tue Jun 17 17:00:04 2003

**************************************************************************

Processing net UNNAMED_2_100324-DIP_I27_D in design PC005-UNPLACED-G (drawing pc005-unplaced-g)
Date/Time: Tue Jun 17 17:00:04 2003

**************************************************************************

Processing net UNNAMED_2_100324-DIP_I26_OP_1 in design PC005-UNPLACED-G (drawing pc005-unplaced-g)
Date/Time: Tue Jun 17 17:00:04 2003

**************************************************************************

Processing net UNNAMED_2_100324-DIP_I26_OP in design PC005-UNPLACED-G (drawing pc005-unplaced-g)
Date/Time: Tue Jun 17 17:00:04 2003

**************************************************************************

Processing net UNNAMED_2_100324-DIP_I26_D in design PC005-UNPLACED-G (drawing pc005-unplaced-g)
Date/Time: Tue Jun 17 17:00:04 2003

**************************************************************************

Processing net UNNAMED_2_100324-DIP_I25_OP_1 in design PC005-UNPLACED-G (drawing pc005-unplaced-g)
Date/Time: Tue Jun 17 17:00:04 2003

**************************************************************************

Processing net UNNAMED_2_100324-DIP_I25_OP in design PC005-UNPLACED-G (drawing pc005-unplaced-g)
Date/Time: Tue Jun 17 17:00:04 2003

**************************************************************************

Processing net UNNAMED_2_100324-DIP_I25_D in design PC005-UNPLACED-G (drawing pc005-unplaced-g)
Date/Time: Tue Jun 17 17:00:04 2003

**************************************************************************

Processing net UNNAMED_1_RESISTOR_I58_B in design PC005-UNPLACED-G (drawing pc005-unplaced-g)
Date/Time: Tue Jun 17 17:00:04 2003

**************************************************************************

Processing net UNNAMED_1_RESISTOR_I57_B in design PC005-UNPLACED-G (drawing pc005-unplaced-g)
Date/Time: Tue Jun 17 17:00:04 2003

**************************************************************************

Processing net UNNAMED_1_QPLL28-CERN_I2_LVDS_2 in design PC005-UNPLACED-G (drawing pc005-unplaced-g)
Date/Time: Tue Jun 17 17:00:04 2003

**************************************************************************

Processing net UNNAMED_1_QPLL28-CERN_I2_LVDS_1 in design PC005-UNPLACED-G (drawing pc005-unplaced-g)
Date/Time: Tue Jun 17 17:00:04 2003

**************************************************************************

Processing net UNNAMED_1_QPLL28-CERN_I2_LVDS80 in design PC005-UNPLACED-G (drawing pc005-unplaced-g)
Date/Time: Tue Jun 17 17:00:04 2003

**************************************************************************

Processing net UNNAMED_1_QPLL28-CERN_I2_LVDS16 in design PC005-UNPLACED-G (drawing pc005-unplaced-g)
Date/Time: Tue Jun 17 17:00:04 2003

**************************************************************************

Processing net UNNAMED_1_QPLL28-CERN_I2_INCMOS in design PC005-UNPLACED-G (drawing pc005-unplaced-g)
Date/Time: Tue Jun 17 17:00:04 2003

**************************************************************************

Processing net UNNAMED_1_LED-SMD_I95_K1 in design PC005-UNPLACED-G (drawing pc005-unplaced-g)
Date/Time: Tue Jun 17 17:00:04 2003

**************************************************************************

Processing net UNNAMED_1_LED-SMD_I94_K1 in design PC005-UNPLACED-G (drawing pc005-unplaced-g)
Date/Time: Tue Jun 17 17:00:04 2003

**************************************************************************

Processing net UNNAMED_1_LED-SMD_I35_K1 in design PC005-UNPLACED-G (drawing pc005-unplaced-g)
Date/Time: Tue Jun 17 17:00:04 2003

**************************************************************************

Processing net UNNAMED_1_LED-SMD_I35_A1 in design PC005-UNPLACED-G (drawing pc005-unplaced-g)
Date/Time: Tue Jun 17 17:00:04 2003

**************************************************************************

Processing net UNNAMED_1_HEADER2X1_I79_B in design PC005-UNPLACED-G (drawing pc005-unplaced-g)
Date/Time: Tue Jun 17 17:00:04 2003

**************************************************************************

Processing net UNNAMED_1_CC1F-T1A_I5_A2 in design PC005-UNPLACED-G (drawing pc005-unplaced-g)
Date/Time: Tue Jun 17 17:00:04 2003

**************************************************************************

Processing net UNNAMED_1_CC1F-T1A_I5_A1 in design PC005-UNPLACED-G (drawing pc005-unplaced-g)
Date/Time: Tue Jun 17 17:00:04 2003

**************************************************************************

Processing net UNNAMED_1_CAPACITOR_I77_B in design PC005-UNPLACED-G (drawing pc005-unplaced-g)
Date/Time: Tue Jun 17 17:00:04 2003

**************************************************************************

Processing net UNNAMED_1_CAPACITOR_I76_A in design PC005-UNPLACED-G (drawing pc005-unplaced-g)
Date/Time: Tue Jun 17 17:00:04 2003

**************************************************************************

Processing net UNNAMED_1_CAPACITOR_I50_B in design PC005-UNPLACED-G (drawing pc005-unplaced-g)
Date/Time: Tue Jun 17 17:00:04 2003

**************************************************************************

Processing net UNNAMED_1_CAPACITOR_I49_A in design PC005-UNPLACED-G (drawing pc005-unplaced-g)
Date/Time: Tue Jun 17 17:00:04 2003

**************************************************************************

Processing net UNNAMED_1_CAPACITOR_I31_B in design PC005-UNPLACED-G (drawing pc005-unplaced-g)
Date/Time: Tue Jun 17 17:00:04 2003

**************************************************************************

Processing net UNNAMED_1_CAPACITOR_I25_A in design PC005-UNPLACED-G (drawing pc005-unplaced-g)
Date/Time: Tue Jun 17 17:00:04 2003

**************************************************************************

Processing net UNNAMED_1_CAPACITOR_I24_B in design PC005-UNPLACED-G (drawing pc005-unplaced-g)
Date/Time: Tue Jun 17 17:00:04 2003

**************************************************************************

Processing net UNNAMED_1_CAPACITOR_I16_A in design PC005-UNPLACED-G (drawing pc005-unplaced-g)
Date/Time: Tue Jun 17 17:00:04 2003

**************************************************************************

Processing net UNNAMED_1_CAPACITOR_I15_A in design PC005-UNPLACED-G (drawing pc005-unplaced-g)
Date/Time: Tue Jun 17 17:00:04 2003

**************************************************************************

Processing net UNNAMED_1_8WAY-SPST_I4_B_6 in design PC005-UNPLACED-G (drawing pc005-unplaced-g)
Date/Time: Tue Jun 17 17:00:04 2003

**************************************************************************

Processing net UNNAMED_1_8WAY-SPST_I4_B_5 in design PC005-UNPLACED-G (drawing pc005-unplaced-g)
Date/Time: Tue Jun 17 17:00:04 2003

**************************************************************************

Processing net UNNAMED_1_8WAY-SPST_I4_B_4 in design PC005-UNPLACED-G (drawing pc005-unplaced-g)
Date/Time: Tue Jun 17 17:00:04 2003

**************************************************************************

Processing net UNNAMED_1_8WAY-SPST_I4_B_3 in design PC005-UNPLACED-G (drawing pc005-unplaced-g)
Date/Time: Tue Jun 17 17:00:04 2003

**************************************************************************

Processing net UNNAMED_1_8WAY-SPST_I4_B_2 in design PC005-UNPLACED-G (drawing pc005-unplaced-g)
Date/Time: Tue Jun 17 17:00:04 2003

**************************************************************************

Processing net UNNAMED_1_8WAY-SPST_I4_B_1 in design PC005-UNPLACED-G (drawing pc005-unplaced-g)
Date/Time: Tue Jun 17 17:00:04 2003

**************************************************************************

Processing net UNNAMED_1_8WAY-SPST_I4_B in design PC005-UNPLACED-G (drawing pc005-unplaced-g)
Date/Time: Tue Jun 17 17:00:04 2003

**************************************************************************

Processing net UNNAMED_1_100EL16_I3_VBB in design PC005-UNPLACED-G (drawing pc005-unplaced-g)
Date/Time: Tue Jun 17 17:00:04 2003

**************************************************************************

Processing net UNNAMED_1_100EL16_I3_QBAR in design PC005-UNPLACED-G (drawing pc005-unplaced-g)
Date/Time: Tue Jun 17 17:00:04 2003

**************************************************************************

Processing net UNNAMED_1_100EL16_I3_Q in design PC005-UNPLACED-G (drawing pc005-unplaced-g)
Date/Time: Tue Jun 17 17:00:04 2003

**************************************************************************

Processing net UNNAMED_1_100EL16_I3_DBAR in design PC005-UNPLACED-G (drawing pc005-unplaced-g)
Date/Time: Tue Jun 17 17:00:04 2003

**************************************************************************

Processing net UNNAMED_1_100EL16_I3_D in design PC005-UNPLACED-G (drawing pc005-unplaced-g)
Date/Time: Tue Jun 17 17:00:04 2003

**************************************************************************

Processing net UNNAMED_1_100E111_I60_VBB in design PC005-UNPLACED-G (drawing pc005-unplaced-g)
Date/Time: Tue Jun 17 17:00:04 2003

**************************************************************************

Processing net UNNAMED_1_100E111_I60_Q1_1 in design PC005-UNPLACED-G (drawing pc005-unplaced-g)
Date/Time: Tue Jun 17 17:00:04 2003

**************************************************************************

Processing net UNNAMED_1_100E111_I60_Q1 in design PC005-UNPLACED-G (drawing pc005-unplaced-g)
Date/Time: Tue Jun 17 17:00:04 2003

**************************************************************************

Processing net UNNAMED_1_100E111_I60_IN_1 in design PC005-UNPLACED-G (drawing pc005-unplaced-g)
Date/Time: Tue Jun 17 17:00:04 2003

**************************************************************************

Processing net UNNAMED_1_100E111_I60_IN in design PC005-UNPLACED-G (drawing pc005-unplaced-g)
Date/Time: Tue Jun 17 17:00:04 2003

**************************************************************************

Processing net 2V5 in design PC005-UNPLACED-G (drawing pc005-unplaced-g)
Date/Time: Tue Jun 17 17:00:04 2003

**************************************************************************

Processing net VCC in design PC005-UNPLACED-G (drawing pc005-unplaced-g)
Date/Time: Tue Jun 17 17:00:04 2003

**************************************************************************

Processing net VEE in design PC005-UNPLACED-G (drawing pc005-unplaced-g)
Date/Time: Tue Jun 17 17:00:04 2003
net has NO_RAT flag so won't be scheduled

**************************************************************************

Processing net GND in design PC005-UNPLACED-G (drawing pc005-unplaced-g)
Date/Time: Tue Jun 17 17:00:04 2003
